BLOSUM: (C) Copyright 1992, Fred Hutchinson Cancer Research Center
Reading /data/blocks_5.0/blocks.dat
Minimum block strength=0, Maximum block strength=9999
Re-clustering percentage = 90

2106 blocks processed, 2022 blocks contributed pairs to matrix
5196613.201245 total pairs,  27102 total sequences, 75307 total columns, 927076 total AAs

Frequencies = fij pairs (off-diagonals = 2*fij):
    A      R      N      D      C      Q      E      G      H      I      L      K      M      F      P      S      T      W      Y      V  
150397.61 
 19708.85 118961.72 
 14858.72  15117.22  92258.87 
 16754.44  11556.08  35464.03 150213.23 
 14943.43   3122.49   3664.90   2931.42  98548.18 
 16128.99  21617.72  13090.41  12961.09   2500.86  58505.93 
 27765.66  20649.10  17865.75  49989.96   2496.29  35263.25 125147.70 
 51110.71  13318.39  22802.21  21604.84   5320.46  10533.61  15770.59 270772.53 
  8671.01  11078.97  11711.42   7646.35   1482.33  10838.17  11026.61   6871.62  59764.87 
 23702.97   9119.78   6524.01   6377.36  10587.84   6459.85   8995.99   8239.73   3968.73 127555.94 
 32635.17  16175.38   9370.83   9327.53  12684.84  12680.34  13192.59  14638.52   7257.31 105883.29 245876.02 
 26728.41  58956.69  20528.29  18640.60   3542.16  27659.09  32976.37  18803.22   9392.48  10409.19  17141.64 109700.54 
 10101.22   5778.76   3579.17   2963.69   3206.93   7235.20   5059.00   4771.03   2567.04  24793.72  51083.71   6822.56  35090.52 
 12167.85   6237.42   4749.22   5166.16   5618.76   4557.12   5466.07   7549.70   6147.33  24694.47  49252.85   7068.62   9569.18 118274.55 
 20758.10   8092.19   5842.05   8694.00   2737.71   6565.30  11727.34   9520.92   3995.65   6921.51  10605.47  11883.08   3099.45   3970.62 124949.27 
 63642.74  18630.90  27454.31  22763.93   9362.40  15950.83  25316.23  33518.91   8931.14  13256.49  19844.19  23588.51   6469.87   9361.22  13858.05 105087.43 
 36366.52  13862.48  18807.83  15351.30   8705.44  12090.53  18147.30  17020.11   6298.15  21978.02  26385.36  19479.46   8885.93   9741.91   9963.11  50740.19 100421.04 
  3287.20   1956.25   1180.79    999.35   1185.08   1883.15   1786.25   2962.65   1528.34   3002.09   5775.28   1491.62   1920.70   7297.71   1077.48   2137.36   1871.63  52385.79 
  9954.78   6606.77   5525.75   4286.03   3208.96   4998.13   5587.70   5547.69  14999.01  11719.06  18283.08   6846.87   4343.33  47775.27   3052.43   8860.44   8040.64  10106.08  89899.62 
 43973.28  11888.85   8184.10   8520.68  13293.12   8942.17  14069.79  12241.03   4749.39 124832.95  83893.48  13385.66  21192.21  20504.56   9536.27  19936.45  31679.90   3518.04  11016.07 149127.22 
   A     R     N     D     C     Q     E     G     H     I     L     K     M     F     P     S     T     W     Y     V  

Target Probabilities=qij in blosum90.qij
sumqij = 1.000000

Marginal Probabilities by AA = p(i,*):
   A     R     N     D     C     Q     E     G     H     I     L     K     M     F     P     S     T     W     Y     V  
0.073 0.049 0.041 0.054 0.030 0.034 0.055 0.079 0.025 0.066 0.097 0.053 0.024 0.047 0.039 0.058 0.052 0.015 0.036 0.073 
sumpi=1.000
AA Frequencies = ai:
   72060    47671    38063    48555    22533    31697    54594    77275    22870    57132    84849    51457    22248    40562    39717    54328    50667    12772    31580    66446 
AA Probabilities = fi:
   A     R     N     D     C     Q     E     G     H     I     L     K     M     F     P     S     T     W     Y     V  
0.078 0.051 0.041 0.052 0.024 0.034 0.059 0.083 0.025 0.062 0.092 0.056 0.024 0.044 0.043 0.059 0.055 0.014 0.034 0.072 
sumpi=1.000

totpairs=5196613.201, FTotPairs=5196613.201
 totdiag=2382938.560, totoffd=2813674.641 totaas=927076, TotAas=927076

Entropy=1.1806 bits, expected=-0.8887 bits

Scoring matrix in bit units=sij in blosum90.sij

Integer scoring matrix in 1/2 bit units in blosum90.iij

Maximum=11, minimum=-6, sum=-306

Positive matrix (+6):
 A   R   N   D   C   Q   E   G   H   I   L   K   M   F   P   S   T   W   Y   V  
 11 
  4  12 
  4   5  13 
  3   3   7  13 
  5   1   2   1  15 
  5   7   6   5   2  13 
  5   5   5   7   0   8  12 
  6   3   5   4   2   3   3  12 
  4   6   6   4   1   7   5   3  14 
  4   2   2   1   4   2   2   1   2  11 
  4   3   2   1   4   3   2   1   2   7  11 
  5   8   6   5   2   7   6   4   5   2   3  12 
  4   4   3   2   4   6   3   2   3   7   8   4  13 
  3   2   2   1   3   2   1   1   4   5   6   2   5  13 
  5   3   3   3   2   4   4   3   3   2   2   4   3   2  14 
  7   5   6   5   4   5   5   5   4   3   3   5   4   3   4  11 
  6   4   6   4   4   5   5   3   4   5   4   5   5   3   4   7  12 
  2   2   1   0   2   3   1   2   3   2   3   1   4   6   1   2   2  17 
  3   3   3   2   2   3   2   1   7   4   4   3   4   9   2   3   4   8  14 
  5   3   2   1   4   3   3   1   2   9   6   3   6   4   3   4   5   3   3  11 
 A   R   N   D   C   Q   E   G   H   I   L   K   M   F   P   S   T   W   Y   V  

10 times log base 10 matrix:
 A   R   N   D   C   Q   E   G   H   I   L   K   M   F   P   S   T   W   Y   V  
  7 
 -3  10 
 -3  -1  10 
 -4  -4   2  10 
 -2  -7  -5  -8  13 
 -2   1   0  -2  -6  10 
 -2  -1  -1   2  -8   3   9 
 -1  -5  -2  -3  -7  -4  -5   9 
 -3  -1   0  -3  -7   1  -1  -5  13 
 -3  -6  -6  -8  -3  -6  -6  -8  -6   8 
 -4  -5  -6  -8  -4  -4  -6  -7  -5   2   7 
 -2   3   0  -2  -7   2   0  -4  -2  -5  -5   9 
 -3  -3  -5  -7  -4  -1  -4  -6  -4   2   3  -3  11 
 -5  -6  -6  -7  -4  -6  -7  -7  -3  -1   0  -6  -1  10 
 -1  -4  -5  -4  -6  -3  -3  -5  -4  -6  -6  -3  -5  -7  12 
  2  -2   0  -2  -3  -1  -1  -2  -2  -5  -5  -1  -4  -5  -2   8 
  0  -3  -1  -3  -3  -2  -2  -4  -3  -2  -3  -2  -2  -4  -3   2   9 
 -5  -6  -7  -9  -6  -5  -7  -6  -4  -5  -4  -8  -3   0  -8  -6  -6  16 
 -4  -4  -4  -7  -5  -4  -6  -7   2  -3  -3  -5  -3   4  -7  -4  -4   2  11 
 -1  -5  -6  -7  -2  -5  -5  -7  -6   4   1  -5   1  -2  -5  -3  -1  -5  -4   7 
 A   R   N   D   C   Q   E   G   H   I   L   K   M   F   P   S   T   W   Y   V  
