BLOSUM: (C) Copyright 1992, Fred Hutchinson Cancer Research Center
Reading /data/blocks_5.0/blocks.dat
Minimum block strength=0, Maximum block strength=9999
Re-clustering percentage = 80

2106 blocks processed, 1941 blocks contributed pairs to matrix
2907119.799372 total pairs,  27102 total sequences, 75307 total columns, 927076 total AAs

Frequencies = fij pairs (off-diagonals = 2*fij):
    A      R      N      D      C      Q      E      G      H      I      L      K      M      F      P      S      T      W      Y      V  
 73232.68 
 11826.20  60926.31 
  9264.67   9743.79  48174.18 
 10214.39   7493.49  21244.22  76144.18 
  8920.52   1966.75   2167.28   1924.90  50125.36 
  9884.59  13746.87   8057.06   8005.24   1665.57  27428.03 
 16203.56  13304.15  11063.69  27824.11   1644.40  20340.27  60526.70 
 30996.96   8483.53  14586.33  12926.28   3500.16   6366.33   9713.13 134714.97 
  5522.92   6896.12   7144.03   4710.94    943.93   6539.12   7266.59   4386.84  30180.61 
 15414.38   5894.24   4329.14   4483.21   6550.32   4059.84   5630.54   5523.34   2560.38  63844.50 
 21211.74  10585.71   6212.83   6118.97   8227.46   7919.67   8698.63   9341.50   4622.81  64716.58 128519.53 
 16731.08  35211.48  12854.98  11565.20   2217.20  16330.85  20769.57  11809.01   5993.18   6705.40  11314.99  55212.92 
  6457.64   3624.45   2331.75   1920.19   2048.20   4237.53   3322.80   3116.99   1560.68  14437.11  30023.14   4161.27  15427.67 
  7895.63   3967.03   3211.42   3443.71   3120.40   2627.01   3720.44   5224.93   3981.14  15464.57  30375.74   4243.08   5980.40  61195.11 
 12446.86   4991.77   3801.25   5391.10   1726.04   4020.65   7048.14   5916.77   2370.06   4265.33   6702.77   7264.76   1965.53   2482.41  64340.80 
 37103.31  11653.41  16676.27  13815.54   5533.35   9615.26  15343.40  20013.60   5594.86   8472.16  12205.00  14956.90   4054.41   5786.70   8288.56  48631.25 
 20743.45   8793.57  11380.31   9549.29   5061.66   7101.39  10901.34  11000.68   3997.41  13714.67  16269.38  11750.41   5399.73   6112.94   6241.70  27738.43  45336.53 
  1892.88   1249.82    801.68    654.12    734.82   1155.82   1106.82   1707.86    835.60   1941.82   3679.12   1114.49   1154.44   4323.48    573.18   1305.73   1204.01  25361.40 
  6421.42   4267.97   3350.08   2664.50   1800.68   3147.64   3679.83   3565.75   9369.78   7340.09  11706.69   4535.48   2723.54  26538.32   1994.28   5358.39   4819.36   5977.77  43053.56 
 26770.83   7589.84   5435.34   5585.03   7792.50   5882.41   8576.62   8188.97   3125.49  71347.25  51696.71   8632.84  12733.51  13009.33   6021.47  12026.19  19019.99   2110.06   7255.95  71392.99 
   A     R     N     D     C     Q     E     G     H     I     L     K     M     F     P     S     T     W     Y     V  

Target Probabilities=qij in blosum80.qij
sumqij = 1.000000

Marginal Probabilities by AA = p(i,*):
   A     R     N     D     C     Q     E     G     H     I     L     K     M     F     P     S     T     W     Y     V  
0.073 0.050 0.043 0.054 0.029 0.034 0.055 0.077 0.025 0.067 0.100 0.055 0.024 0.047 0.038 0.057 0.050 0.014 0.035 0.073 
sumpi=1.000
AA Frequencies = ai:
   72060    47671    38063    48555    22533    31697    54594    77275    22870    57132    84849    51457    22248    40562    39717    54328    50667    12772    31580    66446 
AA Probabilities = fi:
   A     R     N     D     C     Q     E     G     H     I     L     K     M     F     P     S     T     W     Y     V  
0.078 0.051 0.041 0.052 0.024 0.034 0.059 0.083 0.025 0.062 0.092 0.056 0.024 0.044 0.043 0.059 0.055 0.014 0.034 0.072 
sumpi=1.000

totpairs=2907119.799, FTotPairs=2907119.799
 totdiag=1183769.282, totoffd=1723350.518 totaas=927076, TotAas=927076

Entropy=0.9868 bits, expected=-0.7442 bits

Scoring matrix in bit units=sij in blosum80.sij

Integer scoring matrix in 1/2 bit units in blosum80.iij

Maximum=11, minimum=-6, sum=-257

Positive matrix (+6):
 A   R   N   D   C   Q   E   G   H   I   L   K   M   F   P   S   T   W   Y   V  
 11 
  4  12 
  4   5  12 
  4   4   7  12 
  5   2   3   2  15 
  5   7   6   5   2  12 
  5   5   5   7   1   8  12 
  6   3   5   4   2   4   3  12 
  4   6   6   4   2   7   6   3  14 
  4   3   2   2   4   3   2   1   2  11 
  4   3   2   1   4   3   2   2   3   7  10 
  5   8   6   5   2   7   7   4   5   3   3  11 
  5   4   3   2   4   6   4   2   4   7   8   4  12 
  3   2   2   2   3   2   2   2   4   5   6   2   6  12 
  5   4   3   4   2   4   4   3   3   2   3   5   3   2  14 
  7   5   6   5   4   6   6   5   5   3   3   5   4   3   5  11 
  6   5   6   5   5   5   5   4   4   5   4   5   5   4   4   7  11 
  3   2   2   0   3   3   2   2   3   3   4   2   4   6   1   2   2  17 
  4   3   3   2   3   4   3   2   8   4   4   3   4   9   2   4   4   8  13 
  6   3   2   2   5   3   3   2   2   9   7   3   7   5   3   4   6   3   4  10 
 A   R   N   D   C   Q   E   G   H   I   L   K   M   F   P   S   T   W   Y   V  

10 times log base 10 matrix:
 A   R   N   D   C   Q   E   G   H   I   L   K   M   F   P   S   T   W   Y   V  
  7 
 -3   9 
 -3  -1  10 
 -3  -3   2  10 
 -1  -6  -5  -7  13 
 -2   1   0  -1  -5   9 
 -2  -1  -1   2  -7   3   8 
  0  -4  -1  -3  -6  -4  -4   9 
 -3   0   1  -2  -7   1   0  -4  12 
 -3  -5  -6  -7  -2  -5  -6  -7  -6   7 
 -3  -4  -6  -7  -3  -4  -6  -7  -5   2   6 
 -1   3   0  -2  -6   2   1  -3  -1  -5  -4   8 
 -2  -3  -4  -6  -3  -1  -4  -5  -4   2   3  -3   9 
 -4  -5  -6  -6  -4  -5  -6  -6  -2  -1   0  -5   0  10 
 -1  -4  -4  -3  -6  -3  -2  -5  -4  -5  -5  -2  -4  -6  12 
  2  -2   1  -1  -2  -1  -1  -1  -2  -4  -4  -1  -3  -4  -2   7 
  0  -2   0  -2  -2  -1  -2  -3  -3  -2  -3  -1  -1  -4  -3   2   8 
 -5  -5  -7  -8  -5  -4  -6  -6  -4  -5  -4  -6  -3   0  -7  -6  -5  16 
 -4  -4  -4  -6  -5  -3  -5  -6   3  -3  -2  -4  -3   4  -6  -3  -3   3  11 
 -1  -5  -5  -6  -2  -4  -4  -6  -5   4   1  -4   1  -2  -4  -3   0  -5  -3   7 
 A   R   N   D   C   Q   E   G   H   I   L   K   M   F   P   S   T   W   Y   V  
