BLOSUM: (C) Copyright 1992, Fred Hutchinson Cancer Research Center
Reading /data/blocks_5.0/blocks.dat
Minimum block strength=0, Maximum block strength=9999
Re-clustering percentage = 85

2106 blocks processed, 1993 blocks contributed pairs to matrix
3861389.516258 total pairs,  27102 total sequences, 75307 total columns, 927076 total AAs

Frequencies = fij pairs (off-diagonals = 2*fij):
    A      R      N      D      C      Q      E      G      H      I      L      K      M      F      P      S      T      W      Y      V  
103156.14 
 15008.66  83778.18 
 11762.45  12198.67  66563.07 
 12801.97   9232.40  27674.83 106271.47 
 11549.96   2532.33   2804.98   2420.66  70256.90 
 12650.65  17112.30  10129.52   9878.40   2045.57  39230.85 
 21017.22  16171.54  13924.04  36532.18   1988.01  26468.83  86162.69 
 39606.89  10660.51  18455.80  16883.83   4290.54   8085.30  12267.19 191423.90 
  6746.89   8779.40   9121.38   5825.14   1140.42   8193.71   8614.24   5570.19  41450.83 
 19510.94   7378.16   5220.62   5166.46   8502.30   5062.74   7058.06   6621.92   3149.08  89006.65 
 26731.35  13042.98   7415.14   7406.49  10296.70   9785.70  10437.62  11348.95   5779.66  83109.13 176316.78 
 21153.42  44651.17  16122.41  14655.38   2775.72  21126.15  25812.15  14852.89   7330.34   8321.01  13746.38  77339.41 
  8122.86   4436.07   2886.63   2303.67   2585.41   5380.08   4032.19   3747.75   1889.82  19118.17  38951.85   5445.89  23260.02 
  9905.80   5012.29   3892.57   4175.85   4296.76   3505.46   4556.98   6162.73   4944.82  19882.08  39001.82   5507.53   7426.60  86669.91 
 15998.16   6351.11   4561.28   6752.79   2092.19   4998.13   8915.65   7338.68   3054.34   5431.90   8640.38   9248.68   2388.85   3164.54  89300.94 
 47913.69  14831.01  21402.11  17640.47   7463.24  12163.87  19136.03  25565.82   6889.17  10480.88  15457.20  18544.41   5149.89   7368.03  10433.01  71574.58 
 27593.51  11153.37  14679.27  11899.72   6907.31   9247.82  13909.79  13359.78   4984.61  17669.32  20900.09  15165.61   6987.76   7883.68   7643.83  37660.39  67041.97 
  2566.09   1564.88   1019.13    778.58    976.41   1436.81   1349.09   2182.02   1198.89   2371.22   4615.71   1269.20   1491.44   5532.44    872.77   1671.38   1590.27  36434.20 
  8051.34   5265.53   4413.15   3407.04   2527.81   4031.58   4400.55   4446.24  11759.42   9273.21  14920.20   5545.69   3526.17  35647.81   2370.42   6866.30   6135.26   7637.72  61843.21 
 34218.06   9564.63   6484.09   6951.22  10480.45   7166.02  10695.75   9869.84   3949.96  94879.36  65714.23  10814.47  16319.58  16579.74   7503.13  15474.63  24346.04   2648.62   8796.16 101229.46 
   A     R     N     D     C     Q     E     G     H     I     L     K     M     F     P     S     T     W     Y     V  

Target Probabilities=qij in blosum85.qij
sumqij = 1.000000

Marginal Probabilities by AA = p(i,*):
   A     R     N     D     C     Q     E     G     H     I     L     K     M     F     P     S     T     W     Y     V  
0.072 0.050 0.042 0.054 0.030 0.033 0.054 0.078 0.025 0.067 0.098 0.054 0.024 0.048 0.038 0.058 0.051 0.015 0.035 0.073 
sumpi=1.000
AA Frequencies = ai:
   72060    47671    38063    48555    22533    31697    54594    77275    22870    57132    84849    51457    22248    40562    39717    54328    50667    12772    31580    66446 
AA Probabilities = fi:
   A     R     N     D     C     Q     E     G     H     I     L     K     M     F     P     S     T     W     Y     V  
0.078 0.051 0.041 0.052 0.024 0.034 0.059 0.083 0.025 0.062 0.092 0.056 0.024 0.044 0.043 0.059 0.055 0.014 0.034 0.072 
sumpi=1.000

totpairs=3861389.516, FTotPairs=3861389.516
 totdiag=1668311.145, totoffd=2193078.371 totaas=927076, TotAas=927076

Entropy=1.0805 bits, expected=-0.8153 bits

Scoring matrix in bit units=sij in blosum85.sij

Integer scoring matrix in 1/2 bit units in blosum85.iij

Maximum=11, minimum=-6, sum=-283

Positive matrix (+6):
 A   R   N   D   C   Q   E   G   H   I   L   K   M   F   P   S   T   W   Y   V  
 11 
  4  12 
  4   5  13 
  4   4   7  13 
  5   2   2   1  15 
  5   7   6   5   2  12 
  5   5   5   7   1   8  12 
  6   3   5   4   2   3   3  12 
  4   6   6   4   1   7   5   3  14 
  4   2   2   1   4   2   2   1   2  11 
  4   3   2   1   4   3   2   1   3   7  10 
  5   8   6   5   2   7   6   4   5   3   3  12 
  4   4   3   2   4   6   3   2   3   7   8   4  13 
  3   2   2   2   3   2   2   2   4   5   6   2   5  13 
  5   4   3   4   2   4   4   3   3   2   2   4   3   2  14 
  7   5   6   5   4   5   5   5   5   3   3   5   4   3   5  11 
  6   4   6   4   4   5   5   4   4   5   4   5   5   3   4   7  11 
  3   2   1   0   2   3   2   2   3   3   3   1   4   6   1   2   2  17 
  3   3   3   2   3   4   2   1   8   4   4   3   4   9   2   4   4   8  13 
  5   3   2   2   5   3   3   2   2   9   6   3   6   5   3   4   6   3   4  11 
 A   R   N   D   C   Q   E   G   H   I   L   K   M   F   P   S   T   W   Y   V  

10 times log base 10 matrix:
 A   R   N   D   C   Q   E   G   H   I   L   K   M   F   P   S   T   W   Y   V  
  7 
 -3   9 
 -3  -1  10 
 -4  -3   2  10 
 -2  -6  -5  -7  13 
 -2   1   0  -1  -6  10 
 -2  -1  -1   2  -8   3   9 
  0  -4  -1  -3  -6  -4  -4   9 
 -3   0   0  -2  -7   1  -1  -4  12 
 -3  -5  -6  -7  -3  -5  -6  -8  -6   7 
 -3  -5  -6  -7  -3  -4  -6  -7  -5   2   7 
 -2   3   0  -2  -6   2   1  -3  -1  -5  -5   8 
 -2  -3  -4  -6  -3  -1  -4  -6  -4   2   3  -3  10 
 -4  -6  -6  -7  -4  -5  -6  -7  -3  -1   0  -6  -1  10 
 -1  -4  -4  -4  -6  -3  -3  -5  -4  -6  -5  -2  -5  -6  12 
  2  -2   1  -1  -2  -1  -1  -1  -2  -5  -5  -1  -3  -5  -2   7 
  0  -2  -1  -2  -2  -2  -2  -4  -3  -2  -3  -1  -1  -4  -3   2   8 
 -5  -6  -7  -9  -5  -4  -7  -6  -4  -5  -4  -7  -3   0  -7  -6  -6  16 
 -4  -4  -4  -6  -5  -4  -5  -7   2  -3  -3  -4  -3   4  -6  -4  -4   3  11 
 -1  -5  -6  -6  -2  -4  -5  -7  -6   4   1  -5   1  -2  -5  -3  -1  -5  -4   7 
 A   R   N   D   C   Q   E   G   H   I   L   K   M   F   P   S   T   W   Y   V  
