BLOSUM: (C) Copyright 1992, Fred Hutchinson Cancer Research Center
Reading /data/blocks_5.0/blocks.dat
Minimum block strength=0, Maximum block strength=9999
Re-clustering percentage = 60

2106 blocks processed, 1529 blocks contributed pairs to matrix
1087140.895483 total pairs,  27102 total sequences, 75307 total columns, 927076 total AAs

Frequencies = fij pairs (off-diagonals = 2*fij):
    A      R      N      D      C      Q      E      G      H      I      L      K      M      F      P      S      T      W      Y      V  
 22806.95 
  5259.59  18939.16 
  4389.38   4217.21  13971.12 
  4774.52   3544.77   7940.71  21458.36 
  3536.92    878.19    989.50    874.88  12593.93 
  4324.26   5464.34   3248.11   3597.77    712.08   7542.40 
  6577.34   5886.24   4746.62  10926.57    897.48   7580.96  17496.74 
 12542.35   3763.87   6194.14   5475.45   1698.47   2932.32   4283.92  39610.89 
  2397.27   2802.32   3006.48   2066.53    492.33   2324.62   2790.11   2083.90   9124.81 
  7153.33   2853.21   2267.49   2741.54   2170.16   1962.57   2762.40   3218.62   1271.36  18838.25 
  9903.83   5380.89   3078.95   3383.78   3319.87   3683.46   4590.44   4562.87   2197.27  24091.51  39350.78 
  7080.90  13668.18   5205.78   5409.74   1082.21   6708.59   9126.37   5485.02   2590.87   3411.38   5369.38  16537.89 
  2979.88   1790.64   1157.66    998.57    806.61   1639.26   1564.90   1692.27    839.75   5473.45  10479.40   1955.01   4296.19 
  3771.85   2149.04   1660.73   1686.56   1189.53   1247.29   1967.40   2693.45   1796.68   6658.42  12114.24   2215.26   2652.73  19733.98 
  4661.66   2104.54   1930.55   2733.95    837.04   1938.83   3255.70   3087.72   1070.42   2232.44   3247.94   3644.53    928.18   1204.70  21112.21 
 13667.14   5019.13   6782.95   6112.09   2348.78   4217.00   6559.88   8641.36   2437.78   3861.11   5502.06   6743.07   1924.07   2754.56   3673.16  13762.52 
  8267.79   4063.46   5014.93   4296.87   2110.52   3129.36   4622.39   4873.57   1658.74   5975.64   7478.98   5210.90   2289.19   2677.01   2999.40  10457.63  13413.55 
   902.04    621.95    366.63    362.85    338.25    545.68    636.51    974.21    340.22    829.23   1645.09    615.50    471.99   1882.18    336.34    655.03    654.96   7180.58 
  2999.75   2121.28   1572.91   1378.88    768.68   1554.55   1975.77   1939.17   3136.95   3158.42   5071.34   2267.70   1342.39   9043.78   1026.83   2309.56   2144.84   2043.20  10712.03 
 11282.44   3638.86   2670.92   2926.82   2935.66   2662.94   3792.54   4094.16   1353.77  25411.50  20695.30   4345.90   5143.96   5737.25   2836.87   5343.17   8169.05    832.38   3489.64  20878.05 
   A     R     N     D     C     Q     E     G     H     I     L     K     M     F     P     S     T     W     Y     V  

Target Probabilities=qij in blosum60.qij
sumqij = 1.000000

Marginal Probabilities by AA = p(i,*):
   A     R     N     D     C     Q     E     G     H     I     L     K     M     F     P     S     T     W     Y     V  
0.075 0.052 0.043 0.052 0.024 0.034 0.055 0.073 0.025 0.067 0.099 0.058 0.025 0.048 0.040 0.058 0.052 0.014 0.033 0.073 
sumpi=1.000
AA Frequencies = ai:
   72060    47671    38063    48555    22533    31697    54594    77275    22870    57132    84849    51457    22248    40562    39717    54328    50667    12772    31580    66446 
AA Probabilities = fi:
   A     R     N     D     C     Q     E     G     H     I     L     K     M     F     P     S     T     W     Y     V  
0.078 0.051 0.041 0.052 0.024 0.034 0.059 0.083 0.025 0.062 0.092 0.056 0.024 0.044 0.043 0.059 0.055 0.014 0.034 0.072 
sumpi=1.000

totpairs=1087140.895, FTotPairs=1087140.895
 totdiag=349360.390, totoffd=737780.506 totaas=927076, TotAas=927076

Entropy=0.6603 bits, expected=-0.4917 bits

Scoring matrix in bit units=sij in blosum60.sij

Integer scoring matrix in 1/2 bit units in blosum60.iij

Maximum=10, minimum=-4, sum=-147

Positive matrix (+4):
 A   R   N   D   C   Q   E   G   H   I   L   K   M   F   P   S   T   W   Y   V  
  8 
  3   9 
  3   4  10 
  2   3   5  10 
  4   1   2   1  13 
  3   5   4   4   1   9 
  3   4   4   6   1   6   9 
  4   2   4   3   2   2   2  10 
  2   4   5   3   1   5   4   2  11 
  3   1   1   1   3   1   1   1   1   8 
  3   2   1   1   3   2   1   0   1   6   8 
  3   6   4   3   1   5   5   3   3   1   2   8 
  3   3   2   1   3   4   2   2   3   5   6   3   9 
  2   1   1   1   2   1   1   1   3   4   4   1   4  10 
  3   2   2   3   1   3   3   2   2   1   1   3   2   0  11 
  5   3   5   4   3   4   4   4   3   2   2   4   3   2   3   8 
  4   3   4   3   3   3   3   2   2   3   3   3   3   2   3   5   8 
  1   1   0   0   2   2   1   2   2   2   2   1   3   5   0   1   2  14 
  2   2   2   1   2   3   2   1   6   3   3   2   3   7   1   2   2   6  10 
  4   2   1   1   3   2   2   1   1   7   5   2   5   3   2   2   4   1   3   8 
 A   R   N   D   C   Q   E   G   H   I   L   K   M   F   P   S   T   W   Y   V  

10 times log base 10 matrix:
 A   R   N   D   C   Q   E   G   H   I   L   K   M   F   P   S   T   W   Y   V  
  6 
 -2   8 
 -2  -1   8 
 -3  -2   2   9 
  0  -5  -4  -5  13 
 -1   1   0   0  -4   8 
 -1   0   0   2  -5   3   7 
  0  -3   0  -2  -4  -3  -3   8 
 -2   0   1  -1  -4   1   0  -3  11 
 -2  -4  -4  -4  -2  -4  -5  -5  -5   6 
 -2  -3  -5  -5  -2  -3  -4  -5  -4   2   6 
 -1   3   0  -1  -5   2   1  -2  -1  -4  -4   7 
 -1  -2  -3  -5  -2  -1  -3  -4  -2   2   3  -2   8 
 -3  -4  -4  -5  -3  -5  -5  -5  -2   0   1  -4   0   9 
 -1  -3  -3  -2  -4  -2  -2  -3  -3  -4  -4  -1  -4  -5  11 
  2  -1   1   0  -1   0   0   0  -1  -3  -4   0  -2  -3  -1   6 
  0  -2   0  -1  -1  -1  -1  -2  -2  -1  -2  -1  -1  -3  -2   2   7 
 -4  -4  -5  -6  -3  -3  -4  -3  -3  -4  -2  -4  -2   1  -5  -4  -4  16 
 -2  -2  -3  -4  -4  -2  -3  -4   2  -2  -1  -3  -1   4  -4  -3  -2   3  10 
  0  -4  -4  -5  -1  -3  -4  -5  -5   4   1  -3   1  -1  -3  -2   0  -4  -2   6 
 A   R   N   D   C   Q   E   G   H   I   L   K   M   F   P   S   T   W   Y   V  
