BLOSUM: (C) Copyright 1992, Fred Hutchinson Cancer Research Center
Reading /data/blocks_5.0/blocks.dat
Minimum block strength=0, Maximum block strength=9999
Re-clustering percentage = 100

2106 blocks processed, 2089 blocks contributed pairs to matrix
11066715.200293 total pairs,  27102 total sequences, 75307 total columns, 927076 total AAs

Frequencies = fij pairs (off-diagonals = 2*fij):
    A      R      N      D      C      Q      E      G      H      I      L      K      M      F      P      S      T      W      Y      V  
376501.03 
 36366.67 294088.48 
 28893.21  28563.87 225539.25 
 30228.23  19740.85  67323.28 354996.90 
 29192.83   5179.01   7898.64   5293.67 222542.99 
 32975.95  37575.55  25257.04  23313.99   4232.33 153363.96 
 49006.82  36782.93  33013.42 103947.51   4396.83  65138.67 329144.55 
 93816.36  24094.64  42099.76  39388.39   9923.44  18335.42  27574.70 643443.93 
 15557.20  21923.55  22647.68  14205.95   2557.50  21724.15  20796.55  12076.68 152890.44 
 41928.55  15136.98  11714.40  11346.42  20872.99  11322.72  16130.00  13895.69   7355.94 314368.11 
 60705.31  28221.42  16522.08  16334.50  21771.29  23918.96  22588.64  25708.21  12930.20 198811.35 582524.83 
 48231.34 116200.21  36631.64  33305.90   5836.83  53926.56  60409.26  32178.66  16113.48  17964.16  29350.76 265249.89 
 18201.00  12093.35   6661.95   5236.80   5862.26  12959.00   8920.33   9162.23   4713.67  48369.44  98788.26  12618.42 103151.12 
 21707.73  11447.26   8198.50   9447.67  11530.84   8388.71   9024.75  13374.18  11137.85  45055.38  91636.25  12651.42  19548.65 283946.82 
 37267.81  14247.93   9880.83  15291.70   4300.50  12291.41  19794.75  16892.28   6735.58  11893.57  17990.85  20753.01   6262.29   7082.58 290826.06 
127596.98  34121.38  50340.81  42099.53  19125.85  28516.30  48139.10  65073.93  17185.35  24247.56  34125.46  42282.37  11615.84  17770.21  25197.26 265893.30 
 71259.33  26073.25  38628.78  28201.15  17616.45  21872.10  33444.22  32584.26  12195.61  42305.51  46600.49  33522.87  16834.10  18080.59  18352.70 103495.34 268556.32 
  5825.17   3618.63   2065.83   1723.00   1929.15   3663.27   3226.00   5314.50   2657.70   5153.28   9384.50   2615.00   3401.40  15001.56   1836.50   4171.29   3507.36 118689.19 
 16736.12  12041.28  10063.88   8327.17   6210.34   9942.33   9697.08   9308.17  26241.17  21159.28  30385.84  11973.67   6932.17  97305.14   5442.83  14996.67  13970.95  19487.84 218536.46 
 82135.70  19423.19  14630.29  14454.55  25010.19  16109.85  27379.52  20978.22   8148.06 248370.31 156863.09  23409.56  41911.52  36989.36  15890.31  36935.52  63766.15   7073.26  19028.95 364304.51 
   A     R     N     D     C     Q     E     G     H     I     L     K     M     F     P     S     T     W     Y     V  

Target Probabilities=qij in blosum100.qij
sumqij = 1.000000

Marginal Probabilities by AA = p(i,*):
   A     R     N     D     C     Q     E     G     H     I     L     K     M     F     P     S     T     W     Y     V  
0.072 0.049 0.041 0.054 0.030 0.033 0.057 0.081 0.025 0.065 0.095 0.052 0.025 0.047 0.038 0.058 0.053 0.015 0.036 0.073 
sumpi=1.000
AA Frequencies = ai:
   72060    47671    38063    48555    22533    31697    54594    77275    22870    57132    84849    51457    22248    40562    39717    54328    50667    12772    31580    66446 
AA Probabilities = fi:
   A     R     N     D     C     Q     E     G     H     I     L     K     M     F     P     S     T     W     Y     V  
0.078 0.051 0.041 0.052 0.024 0.034 0.059 0.083 0.025 0.062 0.092 0.056 0.024 0.044 0.043 0.059 0.055 0.014 0.034 0.072 
sumpi=1.000

totpairs=11066715.200, FTotPairs=11066715.200
 totdiag=5828558.110, totoffd=5238157.090 totaas=927076, TotAas=927076

Entropy=1.4516 bits, expected=-1.0948 bits

Scoring matrix in bit units=sij in blosum100.sij

Integer scoring matrix in 1/2 bit units in blosum100.iij

Maximum=11, minimum=-7, sum=-391

Positive matrix (+7):
 A   R   N   D   C   Q   E   G   H   I   L   K   M   F   P   S   T   W   Y   V  
 12 
  5  14 
  5   6  14 
  4   4   8  14 
  6   2   3   2  16 
  6   7   6   5   2  14 
  5   5   6   8   1   8  13 
  6   3   5   4   2   4   3  13 
  4   6   7   5   2   7   6   3  16 
  4   3   2   1   5   3   2   1   2  12 
  4   3   2   1   4   4   2   2   3   8  12 
  5   9   6   5   2   8   7   4   5   3   3  13 
  5   5   3   2   4   6   3   2   4   8   9   5  15 
  3   3   2   2   4   3   2   2   5   6   7   3   6  14 
  6   4   3   4   2   5   4   3   4   3   3   5   3   2  15 
  8   5   7   6   5   6   6   6   5   3   3   6   4   4   5  13 
  6   5   6   5   5   5   5   4   4   5   4   5   5   4   4   8  13 
  3   3   1   0   2   4   2   2   4   3   3   2   4   7   1   3   2  18 
  3   4   4   2   3   4   3   1   8   4   4   3   4  10   2   4   4   8  15 
  6   3   3   2   5   4   4   2   2   9   7   3   7   5   3   4   6   3   4  12 
 A   R   N   D   C   Q   E   G   H   I   L   K   M   F   P   S   T   W   Y   V  

10 times log base 10 matrix:
 A   R   N   D   C   Q   E   G   H   I   L   K   M   F   P   S   T   W   Y   V  
  8 
 -3  10 
 -4  -2  11 
 -5  -5   1  10 
 -2  -8  -5  -8  14 
 -2   0  -1  -2  -7  11 
 -3  -2  -2   2  -9   2  10 
 -1  -6  -2  -4  -7  -5  -6   9 
 -4  -1   0  -3  -8   1  -2  -6  13 
 -4  -7  -7  -8  -3  -6  -7  -9  -7   8 
 -4  -6  -7  -8  -5  -5  -7  -8  -6   2   8 
 -2   3  -1  -3  -8   2   0  -5  -3  -6  -6  10 
 -3  -4  -5  -8  -4  -2  -5  -7  -5   1   3  -4  12 
 -5  -6  -7  -8  -4  -6  -8  -8  -4  -2   0  -6  -1  11 
 -2  -5  -5  -5  -8  -4  -4  -6  -5  -7  -7  -3  -5  -7  13 
  1  -3   0  -2  -3  -2  -2  -2  -3  -5  -6  -2  -4  -5  -3   9 
 -1  -3  -1  -4  -3  -3  -3  -5  -4  -3  -4  -3  -2  -5  -4   2   9 
 -6  -7  -8 -10  -7  -5  -8  -7  -5  -6  -5  -8  -4   0  -9  -7  -7  17 
 -5  -5  -5  -7  -6  -4  -7  -8   1  -4  -4  -5  -5   4  -7  -5  -5   2  12 
 -2  -6  -7  -8  -3  -5  -5  -8  -7   4   0  -5   0  -3  -6  -4  -1  -5  -5   8 
 A   R   N   D   C   Q   E   G   H   I   L   K   M   F   P   S   T   W   Y   V  
