BLOSUM: (C) Copyright 1992, Fred Hutchinson Cancer Research Center
Reading /data/blocks_5.0/blocks.dat
Minimum block strength=0, Maximum block strength=9999
Re-clustering percentage = 40

2106 blocks processed, 672 blocks contributed pairs to matrix
227179.538763 total pairs,  27102 total sequences, 75307 total columns, 927076 total AAs

Frequencies = fij pairs (off-diagonals = 2*fij):
    A      R      N      D      C      Q      E      G      H      I      L      K      M      F      P      S      T      W      Y      V  
  3372.50 
  1328.06   2484.75 
  1311.13    884.11   1573.61 
  1456.79    970.42   1396.38   2852.15 
   671.62    321.06    338.06    401.28   2114.25 
  1188.69   1099.74    776.02    735.49    201.24   1098.77 
  1820.21   1199.19   1049.11   2159.15    464.03   1432.91   2685.42 
  2995.60   1041.33   1602.74   1427.80    542.54    901.27   1290.63   5909.21 
   627.12    546.12    606.21    613.59    147.56    443.61    689.11    613.60   1365.00 
  1672.11    767.30    789.87    748.60    363.48    548.34    828.21   1090.66    392.82   2387.03 
  2274.43   1363.13    973.77   1215.62    681.54   1060.07   1648.85   1558.27    789.55   3712.07   4746.57 
  1851.77   2330.69   1214.78   1366.32    442.33   1170.13   2045.37   1595.12    598.98   1025.32   1663.69   2245.26 
   756.79    469.93    334.49    327.49    156.75    330.01    440.14    574.82    312.14    815.20   1663.90    538.10    415.39 
  1012.42    707.27    568.42    588.07    344.34    374.53    700.80    942.48    396.72   1425.58   2518.13    805.94    515.03   2391.79 
  1204.86    632.05    626.15    846.05    240.25    573.61   1201.83   1286.43    377.18    887.28    974.41   1049.39    328.54    466.94   3430.43 
  2719.40   1133.83   1383.76   1376.80    576.82   1197.51   1561.02   2356.14    585.44   1122.44   1552.12   1541.86    488.24    847.78   1020.05   2030.35 
  1807.71    869.63    980.07   1108.47    497.24    667.66   1142.95   1303.43    418.40   1262.68   1793.37   1319.80    487.70    859.72    995.76   1956.09   1600.55 
   300.91    222.65    128.48    144.04     56.45    168.84    238.10    345.33     70.44    210.89    430.69    241.44    103.45    346.57    142.32    162.62    150.10   1015.64 
   877.48    709.50    443.50    506.94    187.20    460.86    651.43    767.16    559.93    897.03   1415.68    765.00    434.64   1447.32    413.85    690.05    631.93    371.22   1373.07 
  2467.09   1059.93    772.71    983.34    537.93    642.85   1133.58   1284.42    381.18   3784.52   3734.52   1238.92    816.90   1413.75    806.47   1459.81   1839.95    225.15    913.13   2572.57 
   A     R     N     D     C     Q     E     G     H     I     L     K     M     F     P     S     T     W     Y     V  

Target Probabilities=qij in blosum40.qij
sumqij = 1.000000

Marginal Probabilities by AA = p(i,*):
   A     R     N     D     C     Q     E     G     H     I     L     K     M     F     P     S     T     W     Y     V  
0.077 0.050 0.043 0.053 0.025 0.036 0.060 0.078 0.026 0.060 0.089 0.060 0.024 0.046 0.046 0.061 0.051 0.013 0.035 0.067 
sumpi=1.000
AA Frequencies = ai:
   72060    47671    38063    48555    22533    31697    54594    77275    22870    57132    84849    51457    22248    40562    39717    54328    50667    12772    31580    66446 
AA Probabilities = fi:
   A     R     N     D     C     Q     E     G     H     I     L     K     M     F     P     S     T     W     Y     V  
0.078 0.051 0.041 0.052 0.024 0.034 0.059 0.083 0.025 0.062 0.092 0.056 0.024 0.044 0.043 0.059 0.055 0.014 0.034 0.072 
sumpi=1.000

totpairs=227179.539, FTotPairs=227179.539
 totdiag=47664.290, totoffd=179515.249 totaas=927076, TotAas=927076

Entropy=0.2851 bits, expected=-0.2090 bits

Scoring matrix in bit units=sij in blosum40.sij

Integer scoring matrix in 1/4 bit units in blosum40.iij

Maximum=19, minimum=-6, sum=-99

Positive matrix (+6):
 A   R   N   D   C   Q   E   G   H   I   L   K   M   F   P   S   T   W   Y   V  
 11 
  4  15 
  5   6  14 
  5   5   8  15 
  4   3   4   4  22 
  6   8   7   5   2  14 
  5   5   5   8   4   8  13 
  7   3   6   4   3   4   3  14 
  4   6   7   6   2   6   6   4  19 
  5   3   4   2   2   3   2   2   3  12 
  4   4   3   3   4   4   4   2   4   8  12 
  5   9   6   6   3   7   7   4   5   3   4  12 
  5   5   4   3   3   5   4   4   7   7   9   5  13 
  3   4   3   2   4   2   3   3   4   7   8   3   6  15 
  4   3   4   4   1   4   6   5   4   4   2   5   4   2  17 
  7   5   7   6   5   7   6   6   5   4   3   6   4   4   5  11 
  6   4   6   5   5   5   5   4   4   5   5   6   5   5   6   8  12 
  3   4   2   1   0   5   4   4   1   3   5   4   4   7   2   1   2  25 
  4   5   4   3   2   5   4   3   8   6   6   5   7  10   3   4   5   9  15 
  6   4   3   3   4   3   3   2   2  10   8   4   7   6   3   5   7   3   5  11 
 A   R   N   D   C   Q   E   G   H   I   L   K   M   F   P   S   T   W   Y   V  

10 times log base 10 matrix:
 A   R   N   D   C   Q   E   G   H   I   L   K   M   F   P   S   T   W   Y   V  
  4 
 -1   6 
 -1   0   6 
 -1  -1   1   7 
 -1  -2  -2  -2  12 
  0   1   1  -1  -3   6 
 -1  -1   0   2  -2   2   5 
  0  -2   0  -1  -2  -1  -2   6 
 -2   0   1   0  -3   0   0  -2   9 
 -1  -2  -2  -3  -3  -2  -3  -3  -3   5 
 -1  -2  -2  -2  -2  -1  -2  -3  -1   2   4 
 -1   2   0   0  -2   1   1  -1  -1  -2  -2   4 
  0  -1  -1  -2  -2  -1  -2  -2   0   1   2  -1   5 
 -2  -2  -2  -3  -2  -3  -3  -2  -1   1   1  -2   0   7 
 -1  -2  -2  -1  -3  -1   0  -1  -2  -1  -3  -1  -2  -3   9 
  1  -1   1   0  -1   1   0   0  -1  -2  -2   0  -1  -2  -1   4 
  0  -1   0   0  -1  -1  -1  -1  -2   0  -1   0  -1  -1   0   1   4 
 -2  -1  -3  -4  -4  -1  -2  -1  -4  -2  -1  -2  -1   1  -3  -4  -3  14 
 -1   0  -2  -2  -3  -1  -2  -2   1   0   0  -1   1   3  -2  -1  -1   2   7 
  0  -2  -2  -2  -2  -2  -2  -3  -3   3   1  -2   1   0  -2  -1   1  -3  -1   4 
 A   R   N   D   C   Q   E   G   H   I   L   K   M   F   P   S   T   W   Y   V  
