BLOSUM: (C) Copyright 1992, Fred Hutchinson Cancer Research Center
Reading /data/blocks_5.0/blocks.dat
Minimum block strength=0, Maximum block strength=9999
Re-clustering percentage = 55

2106 blocks processed, 1331 blocks contributed pairs to matrix
753984.579344 total pairs,  27102 total sequences, 75307 total columns, 927076 total AAs

Frequencies = fij pairs (off-diagonals = 2*fij):
    A      R      N      D      C      Q      E      G      H      I      L      K      M      F      P      S      T      W      Y      V  
 14964.29 
  3824.59  11834.79 
  3356.05   2899.62   8733.03 
  3582.79   2729.29   5251.59  13354.85 
  2482.37    679.12    779.87    688.74   7565.73 
  3085.76   3697.47   2287.45   2475.41    516.25   4830.48 
  4815.59   4182.17   3401.90   7260.45    716.95   5117.23  11298.92 
  8931.04   2808.74   4562.02   3959.84   1249.62   2275.58   3194.87  25700.62 
  1721.11   1899.59   2160.44   1559.48    384.08   1586.19   1824.33   1559.37   5591.03 
  5150.34   2132.49   1798.26   1919.09   1438.20   1510.91   2150.60   2513.32    958.39  11935.39 
  6807.20   3967.65   2351.18   2579.57   2117.51   2689.52   3461.38   3616.22   1690.87  15873.02  24707.49 
  4990.21   9378.47   3824.96   3918.15    803.66   4497.12   6562.78   4058.83   1942.29   2459.52   3791.15  10704.57 
  2231.68   1245.37    875.14    788.61    543.63   1188.29   1080.18   1274.61    601.67   3493.67   6804.84   1373.88   2718.49 
  2905.80   1666.68   1230.36   1111.95    882.92    935.95   1547.49   2011.18   1280.75   4599.72   8535.77   1664.79   1892.51  12272.24 
  3352.47   1559.55   1539.92   2091.00    654.25   1522.37   2580.66   2472.25    837.35   1875.05   2430.31   2722.23    722.39    979.70  13864.10 
  9588.14   3675.12   4681.32   4264.09   1666.78   3079.91   4486.11   6319.90   1707.74   2957.59   4038.93   4828.96   1406.27   2146.30   2763.54   9176.90 
  6060.60   2958.48   3728.85   3190.39   1605.10   2308.04   3479.03   3716.30   1187.32   4413.80   5349.98   3811.68   1680.89   2019.66   2356.36   7355.39   8694.30 
   676.87    503.98    293.62    308.10    192.31    428.69    531.47    706.31    244.13    644.25   1105.73    508.62    336.60   1396.29    283.14    458.12    501.03   4763.80 
  2315.36   1691.88   1248.73   1145.92    546.37   1221.89   1629.00   1553.68   1910.91   2377.85   3860.56   1725.48   1024.11   6080.85    857.15   1765.67   1680.21   1453.50   6448.29 
  8068.40   2765.69   2026.11   2346.40   2047.82   1974.91   2920.62   3113.87   1030.10  17347.24  13861.66   3181.93   3338.42   4248.94   2187.27   4103.16   5876.34    644.38   2521.14  13613.14 
   A     R     N     D     C     Q     E     G     H     I     L     K     M     F     P     S     T     W     Y     V  

Target Probabilities=qij in blosum55.qij
sumqij = 1.000000

Marginal Probabilities by AA = p(i,*):
   A     R     N     D     C     Q     E     G     H     I     L     K     M     F     P     S     T     W     Y     V  
0.076 0.052 0.044 0.052 0.023 0.035 0.055 0.074 0.025 0.066 0.096 0.058 0.025 0.048 0.041 0.059 0.053 0.014 0.033 0.073 
sumpi=1.000
AA Frequencies = ai:
   72060    47671    38063    48555    22533    31697    54594    77275    22870    57132    84849    51457    22248    40562    39717    54328    50667    12772    31580    66446 
AA Probabilities = fi:
   A     R     N     D     C     Q     E     G     H     I     L     K     M     F     P     S     T     W     Y     V  
0.078 0.051 0.041 0.052 0.024 0.034 0.059 0.083 0.025 0.062 0.092 0.056 0.024 0.044 0.043 0.059 0.055 0.014 0.034 0.072 
sumpi=1.000

totpairs=753984.579, FTotPairs=753984.579
 totdiag=222772.456, totoffd=531212.124 totaas=927076, TotAas=927076

Entropy=0.5637 bits, expected=-0.4179 bits

Scoring matrix in bit units=sij in blosum55.sij

Integer scoring matrix in 1/3 bit units in blosum55.iij

Maximum=15, minimum=-5, sum=-181

Positive matrix (+5):
 A   R   N   D   C   Q   E   G   H   I   L   K   M   F   P   S   T   W   Y   V  
 10 
  3  13 
  3   4  13 
  3   3   7  13 
  5   1   2   1  18 
  4   6   5   5   1  12 
  4   5   5   7   1   7  12 
  5   2   5   3   2   3   2  13 
  3   5   6   4   1   6   4   3  16 
  3   1   1   1   3   1   1   0   1  11 
  3   2   1   0   3   2   1   0   2   7  11 
  4   8   5   4   1   7   6   3   5   1   2  11 
  4   3   2   1   3   5   2   2   3   7   8   3  13 
  2   2   1   0   2   1   1   1   4   5   6   1   5  14 
  4   2   3   3   2   4   4   2   2   2   1   4   2   0  15 
  7   4   6   5   4   5   5   5   4   2   2   5   3   2   4  10 
  5   4   5   4   4   4   4   3   3   4   3   4   4   2   4   7  11 
  1   2   0   0   1   3   2   2   2   2   2   1   3   7   0   1   2  20 
  3   3   3   2   2   4   3   1   7   4   4   3   4   9   1   3   3   8  14 
  5   2   1   1   4   2   2   1   1   9   6   2   6   4   2   3   5   1   3  10 
 A   R   N   D   C   Q   E   G   H   I   L   K   M   F   P   S   T   W   Y   V  

10 times log base 10 matrix:
 A   R   N   D   C   Q   E   G   H   I   L   K   M   F   P   S   T   W   Y   V  
  5 
 -2   8 
 -2  -1   8 
 -2  -2   2   8 
  0  -4  -3  -4  13 
 -1   1   0   0  -4   7 
 -1   0   0   2  -4   2   7 
  0  -3   0  -2  -3  -2  -3   8 
 -2   0   1  -1  -4   1  -1  -2  11 
 -2  -4  -4  -4  -2  -4  -4  -5  -4   6 
 -2  -3  -4  -5  -2  -3  -4  -5  -3   2   6 
 -1   3   0  -1  -4   2   1  -2   0  -4  -3   6 
 -1  -2  -3  -4  -2   0  -3  -3  -2   2   3  -2   8 
 -3  -3  -4  -5  -3  -4  -4  -4  -1   0   1  -4   0   9 
 -1  -3  -2  -2  -3  -1  -1  -3  -3  -3  -4  -1  -3  -5  10 
  2  -1   1   0  -1   0   0   0  -1  -3  -3   0  -2  -3  -1   5 
  0  -1   0  -1  -1  -1  -1  -2  -2  -1  -2  -1  -1  -3  -1   2   6 
 -4  -3  -5  -5  -4  -2  -3  -3  -3  -3  -3  -4  -2   2  -5  -4  -3  15 
 -2  -2  -2  -3  -3  -1  -2  -4   2  -1  -1  -2  -1   4  -4  -2  -2   3   9 
  0  -3  -4  -4  -1  -3  -3  -4  -4   4   1  -3   1  -1  -3  -2   0  -4  -2   5 
 A   R   N   D   C   Q   E   G   H   I   L   K   M   F   P   S   T   W   Y   V  
