BLOSUM: (C) Copyright 1992, Fred Hutchinson Cancer Research Center
Reading /data/blocks_5.0/blocks.dat
Minimum block strength=0, Maximum block strength=9999
Re-clustering percentage = 30

2106 blocks processed, 261 blocks contributed pairs to matrix
70394.766609 total pairs,  27102 total sequences, 75307 total columns, 927076 total AAs

Frequencies = fij pairs (off-diagonals = 2*fij):
    A      R      N      D      C      Q      E      G      H      I      L      K      M      F      P      S      T      W      Y      V  
   678.93 
   541.25    766.54 
   433.53    262.83    390.46 
   607.90    368.23    380.41    669.31 
   191.30    157.01    134.37    138.25    495.11 
   433.59    441.74    200.22    256.32     97.28    274.83 
   615.13    435.18    343.50    522.82    247.68    398.45    659.81 
   727.81    451.12    455.85    494.33    156.41    283.33    488.65   1219.16 
   228.09    196.55    155.24    153.86     51.65    142.54    252.44    207.56    424.64 
   565.22    306.61    331.40    249.75    163.08    229.21    318.03    501.92    167.96    506.62 
   793.64    546.11    448.86    604.12    322.82    376.11    716.15    714.45    307.00    933.85    979.82 
   618.36    604.66    381.82    449.63    142.07    302.40    745.12    545.90    180.35    371.72    625.28    446.59 
   247.03    172.41    125.53    113.19     56.44     97.18    171.68    176.69    117.22    194.21    384.55    243.89     81.09 
   382.45    328.29    234.90    160.50    113.69    141.03    228.20    306.64    113.32    377.82    771.68    323.36    108.56    542.36 
   397.62    296.87    171.62    294.58     98.23    215.20    420.09    415.48    197.41    233.35    382.72    404.14     76.61    149.76    637.50 
   781.52    496.51    397.80    484.55    181.81    293.90    533.87    712.15    234.17    464.16    662.48    591.23    141.43    373.17    334.44    528.38 
   560.29    270.51    331.21    331.66    127.58    228.37    321.81    394.72    136.16    373.21    643.88    354.24    137.63    219.32    279.69    571.11    324.09 
    70.98     97.35     29.64     54.06     37.08     53.83     99.02    153.75     26.01     63.73    132.11     83.05     26.28     95.35     50.23     73.49     44.91    192.35 
   201.89    303.72    112.13    217.49     53.86    149.86    220.00    225.61    137.84    250.59    636.70    241.32     97.78    332.47    156.56    234.68    198.22    126.16    309.72 
   782.20    437.02    308.45    378.85    170.84    216.95    371.37    471.04    165.28    883.48   1036.15    418.18    212.73    450.56    242.55    508.18    503.22     77.23    337.85    582.74 
   A     R     N     D     C     Q     E     G     H     I     L     K     M     F     P     S     T     W     Y     V  

Target Probabilities=qij in blosum30.qij
sumqij = 1.000000

Marginal Probabilities by AA = p(i,*):
   A     R     N     D     C     Q     E     G     H     I     L     K     M     F     P     S     T     W     Y     V  
0.075 0.059 0.043 0.054 0.026 0.036 0.062 0.073 0.029 0.057 0.092 0.061 0.022 0.045 0.043 0.065 0.047 0.013 0.034 0.065 
sumpi=1.000
AA Frequencies = ai:
   72060    47671    38063    48555    22533    31697    54594    77275    22870    57132    84849    51457    22248    40562    39717    54328    50667    12772    31580    66446 
AA Probabilities = fi:
   A     R     N     D     C     Q     E     G     H     I     L     K     M     F     P     S     T     W     Y     V  
0.078 0.051 0.041 0.052 0.024 0.034 0.059 0.083 0.025 0.062 0.092 0.056 0.024 0.044 0.043 0.059 0.055 0.014 0.034 0.072 
sumpi=1.000

totpairs=70394.767, FTotPairs=70394.767
 totdiag=10710.074, totoffd=59684.692 totaas=927076, TotAas=927076

Entropy=0.1424 bits, expected=-0.1074 bits

Scoring matrix in bit units=sij in blosum30.sij

Integer scoring matrix in 1/5 bit units in blosum30.iij

Maximum=20, minimum=-7, sum=-55

Positive matrix (+7):
 A   R   N   D   C   Q   E   G   H   I   L   K   M   F   P   S   T   W   Y   V  
 11 
  6  15 
  7   5  15 
  7   6   8  16 
  4   5   6   4  24 
  8  10   6   6   5  15 
  7   6   6   8   8   9  13 
  7   5   7   6   3   5   5  15 
  5   6   6   5   2   7   7   4  21 
  7   4   7   3   5   5   4   6   5  13 
  6   5   5   6   7   5   6   5   6   9  11 
  7   8   7   7   4   7   9   6   5   5   5  11 
  8   7   7   4   5   6   6   5   9   8   9   9  13 
  5   6   6   2   4   4   3   4   4   7   9   6   5  17 
  6   6   4   6   4   7   8   6   8   4   4   8   3   3  18 
  8   6   7   7   5   6   7   7   6   6   5   7   5   6   6  11 
  8   4   8   6   5   7   5   5   5   7   7   6   7   5   7   9  12 
  2   7   0   3   5   6   6   8   2   4   5   5   4   8   4   4   2  27 
  3   7   3   6   1   6   5   4   7   6  10   6   6  10   5   5   6  12  16 
  8   6   5   5   5   4   4   4   4  11   8   5   7   8   3   6   8   4   8  12 
 A   R   N   D   C   Q   E   G   H   I   L   K   M   F   P   S   T   W   Y   V  

10 times log base 10 matrix:
 A   R   N   D   C   Q   E   G   H   I   L   K   M   F   P   S   T   W   Y   V  
  2 
 -1   5 
  0  -1   5 
  0  -1   1   5 
 -2  -1  -1  -2  10 
  1   2   0   0  -1   5 
  0  -1   0   0   0   1   4 
  0  -1   0  -1  -2  -1  -1   5 
 -1  -1   0  -1  -3   0   0  -2   9 
  0  -2   0  -2  -1  -1  -2  -1  -1   3 
 -1  -1  -1  -1   0  -1  -1  -1  -1   1   2 
  0   1   0   0  -2   0   1  -1  -1  -1  -1   2 
  0   0   0  -2  -1  -1   0  -1   1   0   1   1   4 
 -1  -1  -1  -3  -2  -2  -2  -2  -2   0   1  -1  -1   6 
 -1  -1  -2   0  -2   0   0   0   1  -2  -2   0  -2  -3   7 
  1   0   0   0  -1  -1   0   0   0   0  -1   0  -1   0  -1   3 
  0  -2   1   0  -1   0  -1  -1  -1   0   0  -1   0  -1   0   1   3 
 -3   0  -4  -2  -1  -1   0   1  -3  -2  -1  -1  -2   1  -2  -2  -3  12 
 -3   0  -3  -1  -4  -1  -1  -2   0   0   2  -1   0   2  -1  -1  -1   3   6 
  1  -1  -1  -1  -1  -2  -2  -2  -2   2   1  -1   0   0  -2  -1   1  -2   0   3 
 A   R   N   D   C   Q   E   G   H   I   L   K   M   F   P   S   T   W   Y   V  
