BLOSUM: (C) Copyright 1992, Fred Hutchinson Cancer Research Center
Reading /data/blocks_5.0/blocks.dat
Minimum block strength=0, Maximum block strength=9999
Re-clustering percentage = 45

2106 blocks processed, 900 blocks contributed pairs to matrix
357558.909356 total pairs,  27102 total sequences, 75307 total columns, 927076 total AAs

Frequencies = fij pairs (off-diagonals = 2*fij):
    A      R      N      D      C      Q      E      G      H      I      L      K      M      F      P      S      T      W      Y      V  
  6460.32 
  2047.59   4641.54 
  1848.77   1405.80   2806.89 
  1916.72   1433.74   2235.43   4733.21 
  1052.78    414.70    478.71    445.27   3375.82 
  1741.81   1785.04   1110.21   1222.76    293.50   2032.50 
  2682.39   2195.64   1553.57   3392.23    532.47   2283.99   4673.17 
  4533.30   1599.01   2376.87   1973.94    701.81   1323.04   1795.47  10194.59 
   907.63    902.28    905.82    860.59    204.49    732.66    990.61    880.35   2091.27 
  2587.23   1130.65   1045.86    969.15    564.81    918.87   1247.94   1382.11    497.62   4429.69 
  3737.71   2107.70   1357.91   1541.76   1060.06   1545.97   2223.08   2262.91   1113.69   6625.39   9420.44 
  2639.94   4358.92   2009.95   2008.82    551.40   2049.60   3182.62   2181.10    947.22   1414.02   2227.03   4282.98 
  1152.69    727.66    511.90    440.82    254.48    605.72    640.54    786.28    408.27   1615.69   2911.36    794.10    925.16 
  1526.10   1023.59    795.78    711.47    469.53    528.90    960.09   1195.92    559.10   2186.51   4056.13   1054.26    884.74   4430.59 
  1689.17    926.56    816.81   1096.57    294.66    782.81   1611.65   1603.98    499.47   1149.72   1365.03   1427.95    491.76    638.14   5722.41 
  4451.86   1828.11   2197.59   2021.55    819.51   1715.53   2318.06   3470.96    926.82   1674.94   2279.32   2336.20    724.55   1238.07   1397.31   3723.04 
  2939.46   1403.96   1752.14   1635.16    725.09   1052.42   1816.25   1950.30    657.42   1969.63   2747.97   1992.51    810.07   1248.16   1369.31   3381.89   3092.79 
   423.00    290.03    155.98    177.45     74.96    221.50    288.39    423.86    107.10    334.31    601.29    322.12    152.08    601.38    213.80    250.53    227.90   1897.84 
  1207.48   1020.04    612.77    774.56    277.60    719.38    865.20    994.86    881.78   1355.63   2185.92   1068.45    619.86   2450.26    492.77   1043.26    942.84    581.59   2347.66 
  3955.04   1511.82   1155.78   1228.02    840.74    983.57   1613.84   1798.28    566.71   6741.26   6257.50   1776.58   1550.98   2213.07   1151.27   2228.38   2732.70    316.64   1368.08   5026.78 
   A     R     N     D     C     Q     E     G     H     I     L     K     M     F     P     S     T     W     Y     V  

Target Probabilities=qij in blosum45.qij
sumqij = 1.000000

Marginal Probabilities by AA = p(i,*):
   A     R     N     D     C     Q     E     G     H     I     L     K     M     F     P     S     T     W     Y     V  
0.078 0.052 0.042 0.050 0.024 0.036 0.058 0.075 0.025 0.062 0.094 0.060 0.025 0.046 0.043 0.061 0.052 0.013 0.034 0.070 
sumpi=1.000
AA Frequencies = ai:
   72060    47671    38063    48555    22533    31697    54594    77275    22870    57132    84849    51457    22248    40562    39717    54328    50667    12772    31580    66446 
AA Probabilities = fi:
   A     R     N     D     C     Q     E     G     H     I     L     K     M     F     P     S     T     W     Y     V  
0.078 0.051 0.041 0.052 0.024 0.034 0.059 0.083 0.025 0.062 0.092 0.056 0.024 0.044 0.043 0.059 0.055 0.014 0.034 0.072 
sumpi=1.000

totpairs=357558.909, FTotPairs=357558.909
 totdiag=86308.690, totoffd=271250.220 totaas=927076, TotAas=927076

Entropy=0.3795 bits, expected=-0.2789 bits

Scoring matrix in bit units=sij in blosum45.sij

Integer scoring matrix in 1/3 bit units in blosum45.iij

Maximum=15, minimum=-5, sum=-113

Positive matrix (+5):
 A   R   N   D   C   Q   E   G   H   I   L   K   M   F   P   S   T   W   Y   V  
 10 
  3  12 
  4   5  11 
  3   4   7  12 
  4   2   3   2  17 
  4   6   5   5   2  11 
  4   5   5   7   2   7  11 
  5   3   5   4   2   3   3  12 
  3   5   6   5   2   6   5   3  15 
  4   2   3   1   2   3   2   1   2  10 
  4   3   2   2   3   3   3   2   3   7  10 
  4   8   5   5   2   6   6   3   4   2   2  10 
  4   4   3   2   3   5   3   3   5   7   7   4  11 
  3   3   3   1   3   1   2   2   3   5   6   2   5  13 
  4   3   3   4   1   4   5   3   3   3   2   4   3   2  14 
  6   4   6   5   4   5   5   5   4   3   2   4   3   3   4   9 
  5   4   5   4   4   4   4   3   3   4   4   4   4   4   4   7  10 
  3   3   1   1   0   3   2   3   2   3   3   3   3   6   2   1   2  20 
  3   4   3   3   2   4   3   2   7   5   5   4   5   8   2   3   4   8  13 
  5   3   2   2   4   2   2   2   2   8   6   3   6   5   2   4   5   2   4  10 
 A   R   N   D   C   Q   E   G   H   I   L   K   M   F   P   S   T   W   Y   V  

10 times log base 10 matrix:
 A   R   N   D   C   Q   E   G   H   I   L   K   M   F   P   S   T   W   Y   V  
  5 
 -2   7 
 -1   0   7 
 -2  -1   2   7 
 -1  -3  -2  -3  12 
 -1   1   0   0  -3   6 
 -1   0   0   2  -3   2   6 
  0  -2   0  -1  -3  -2  -2   7 
 -2   0   1   0  -3   1   0  -2  10 
 -1  -3  -2  -4  -3  -2  -3  -4  -3   5 
 -1  -2  -3  -3  -2  -2  -2  -3  -2   2   5 
 -1   3   0   0  -3   1   1  -2  -1  -3  -3   5 
 -1  -1  -2  -3  -2   0  -2  -2   0   2   2  -1   6 
 -2  -2  -2  -4  -2  -4  -3  -3  -2   0   1  -3   0   8 
 -1  -2  -2  -1  -4  -1   0  -2  -2  -2  -3  -1  -2  -3   9 
  1  -1   1   0  -1   0   0   0  -1  -2  -3  -1  -2  -2  -1   4 
  0  -1   0  -1  -1  -1  -1  -2  -2  -1  -1  -1  -1  -1  -1   2   5 
 -2  -2  -4  -4  -5  -2  -3  -2  -3  -2  -2  -3  -2   1  -3  -4  -3  15 
 -2  -1  -2  -2  -3  -1  -2  -3   2   0   0  -1   0   3  -3  -2  -1   3   8 
  0  -2  -3  -3  -1  -3  -3  -3  -3   3   1  -2   1   0  -3  -1   0  -3  -1   5 
 A   R   N   D   C   Q   E   G   H   I   L   K   M   F   P   S   T   W   Y   V  
