BLOSUM: (C) Copyright 1992, Fred Hutchinson Cancer Research Center
Reading /data/blocks_5.0/blocks.dat
Minimum block strength=0, Maximum block strength=9999
Re-clustering percentage = 95

2106 blocks processed, 2050 blocks contributed pairs to matrix
7185859.503616 total pairs,  27102 total sequences, 75307 total columns, 927076 total AAs

Frequencies = fij pairs (off-diagonals = 2*fij):
    A      R      N      D      C      Q      E      G      H      I      L      K      M      F      P      S      T      W      Y      V  
223827.95 
 25711.33 174741.55 
 19804.80  20031.00 136606.91 
 21713.98  14287.89  47208.86 218562.94 
 20500.90   3909.14   5281.89   3817.54 143176.39 
 22354.51  27551.20  17247.38  16839.20   3106.39  88314.90 
 35304.86  26535.60  23346.24  67988.95   3065.83  45641.13 185417.77 
 66996.21  16860.88  29801.91  27491.06   7109.57  13368.72  20112.07 396760.27 
 10777.73  14561.74  15730.92   9941.67   1931.70  14592.23  13906.60   8787.00  88200.50 
 30449.40  11353.88   8570.93   7783.75  14232.96   8178.66  11309.19  10337.54   5114.71 187803.40 
 42361.18  20288.68  11774.63  12030.61  15688.40  16676.16  16416.26  18568.73   9268.40 138378.30 353412.94 
 34114.20  78409.21  26540.35  23900.59   4257.93  36849.64  42910.05  23539.44  11759.95  13025.56  21317.36 157356.65 
 13115.63   8035.67   4726.44   3755.21   4218.55   9453.47   6611.91   6218.06   3208.34  33341.27  68602.99   8842.95  56305.91 
 15681.80   8062.99   5924.99   6390.50   7811.33   5969.04   6809.94   9566.24   7793.89  32572.21  64079.64   9186.07  12977.05 169672.32 
 26520.59  10453.74   7460.48  11271.35   3249.46   8629.90  14792.70  12225.23   5187.59   9095.47  13388.86  15317.82   4433.66   5186.39 181713.26 
 87130.00  24179.62  36409.99  29751.24  13040.01  20842.28  33444.66  45051.14  12057.05  17131.34  24435.62  30339.27   8422.57  12356.14  18374.01 159452.61 
 49166.38  18505.40  26376.68  19881.24  11748.03  15818.31  23690.01  23028.44   8419.14  29148.27  33565.33  24741.70  11486.12  12737.97  12636.48  69654.71 154959.86 
  4376.59   2631.36   1415.54   1300.27   1422.98   2403.37   2130.09   3641.61   1943.75   3930.82   7008.91   1919.34   2358.86  10106.92   1362.10   2921.34   2471.00  72236.80 
 12476.32   8555.49   7221.27   5724.00   4243.38   6793.36   7045.61   6831.44  18813.95  15381.76  22960.76   8882.90   5308.77  65319.27   3899.18  11159.12  10241.31  13529.96 131076.89 
 57691.32  14842.10  10833.71  10425.53  17390.05  11665.50  18502.10  15408.52   5999.15 169657.06 109589.41  17121.08  28342.83  26669.05  12050.95  26009.73  43894.37   4921.10  14002.21 221147.34 
   A     R     N     D     C     Q     E     G     H     I     L     K     M     F     P     S     T     W     Y     V  

Target Probabilities=qij in blosum95.qij
sumqij = 1.000000

Marginal Probabilities by AA = p(i,*):
   A     R     N     D     C     Q     E     G     H     I     L     K     M     F     P     S     T     W     Y     V  
0.073 0.049 0.042 0.054 0.030 0.033 0.055 0.081 0.025 0.066 0.096 0.052 0.025 0.046 0.039 0.059 0.053 0.015 0.036 0.074 
sumpi=1.000
AA Frequencies = ai:
   72060    47671    38063    48555    22533    31697    54594    77275    22870    57132    84849    51457    22248    40562    39717    54328    50667    12772    31580    66446 
AA Probabilities = fi:
   A     R     N     D     C     Q     E     G     H     I     L     K     M     F     P     S     T     W     Y     V  
0.078 0.051 0.041 0.052 0.024 0.034 0.059 0.083 0.025 0.062 0.092 0.056 0.024 0.044 0.043 0.059 0.055 0.014 0.034 0.072 
sumpi=1.000

totpairs=7185859.504, FTotPairs=7185859.504
 totdiag=3500747.146, totoffd=3685112.357 totaas=927076, TotAas=927076

Entropy=1.2926 bits, expected=-0.9743 bits

Scoring matrix in bit units=sij in blosum95.sij

Integer scoring matrix in 1/2 bit units in blosum95.iij

Maximum=11, minimum=-6, sum=-335

Positive matrix (+6):
 A   R   N   D   C   Q   E   G   H   I   L   K   M   F   P   S   T   W   Y   V  
 11 
  4  13 
  4   5  13 
  3   3   7  13 
  5   1   2   1  15 
  5   6   6   5   2  13 
  5   5   5   7   0   8  12 
  5   2   5   4   1   3   3  12 
  3   5   6   4   1   7   5   3  15 
  4   2   2   1   4   2   2   0   2  11 
  4   3   1   1   3   3   2   1   2   7  11 
  5   8   6   4   1   7   6   3   5   2   3  12 
  4   4   3   1   3   5   3   2   3   7   8   4  13 
  3   2   2   1   3   2   1   1   4   5   6   2   5  13 
  5   3   3   3   1   4   4   2   3   2   2   4   3   1  14 
  7   4   6   5   4   5   5   5   4   3   3   5   3   3   4  11 
  6   4   5   4   4   5   4   3   4   4   4   5   5   3   4   7  12 
  2   2   1   0   2   3   1   1   3   2   3   1   4   6   1   2   2  17 
  3   3   3   1   2   3   2   1   7   4   4   3   3   9   1   3   3   8  14 
  5   2   2   1   4   3   3   1   2   9   6   3   6   4   2   3   5   3   3  11 
 A   R   N   D   C   Q   E   G   H   I   L   K   M   F   P   S   T   W   Y   V  

10 times log base 10 matrix:
 A   R   N   D   C   Q   E   G   H   I   L   K   M   F   P   S   T   W   Y   V  
  8 
 -3  10 
 -3  -2  10 
 -4  -4   2  10 
 -2  -7  -5  -8  13 
 -2   1  -1  -2  -7  10 
 -2  -2  -1   2  -9   2   9 
 -1  -5  -2  -4  -7  -5  -5   9 
 -4  -1   0  -3  -7   1  -1  -5  13 
 -4  -6  -7  -8  -3  -6  -7  -9  -7   8 
 -4  -5  -7  -8  -4  -4  -7  -8  -6   2   7 
 -2   3  -1  -2  -7   2   0  -4  -2  -6  -5   9 
 -3  -3  -5  -7  -4  -1  -5  -7  -4   2   3  -3  11 
 -5  -6  -7  -8  -4  -6  -7  -7  -3  -1   0  -6  -1  10 
 -2  -4  -5  -4  -7  -3  -3  -6  -4  -6  -6  -3  -5  -7  12 
  2  -2   0  -2  -3  -1  -1  -2  -2  -5  -5  -2  -4  -5  -3   8 
  0  -3  -1  -3  -3  -2  -2  -4  -3  -2  -3  -2  -2  -4  -4   2   9 
 -6  -6  -8 -10  -7  -5  -7  -7  -4  -6  -5  -8  -4   0  -8  -6  -7  16 
 -5  -5  -5  -7  -6  -4  -6  -8   2  -3  -3  -5  -4   4  -7  -4  -4   2  12 
 -1  -5  -6  -7  -3  -5  -5  -7  -6   4   0  -5   0  -3  -5  -4  -1  -5  -4   8 
 A   R   N   D   C   Q   E   G   H   I   L   K   M   F   P   S   T   W   Y   V  
