BLOSUM: (C) Copyright 1992, Fred Hutchinson Cancer Research Center
Reading /data/blocks_5.0/blocks.dat
Minimum block strength=0, Maximum block strength=9999
Re-clustering percentage = 62

2106 blocks processed, 1572 blocks contributed pairs to matrix
1245852.582651 total pairs,  27102 total sequences, 75307 total columns, 927076 total AAs

Frequencies = fij pairs (off-diagonals = 2*fij):
    A      R      N      D      C      Q      E      G      H      I      L      K      M      F      P      S      T      W      Y      V  
 26782.81 
  5848.09  22123.18 
  4857.14   4930.09  17616.72 
  5400.73   3953.21   9269.63  26504.98 
  3962.65    980.88   1092.50    994.42  14864.71 
  4794.70   6194.03   3813.41   4106.64    770.86   9131.13 
  7444.98   6711.13   5505.96  12248.73    955.29   8817.09  20100.50 
 14491.39   4291.00   7124.25   6284.36   1917.42   3409.41   4829.16  47098.64 
  2759.96   3091.55   3563.41   2376.71    572.50   2613.56   3405.63   2387.39  11561.82 
  7943.72   3098.65   2477.68   3076.61   2730.06   2220.18   3037.90   3450.79   1447.42  22975.42 
 11009.91   6028.42   3411.38   3787.90   3907.74   4030.19   4990.96   5198.87   2459.23  28361.76  46272.78 
  8338.88  15533.06   6080.29   6092.99   1248.97   7716.37  10296.37   6327.07   2958.56   3900.98   6138.15  20074.90 
  3341.90   2001.08   1319.20   1156.88    939.80   1843.69   1692.11   1825.96    953.44   6249.52  12282.50   2264.38   5042.88 
  4076.59   2321.82   1868.88   1894.29   1280.49   1351.88   2122.42   2984.24   2019.30   7589.45  13492.91   2364.01   2965.57  22771.30 
  5374.35   2386.63   2143.28   3083.07    899.80   2109.68   3542.26   3398.98   1190.29   2508.69   3524.79   3930.17   1017.22   1308.84  23753.47 
 15579.38   5646.43   7840.40   6985.53   2599.50   4717.08   7360.29   9553.90   2753.84   4291.98   6049.14   7728.29   2132.99   2975.00   4151.82  15680.23 
  9264.29   4435.93   5571.65   4724.65   2318.32   3437.77   5106.27   5446.48   1853.12   6716.05   8281.94   5847.29   2515.49   2896.40   3366.54  11712.22  15591.62 
  1003.70    662.10    402.65    404.11    360.67    566.56    660.02   1015.14    377.94    901.59   1824.09    677.71    495.17   2115.89    352.63    715.91    712.02   8060.58 
  3239.21   2308.18   1745.40   1491.09    862.22   1684.00   2168.88   2079.76   3790.82   3443.82   5505.85   2489.43   1423.89  10562.84   1126.86   2566.42   2346.22   2211.24  12765.13 
 12627.73   3939.43   2993.54   3278.68   3390.37   2905.57   4232.85   4539.45   1616.69  29832.35  23617.94   4824.05   5761.66   6419.39   3102.50   5877.26   9070.39    886.51   3859.61  24458.47 
   A     R     N     D     C     Q     E     G     H     I     L     K     M     F     P     S     T     W     Y     V  

Target Probabilities=qij in blosum62.qij
sumqij = 1.000000

Marginal Probabilities by AA = p(i,*):
   A     R     N     D     C     Q     E     G     H     I     L     K     M     F     P     S     T     W     Y     V  
0.074 0.052 0.045 0.054 0.025 0.034 0.054 0.074 0.026 0.068 0.099 0.058 0.025 0.047 0.039 0.057 0.051 0.013 0.032 0.073 
sumpi=1.000
AA Frequencies = ai:
   72060    47671    38063    48555    22533    31697    54594    77275    22870    57132    84849    51457    22248    40562    39717    54328    50667    12772    31580    66446 
AA Probabilities = fi:
   A     R     N     D     C     Q     E     G     H     I     L     K     M     F     P     S     T     W     Y     V  
0.078 0.051 0.041 0.052 0.024 0.034 0.059 0.083 0.025 0.062 0.092 0.056 0.024 0.044 0.043 0.059 0.055 0.014 0.034 0.072 
sumpi=1.000

totpairs=1245852.583, FTotPairs=1245852.583
 totdiag=413231.286, totoffd=832621.297 totaas=927076, TotAas=927076

Entropy=0.6979 bits, expected=-0.5209 bits

Scoring matrix in bit units=sij in blosum62.sij

Integer scoring matrix in 1/2 bit units in blosum62.iij

Maximum=11, minimum=-4, sum=-155

Positive matrix (+4):
 A   R   N   D   C   Q   E   G   H   I   L   K   M   F   P   S   T   W   Y   V  
  8 
  3   9 
  2   4  10 
  2   2   5  10 
  4   1   1   1  13 
  3   5   4   4   1   9 
  3   4   4   6   0   6   9 
  4   2   4   3   1   2   2  10 
  2   4   5   3   1   4   4   2  12 
  3   1   1   1   3   1   1   0   1   8 
  3   2   1   0   3   2   1   0   1   6   8 
  3   6   4   3   1   5   5   2   3   1   2   9 
  3   3   2   1   3   4   2   1   2   5   6   3   9 
  2   1   1   1   2   1   1   1   3   4   4   1   4  10 
  3   2   2   3   1   3   3   2   2   1   1   3   2   0  11 
  5   3   5   4   3   4   4   4   3   2   2   4   3   2   3   8 
  4   3   4   3   3   3   3   2   2   3   3   3   3   2   3   5   9 
  1   1   0   0   2   2   1   2   2   1   2   1   3   5   0   1   2  15 
  2   2   2   1   2   3   2   1   6   3   3   2   3   7   1   2   2   6  11 
  4   1   1   1   3   2   2   1   1   7   5   2   5   3   2   2   4   1   3   8 
 A   R   N   D   C   Q   E   G   H   I   L   K   M   F   P   S   T   W   Y   V  

10 times log base 10 matrix:
 A   R   N   D   C   Q   E   G   H   I   L   K   M   F   P   S   T   W   Y   V  
  6 
 -2   8 
 -2  -1   9 
 -3  -2   2   9 
 -1  -5  -4  -5  13 
 -1   1   0   0  -4   8 
 -1   0   0   2  -5   3   7 
  0  -3  -1  -2  -4  -3  -3   8 
 -2   0   1  -2  -4   1   0  -3  11 
 -2  -5  -5  -5  -2  -4  -5  -6  -5   6 
 -2  -3  -5  -5  -2  -3  -4  -5  -4   2   6 
 -1   3   0  -1  -5   2   1  -2  -1  -4  -4   7 
 -1  -2  -3  -5  -2  -1  -3  -4  -2   2   3  -2   8 
 -3  -4  -5  -5  -4  -5  -5  -5  -2   0   1  -5   0   9 
 -1  -3  -3  -2  -4  -2  -2  -3  -3  -4  -4  -2  -4  -5  11 
  2  -1   1   0  -1   0   0   0  -1  -4  -4   0  -2  -4  -1   6 
  0  -2   0  -2  -1  -1  -1  -2  -3  -1  -2  -1  -1  -3  -2   2   7 
 -4  -4  -6  -6  -3  -3  -4  -4  -4  -4  -2  -4  -2   1  -6  -4  -4  16 
 -3  -3  -3  -5  -4  -2  -3  -5   3  -2  -2  -3  -1   4  -4  -3  -2   3  10 
  0  -4  -4  -5  -1  -3  -4  -5  -5   4   1  -3   1  -1  -4  -2   0  -4  -2   6 
 A   R   N   D   C   Q   E   G   H   I   L   K   M   F   P   S   T   W   Y   V  
