BLOSUM: (C) Copyright 1992, Fred Hutchinson Cancer Research Center
Reading /data/blocks_5.0/blocks.dat
Minimum block strength=0, Maximum block strength=9999
Re-clustering percentage = 75

2106 blocks processed, 1896 blocks contributed pairs to matrix
2365918.545373 total pairs,  27102 total sequences, 75307 total columns, 927076 total AAs

Frequencies = fij pairs (off-diagonals = 2*fij):
    A      R      N      D      C      Q      E      G      H      I      L      K      M      F      P      S      T      W      Y      V  
 58062.90 
  9860.07  48288.50 
  7954.29   8211.52  38416.65 
  8738.64   6376.16  17263.94  59860.29 
  7375.68   1678.13   1762.02   1660.57  35918.75 
  8153.90  11357.56   6732.25   6677.78   1468.28  21220.07 
 13393.87  11518.54   9285.03  22531.22   1394.81  16085.22  45928.28 
 25950.41   7174.18  12073.58  10854.09   3014.04   5271.72   8068.76 103134.93 
  4795.75   5794.97   6131.10   3954.24    827.90   5089.43   6315.64   3844.66  23635.49 
 13193.38   5119.03   3747.44   4068.79   5458.99   3413.15   4684.66   5033.47   2143.44  49745.19 
 18320.14   9166.18   5336.93   5429.88   7087.36   6670.32   7576.79   8261.10   4003.63  54565.58 102452.19 
 14323.20  29219.73  10853.76   9891.81   1910.33  13700.23  17618.79  10271.08   5125.43   5871.92   9975.36  42563.57 
  5602.48   3124.42   2047.70   1713.03   1683.99   3523.13   2908.82   2759.10   1384.61  12113.33  24734.37   3638.58  11571.75 
  6697.41   3536.98   2798.51   3057.88   2685.62   2258.32   3227.31   4671.76   3399.49  13350.89  26140.69   3698.45   5141.48  48835.02 
 10619.73   4293.17   3194.93   4649.71   1447.01   3405.15   5841.79   5110.84   2037.75   3783.14   5758.21   6370.41   1686.36   2190.80  50656.51 
 30500.68   9723.61  13484.96  11677.81   4672.65   7864.74  12960.11  16414.30   4648.02   6997.24  10434.35  12482.31   3516.41   4939.22   7022.93  36087.88 
 16925.95   7470.33   9586.66   8088.44   4055.11   5869.14   9112.08   9350.88   3266.52  11498.73  13904.24   9910.87   4526.75   5165.31   5430.72  21735.00  33828.58 
  1602.27   1036.60    687.55    606.46    649.17   1000.58   1004.65   1532.53    740.84   1715.98   3213.01    989.84    890.22   3822.98    535.95   1118.02   1039.17  18990.98 
  5458.67   3832.41   2790.99   2303.85   1535.33   2607.66   3251.14   3042.50   7794.96   6410.74  10159.13   4038.50   2327.10  20858.40   1723.12   4384.15   3976.29   4769.45  32192.78 
 22374.61   6435.77   4629.29   4850.83   6424.78   4943.24   7121.82   6971.64   2617.69  57681.46  44011.79   7464.80  10555.73  11445.87   5107.28   9882.63  15775.78   1732.09   6517.38  54328.28 
   A     R     N     D     C     Q     E     G     H     I     L     K     M     F     P     S     T     W     Y     V  

Target Probabilities=qij in blosum75.qij
sumqij = 1.000000

Marginal Probabilities by AA = p(i,*):
   A     R     N     D     C     Q     E     G     H     I     L     K     M     F     P     S     T     W     Y     V  
0.074 0.051 0.043 0.054 0.027 0.034 0.054 0.075 0.026 0.068 0.101 0.055 0.025 0.048 0.038 0.056 0.050 0.014 0.034 0.073 
sumpi=1.000
AA Frequencies = ai:
   72060    47671    38063    48555    22533    31697    54594    77275    22870    57132    84849    51457    22248    40562    39717    54328    50667    12772    31580    66446 
AA Probabilities = fi:
   A     R     N     D     C     Q     E     G     H     I     L     K     M     F     P     S     T     W     Y     V  
0.078 0.051 0.041 0.052 0.024 0.034 0.059 0.083 0.025 0.062 0.092 0.056 0.024 0.044 0.043 0.059 0.055 0.014 0.034 0.072 
sumpi=1.000

totpairs=2365918.545, FTotPairs=2365918.545
 totdiag=915718.575, totoffd=1450199.970 totaas=927076, TotAas=927076

Entropy=0.9077 bits, expected=-0.6845 bits

Scoring matrix in bit units=sij in blosum75.sij

Integer scoring matrix in 1/2 bit units in blosum75.iij

Maximum=11, minimum=-5, sum=-230

Positive matrix (+5):
 A   R   N   D   C   Q   E   G   H   I   L   K   M   F   P   S   T   W   Y   V  
  9 
  3  11 
  3   4  11 
  3   3   6  11 
  4   1   2   1  14 
  4   6   5   4   2  11 
  4   5   4   6   0   7  10 
  5   2   4   3   2   3   2  11 
  3   5   5   4   1   6   5   3  13 
  3   2   1   1   4   2   1   0   1   9 
  3   2   1   1   3   2   1   1   2   6   9 
  4   7   5   4   1   6   6   3   4   2   2  10 
  4   3   2   1   3   5   3   2   3   6   7   3  11 
  2   2   1   1   3   1   1   1   3   5   5   1   5  11 
  4   3   2   3   1   3   4   2   3   2   2   4   2   1  13 
  6   4   5   4   4   5   5   4   4   2   2   5   3   2   4  10 
  5   4   5   4   4   4   4   3   3   4   3   4   4   3   4   6  10 
  2   2   1   0   2   3   1   2   3   2   3   1   3   6   0   2   2  16 
  3   3   2   1   2   3   2   1   7   3   4   3   3   8   1   3   3   7  12 
  5   2   2   1   4   3   2   1   1   8   6   2   6   4   2   3   5   2   3   9 
 A   R   N   D   C   Q   E   G   H   I   L   K   M   F   P   S   T   W   Y   V  

10 times log base 10 matrix:
 A   R   N   D   C   Q   E   G   H   I   L   K   M   F   P   S   T   W   Y   V  
  7 
 -3   9 
 -3  -1   9 
 -3  -3   2   9 
 -1  -6  -5  -6  13 
 -2   1   0  -1  -5   9 
 -1  -1  -1   2  -7   3   8 
  0  -4  -1  -2  -5  -4  -4   9 
 -3   0   1  -2  -6   1   0  -4  12 
 -3  -5  -6  -6  -2  -5  -6  -7  -6   7 
 -3  -4  -6  -7  -3  -4  -5  -6  -5   2   6 
 -1   3   0  -2  -6   2   1  -3  -1  -5  -4   8 
 -2  -3  -4  -6  -3   0  -3  -5  -3   2   3  -3   9 
 -4  -5  -5  -6  -4  -5  -6  -6  -2  -1   1  -5   0  10 
 -1  -3  -4  -3  -5  -3  -2  -4  -4  -5  -5  -2  -4  -6  12 
  2  -1   1  -1  -2  -1   0  -1  -2  -4  -4  -1  -3  -4  -2   7 
  0  -2   0  -2  -2  -1  -1  -3  -3  -1  -2  -1  -1  -3  -2   2   8 
 -5  -5  -6  -8  -4  -3  -6  -5  -4  -4  -3  -6  -3   1  -7  -5  -5  16 
 -3  -3  -4  -6  -5  -3  -4  -6   3  -2  -2  -3  -2   4  -6  -3  -3   3  11 
 -1  -4  -5  -6  -2  -4  -4  -6  -5   4   1  -4   1  -2  -4  -3   0  -4  -3   6 
 A   R   N   D   C   Q   E   G   H   I   L   K   M   F   P   S   T   W   Y   V  
