BLOSUM: (C) Copyright 1992, Fred Hutchinson Cancer Research Center
Reading /data/blocks_5.0/blocks.dat
Minimum block strength=0, Maximum block strength=9999
Re-clustering percentage = 70

2106 blocks processed, 1803 blocks contributed pairs to matrix
1930219.256958 total pairs,  27102 total sequences, 75307 total columns, 927076 total AAs

Frequencies = fij pairs (off-diagonals = 2*fij):
    A      R      N      D      C      Q      E      G      H      I      L      K      M      F      P      S      T      W      Y      V  
 45618.79 
  8317.63  37269.27 
  6833.70   6977.92  29905.39 
  7639.69   5494.18  14555.28  46019.85 
  6153.93   1399.18   1472.35   1496.94  27752.35 
  6928.29   9515.13   5578.24   5725.58   1185.84  16090.96 
 10999.23   9665.22   7948.54  18791.92   1224.71  13316.03  35350.45 
 21662.48   6113.66  10460.81   9199.45   2595.70   4644.38   6917.44  81311.72 
  3939.49   4707.06   5176.59   3396.59    717.55   4211.02   5217.26   3188.83  19119.23 
 11295.97   4317.47   3340.16   3692.07   4393.88   2948.63   4055.84   4413.66   1898.66  39003.95 
 15631.01   7873.41   4634.50   4792.85   5803.27   5730.65   6533.50   7079.49   3354.84  45095.58  80573.21 
 11879.18  23806.45   8957.75   8536.78   1651.35  11523.32  14919.77   8769.95   4372.08   5206.22   8723.06  33412.67 
  4694.76   2646.06   1778.50   1527.12   1376.85   2802.66   2309.53   2396.63   1210.36   9790.81  20068.05   3139.08   8926.71 
  5733.19   3084.14   2433.45   2666.20   2196.77   1940.40   2761.23   4109.47   2945.30  11214.09  21281.65   3207.33   4283.08  38107.88 
  8567.32   3561.35   2753.35   4005.94   1258.45   2896.55   4958.65   4489.87   1728.11   3252.98   4937.96   5472.85   1431.35   1811.03  39851.76 
 24648.61   8202.70  11357.79  10057.35   4012.83   6718.54  10909.40  13693.93   4055.06   6009.32   8936.50  10663.00   2974.94   4203.61   5983.69  27348.02 
 13967.46   6318.87   8075.59   6915.27   3372.97   5027.33   7690.47   7774.66   2806.05   9735.79  11576.20   8438.17   3683.21   4337.14   4564.96  17894.82  26599.20 
  1437.17    908.47    611.30    545.25    581.14    841.08    835.93   1383.70    623.46   1441.40   2698.75    891.29    684.19   3347.07    490.14    989.76    931.49  14449.25 
  4608.92   3301.98   2420.35   1954.89   1326.92   2260.19   2825.22   2708.60   6396.60   5384.56   8544.27   3371.20   2025.32  16792.46   1550.83   3856.18   3372.00   3627.24  23867.26 
 18655.85   5607.40   4137.39   4270.98   5048.85   4129.78   5927.02   6118.63   2272.38  46085.42  36474.89   6559.42   8572.58   9534.64   4414.20   8233.47  13132.28   1450.09   5496.31  42022.54 
   A     R     N     D     C     Q     E     G     H     I     L     K     M     F     P     S     T     W     Y     V  

Target Probabilities=qij in blosum70.qij
sumqij = 1.000000

Marginal Probabilities by AA = p(i,*):
   A     R     N     D     C     Q     E     G     H     I     L     K     M     F     P     S     T     W     Y     V  
0.074 0.051 0.044 0.054 0.027 0.034 0.054 0.075 0.026 0.068 0.101 0.056 0.025 0.048 0.038 0.056 0.050 0.014 0.034 0.073 
sumpi=1.000
AA Frequencies = ai:
   72060    47671    38063    48555    22533    31697    54594    77275    22870    57132    84849    51457    22248    40562    39717    54328    50667    12772    31580    66446 
AA Probabilities = fi:
   A     R     N     D     C     Q     E     G     H     I     L     K     M     F     P     S     T     W     Y     V  
0.078 0.051 0.041 0.052 0.024 0.034 0.059 0.083 0.025 0.062 0.092 0.056 0.024 0.044 0.043 0.059 0.055 0.014 0.034 0.072 
sumpi=1.000

totpairs=1930219.257, FTotPairs=1930219.257
 totdiag=712600.469, totoffd=1217618.788 totaas=927076, TotAas=927076

Entropy=0.8391 bits, expected=-0.6313 bits

Scoring matrix in bit units=sij in blosum70.sij

Integer scoring matrix in 1/2 bit units in blosum70.iij

Maximum=11, minimum=-5, sum=-207

Positive matrix (+5):
 A   R   N   D   C   Q   E   G   H   I   L   K   M   F   P   S   T   W   Y   V  
  9 
  3  11 
  3   4  11 
  3   3   6  11 
  4   1   2   1  14 
  4   6   5   4   2  11 
  4   5   5   6   1   7  10 
  5   2   4   3   2   3   3  11 
  3   5   5   4   1   6   5   3  13 
  3   2   1   1   4   2   1   1   1   9 
  3   2   1   1   3   3   2   1   2   7   9 
  4   7   5   4   1   6   6   3   4   2   2  10 
  4   3   3   2   3   5   3   2   3   6   7   3  11 
  3   2   2   1   3   2   1   1   4   5   5   2   5  11 
  4   3   3   3   2   3   4   2   3   2   2   4   2   1  13 
  6   4   5   5   4   5   5   4   4   2   2   5   3   2   4   9 
  5   4   5   4   4   4   4   3   3   4   3   4   4   3   4   6  10 
  2   2   1   0   2   3   1   2   3   2   3   2   3   6   1   2   2  16 
  3   3   3   1   2   3   2   1   7   4   4   3   4   8   2   3   3   7  12 
  5   2   2   1   4   3   2   1   2   8   6   2   6   4   2   3   5   2   3   9 
 A   R   N   D   C   Q   E   G   H   I   L   K   M   F   P   S   T   W   Y   V  

10 times log base 10 matrix:
 A   R   N   D   C   Q   E   G   H   I   L   K   M   F   P   S   T   W   Y   V  
  6 
 -2   9 
 -3  -1   9 
 -3  -3   2   9 
 -1  -6  -5  -6  13 
 -1   2   0  -1  -5   9 
 -1   0  -1   2  -7   3   8 
  0  -4  -1  -2  -5  -3  -4   9 
 -3   0   1  -2  -6   1   0  -4  12 
 -2  -5  -5  -6  -2  -5  -5  -6  -6   6 
 -3  -4  -6  -6  -3  -4  -5  -6  -5   2   6 
 -1   3   0  -1  -5   2   1  -3  -1  -5  -4   7 
 -2  -3  -4  -5  -3  -1  -3  -5  -3   2   3  -2   9 
 -4  -5  -5  -6  -3  -5  -6  -5  -2   0   1  -5   0   9 
 -1  -3  -4  -3  -5  -2  -2  -4  -3  -5  -5  -2  -4  -6  11 
  2  -1   1  -1  -2   0   0  -1  -1  -4  -4  -1  -3  -4  -1   6 
  0  -2   0  -2  -2  -1  -1  -3  -3  -1  -2  -1  -1  -3  -2   2   7 
 -4  -5  -6  -7  -4  -3  -5  -5  -3  -4  -3  -5  -3   1  -6  -5  -5  16 
 -3  -3  -4  -6  -4  -3  -4  -6   3  -2  -2  -3  -2   4  -5  -3  -3   3  10 
  0  -4  -5  -5  -2  -4  -4  -5  -5   4   1  -4   1  -1  -4  -3   0  -4  -2   6 
 A   R   N   D   C   Q   E   G   H   I   L   K   M   F   P   S   T   W   Y   V  
