BLOSUM: (C) Copyright 1992, Fred Hutchinson Cancer Research Center
Reading /data/blocks_5.0/blocks.dat
Minimum block strength=0, Maximum block strength=9999
Re-clustering percentage = 65

2106 blocks processed, 1671 blocks contributed pairs to matrix
1503060.740834 total pairs,  27102 total sequences, 75307 total columns, 927076 total AAs

Frequencies = fij pairs (off-diagonals = 2*fij):
    A      R      N      D      C      Q      E      G      H      I      L      K      M      F      P      S      T      W      Y      V  
 33293.61 
  6715.11  27233.26 
  5588.54   5687.87  22213.42 
  6314.07   4484.24  11080.75  33788.51 
  4808.66   1103.24   1232.64   1198.40  19026.49 
  5424.45   7336.61   4486.11   4710.65    843.37  11479.02 
  8703.22   7642.30   6413.84  14772.18   1039.64  10203.81  25211.69 
 17221.00   4927.21   8121.08   7246.74   2195.30   3830.17   5428.07  59474.27 
  3134.84   3816.94   4243.63   2767.77    613.74   3131.92   4035.47   2633.91  14452.22 
  9336.22   3578.69   2768.08   3338.05   3512.98   2462.65   3500.15   3792.41   1664.58  28733.12 
 12793.19   6832.97   3815.36   4191.31   4705.60   4690.99   5591.12   5949.19   2782.69  34582.11  58370.25 
  9680.81  18546.83   7161.73   7079.18   1385.66   9028.45  12032.27   7180.70   3483.52   4524.10   7123.35  24915.72 
  3878.15   2173.73   1444.67   1271.60   1121.19   2152.56   1913.00   2056.28   1048.20   7614.82  15554.41   2533.19   6694.84 
  4706.09   2604.72   2083.25   2241.66   1642.36   1596.26   2377.34   3412.81   2423.14   8953.36  16737.09   2675.83   3536.27  27957.32 
  6379.41   2783.52   2362.68   3429.63    993.28   2420.65   4089.88   3814.36   1436.15   2802.97   3948.39   4477.82   1167.91   1513.48  29330.15 
 19672.61   6650.56   9137.44   8223.40   3264.78   5448.72   8756.52  11126.15   3308.52   5016.38   7115.49   8885.88   2425.48   3474.60   4820.37  20569.16 
 11000.73   5188.22   6579.44   5815.78   2717.33   3977.94   6211.02   6531.11   2172.40   8067.25   9823.43   6805.74   3025.17   3545.81   3862.47  14329.85  19919.21 
  1225.99    753.50    516.89    443.44    457.14    628.90    706.71   1185.57    510.75   1258.84   2060.48    764.99    592.46   2758.95    423.20    802.82    814.35  11191.26 
  3921.02   2670.30   2026.28   1701.34   1083.72   1858.41   2415.16   2391.83   4764.79   4437.25   6909.67   2878.25   1721.13  12989.71   1349.86   3011.61   2799.82   2977.64  16969.54 
 14874.66   4427.31   3388.78   3605.55   4134.36   3257.40   4777.86   5166.49   1856.10  36158.64  28314.01   5561.48   6905.98   7658.34   3643.86   6806.47  10563.84   1205.67   4573.10  30939.92 
   A     R     N     D     C     Q     E     G     H     I     L     K     M     F     P     S     T     W     Y     V  

Target Probabilities=qij in blosum65.qij
sumqij = 1.000000

Marginal Probabilities by AA = p(i,*):
   A     R     N     D     C     Q     E     G     H     I     L     K     M     F     P     S     T     W     Y     V  
0.074 0.051 0.044 0.054 0.025 0.033 0.054 0.074 0.026 0.068 0.100 0.057 0.025 0.048 0.038 0.058 0.051 0.014 0.033 0.073 
sumpi=1.000
AA Frequencies = ai:
   72060    47671    38063    48555    22533    31697    54594    77275    22870    57132    84849    51457    22248    40562    39717    54328    50667    12772    31580    66446 
AA Probabilities = fi:
   A     R     N     D     C     Q     E     G     H     I     L     K     M     F     P     S     T     W     Y     V  
0.078 0.051 0.041 0.052 0.024 0.034 0.059 0.083 0.025 0.062 0.092 0.056 0.024 0.044 0.043 0.059 0.055 0.014 0.034 0.072 
sumpi=1.000

totpairs=1503060.741, FTotPairs=1503060.741
 totdiag=521762.987, totoffd=981297.754 totaas=927076, TotAas=927076

Entropy=0.7576 bits, expected=-0.5675 bits

Scoring matrix in bit units=sij in blosum65.sij

Integer scoring matrix in 1/2 bit units in blosum65.iij

Maximum=10, minimum=-5, sum=-170

Positive matrix (+5):
 A   R   N   D   C   Q   E   G   H   I   L   K   M   F   P   S   T   W   Y   V  
  9 
  4  11 
  3   5  11 
  3   3   6  11 
  5   1   2   1  14 
  4   6   5   5   2  11 
  4   5   5   7   1   7  10 
  5   3   4   4   2   3   3  11 
  3   5   6   4   2   6   5   3  13 
  4   2   2   2   4   2   2   1   2   9 
  3   3   1   1   4   3   2   1   2   7   9 
  4   7   5   4   2   6   6   3   4   2   2  10 
  4   3   3   2   3   5   3   2   3   6   7   3  11 
  3   2   2   1   3   2   2   2   4   5   5   2   5  11 
  4   3   3   3   2   4   4   3   3   2   2   4   2   1  13 
  6   4   6   5   4   5   5   5   4   3   2   5   3   3   4   9 
  5   4   5   4   4   4   4   3   3   4   4   4   4   3   4   6  10 
  2   2   1   0   3   3   2   2   3   3   3   2   3   6   1   2   2  15 
  3   3   3   2   3   3   3   2   7   4   4   3   4   8   2   3   3   7  12 
  5   2   2   2   4   3   2   2   2   8   6   3   6   4   3   3   5   2   4   9 
 A   R   N   D   C   Q   E   G   H   I   L   K   M   F   P   S   T   W   Y   V  

10 times log base 10 matrix:
 A   R   N   D   C   Q   E   G   H   I   L   K   M   F   P   S   T   W   Y   V  
  6 
 -2   8 
 -2  -1   9 
 -3  -3   2   9 
 -1  -5  -4  -5  13 
 -1   2   0  -1  -5   8 
 -1   0   0   2  -6   3   8 
  0  -4  -1  -2  -4  -3  -3   9 
 -3   0   1  -2  -5   1   0  -3  11 
 -2  -5  -5  -5  -2  -4  -5  -6  -5   6 
 -2  -3  -5  -6  -2  -3  -5  -6  -5   2   6 
 -1   3   0  -1  -5   2   1  -2  -1  -4  -4   7 
 -2  -2  -4  -5  -2  -1  -3  -4  -3   2   3  -2   8 
 -4  -4  -5  -5  -3  -5  -5  -5  -2   0   1  -5   0   9 
 -1  -3  -3  -3  -5  -2  -2  -3  -3  -4  -5  -2  -4  -6  11 
  2  -1   1  -1  -1   0   0  -1  -1  -4  -4   0  -3  -4  -1   6 
  0  -2   0  -2  -2  -1  -1  -2  -3  -1  -2  -1  -1  -3  -2   2   7 
 -4  -5  -6  -7  -4  -4  -5  -4  -3  -4  -3  -5  -3   1  -6  -5  -4  16 
 -3  -3  -3  -5  -4  -3  -3  -5   3  -2  -2  -3  -2   4  -5  -3  -3   3  10 
  0  -4  -5  -5  -1  -4  -4  -5  -5   4   1  -4   1  -1  -4  -3   0  -4  -2   6 
 A   R   N   D   C   Q   E   G   H   I   L   K   M   F   P   S   T   W   Y   V  
