BLOSUM: (C) Copyright 1992, Fred Hutchinson Cancer Research Center
Reading /data/blocks_5.0/blocks.dat
Minimum block strength=0, Maximum block strength=9999
Re-clustering percentage = 35

2106 blocks processed, 439 blocks contributed pairs to matrix
136328.471550 total pairs,  27102 total sequences, 75307 total columns, 927076 total AAs

Frequencies = fij pairs (off-diagonals = 2*fij):
    A      R      N      D      C      Q      E      G      H      I      L      K      M      F      P      S      T      W      Y      V  
  1757.46 
   906.82   1326.85 
   812.62    512.68    826.33 
   990.05    629.34    839.84   1697.38 
   452.93    243.56    265.17    252.65   1470.48 
   710.94    676.69    459.44    458.83    149.70    561.07 
  1105.02    720.83    614.03   1206.68    412.20    880.32   1410.40 
  1763.96    749.81   1102.30    901.41    346.71    574.94    885.86   3058.74 
   423.99    326.44    389.01    378.29    110.04    240.88    399.29    423.41    887.30 
  1008.41    499.11    579.98    483.50    231.95    355.48    568.24    730.44    269.81   1085.19 
  1365.58    878.74    675.57    883.45    474.02    602.17   1158.14   1116.49    487.97   1973.62   2398.76 
  1218.30   1190.36    746.15    845.02    352.96    630.47   1309.85   1146.88    329.32    693.64   1047.38   1230.79 
   462.52    306.26    230.77    190.89     94.69    185.05    265.90    382.87    208.32    422.89    832.27    376.82    188.23 
   645.74    499.13    405.15    374.42    181.16    222.60    451.30    561.78    203.17    760.25   1399.22    612.89    247.30   1144.62 
   764.59    460.46    418.66    588.99    179.43    439.71    764.20    794.33    302.58    580.86    684.30    787.31    168.53    275.23   1926.18 
  1510.23    761.43    706.42    804.77    294.29    637.87    966.37   1533.60    413.74    719.57   1053.62   1010.92    301.10    588.24    575.57   1110.12 
  1080.06    510.39    579.16    578.61    327.09    437.92    711.08    745.28    287.28    693.50   1114.10    834.36    284.30    484.86    650.53   1118.69    783.04 
   182.62    159.50     93.02    110.18     42.76     91.64    180.93    220.14     48.63    149.13    274.57    194.50     82.45    169.85     82.17    134.10    123.61    292.14 
   604.17    460.82    291.12    354.45    120.68    333.58    465.96    584.47    265.31    567.66    925.57    503.86    237.60    788.54    300.19    471.28    359.58    200.70    700.92 
  1402.35    728.46    490.07    640.03    323.13    379.24    750.26    801.66    256.87   1855.47   1999.22    789.67    436.81    845.64    538.78    871.61   1000.70    137.13    600.45   1232.38 
   A     R     N     D     C     Q     E     G     H     I     L     K     M     F     P     S     T     W     Y     V  

Target Probabilities=qij in blosum35.qij
sumqij = 1.000000

Marginal Probabilities by AA = p(i,*):
   A     R     N     D     C     Q     E     G     H     I     L     K     M     F     P     S     T     W     Y     V  
0.077 0.051 0.044 0.055 0.029 0.035 0.061 0.079 0.028 0.056 0.087 0.063 0.022 0.044 0.048 0.061 0.049 0.012 0.036 0.063 
sumpi=1.000
AA Frequencies = ai:
   72060    47671    38063    48555    22533    31697    54594    77275    22870    57132    84849    51457    22248    40562    39717    54328    50667    12772    31580    66446 
AA Probabilities = fi:
   A     R     N     D     C     Q     E     G     H     I     L     K     M     F     P     S     T     W     Y     V  
0.078 0.051 0.041 0.052 0.024 0.034 0.059 0.083 0.025 0.062 0.092 0.056 0.024 0.044 0.043 0.059 0.055 0.014 0.034 0.072 
sumpi=1.000

totpairs=136328.472, FTotPairs=136328.472
 totdiag=25088.374, totoffd=111240.097 totaas=927076, TotAas=927076

Entropy=0.2111 bits, expected=-0.1550 bits

Scoring matrix in bit units=sij in blosum35.sij

Integer scoring matrix in 1/4 bit units in blosum35.iij

Maximum=16, minimum=-5, sum=-61

Positive matrix (+5):
 A   R   N   D   C   Q   E   G   H   I   L   K   M   F   P   S   T   W   Y   V  
 10 
  4  13 
  4   4  12 
  4   4   6  13 
  3   2   4   2  20 
  5   7   6   4   2  12 
  4   4   4   7   4   7  11 
  5   3   6   3   2   3   3  12 
  3   4   6   5   1   4   4   3  17 
  4   2   4   2   1   3   2   2   2  10 
  3   3   3   3   3   3   4   2   3   7  10 
  5   7   5   4   3   5   6   4   3   3   3  10 
  5   5   4   2   1   4   3   4   6   6   8   5  11 
  3   4   4   2   1   1   2   2   2   6   7   4   5  13 
  3   3   3   4   1   5   5   3   4   4   2   5   2   1  15 
  6   4   5   4   2   5   5   6   4   3   3   5   4   4   3   9 
  5   3   5   4   4   5   4   3   3   4   5   5   5   4   5   7  10 
  3   5   3   2   0   4   4   4   1   4   5   5   6   6   1   3   3  21 
  4   5   3   3   0   5   4   3   5   5   5   4   5   8   2   4   3   8  13 
  5   4   3   3   3   2   3   2   1   9   7   3   6   6   2   4   6   3   5  10 
 A   R   N   D   C   Q   E   G   H   I   L   K   M   F   P   S   T   W   Y   V  

10 times log base 10 matrix:
 A   R   N   D   C   Q   E   G   H   I   L   K   M   F   P   S   T   W   Y   V  
  3 
 -1   6 
  0  -1   5 
 -1  -1   1   6 
 -1  -2  -1  -2  11 
  0   1   0  -1  -3   5 
 -1  -1  -1   1  -1   2   4 
  0  -2   1  -1  -2  -1  -2   6 
 -1  -1   1   0  -3   0  -1  -1   9 
 -1  -2  -1  -2  -3  -2  -2  -2  -2   4 
 -1  -1  -2  -2  -2  -1  -1  -2  -1   2   4 
  0   1   0   0  -1   0   1  -1  -2  -1  -2   4 
  0   0  -1  -2  -3  -1  -1  -1   1   1   2   0   4 
 -2  -1  -1  -2  -3  -3  -2  -2  -2   1   1  -1   0   6 
 -1  -2  -1  -1  -3   0   0  -1  -1  -1  -2   0  -2  -3   8 
  1   0   0  -1  -2   0   0   1   0  -1  -1   0  -1  -1  -1   3 
  0  -1   0  -1  -1   0  -1  -2  -1   0   0   0   0  -1   0   1   4 
 -1   0  -2  -2  -3  -1   0  -1  -3  -1   0   0   1   1  -3  -2  -1  12 
 -1   0  -2  -2  -4   0  -1  -1   0   0   0  -1   0   3  -2  -1  -1   2   6 
  0  -1  -2  -2  -2  -2  -1  -2  -3   3   1  -1   1   0  -2  -1   1  -2   0   4 
 A   R   N   D   C   Q   E   G   H   I   L   K   M   F   P   S   T   W   Y   V  
