BLOSUM: (C) Copyright 1992, Fred Hutchinson Cancer Research Center
Reading /data/blocks_5.0/blocks.dat
Minimum block strength=0, Maximum block strength=9999
Re-clustering percentage = 50

2106 blocks processed, 1161 blocks contributed pairs to matrix
557053.175658 total pairs,  27102 total sequences, 75307 total columns, 927076 total AAs

Frequencies = fij pairs (off-diagonals = 2*fij):
    A      R      N      D      C      Q      E      G      H      I      L      K      M      F      P      S      T      W      Y      V  
 10682.82 
  3034.87   8494.79 
  2677.36   2210.31   5606.34 
  2891.15   2068.86   3892.52   8992.11 
  1689.11    566.42    652.05    546.53   5057.53 
  2441.71   2812.23   1757.19   1933.64    417.90   3191.29 
  3837.90   3269.54   2524.00   5358.06    639.98   3670.58   7875.47 
  6935.48   2265.08   3479.11   3148.02    962.77   1843.05   2507.44  17597.50 
  1351.17   1439.05   1674.77   1250.48    317.89   1162.52   1416.43   1222.49   3554.27 
  3906.94   1654.55   1404.28   1357.79    935.28   1252.95   1674.21   1952.28    725.87   7798.61 
  5354.86   3141.84   1917.64   2041.07   1544.93   2093.64   2875.89   2964.24   1440.65  11576.47  16939.58 
  3689.71   7089.26   2983.71   2950.49    661.72   3194.38   4844.61   3118.43   1506.60   1934.51   2953.51   7241.46 
  1774.76    980.91    724.98    607.40    412.85    910.78    927.94   1042.21    510.32   2503.11   4648.35   1077.46   1595.24 
  2240.63   1317.72   1025.84    928.86    675.63    780.32   1379.43   1638.17    999.38   3397.82   6462.76   1380.05   1374.17   8552.17 
  2492.00   1258.01   1201.10   1661.25    409.72   1193.88   2156.68   2086.22    655.00   1491.83   1931.79   2013.28    605.18    823.20   9501.33 
  6916.08   2838.82   3540.37   3138.24   1227.18   2473.26   3299.41   4890.12   1346.91   2316.44   3234.27   3424.75   1102.55   1762.50   2057.56   6193.92 
  4365.37   2312.40   2852.92   2500.45   1076.15   1668.51   2725.77   2770.49    950.88   3251.22   4278.60   2882.78   1268.59   1617.45   1804.51   5250.78   5543.30 
   541.81    430.02    250.35    240.98    106.37    381.15    472.38    569.39    179.24    511.16    878.02    407.96    283.58    990.14    262.28    356.34    406.23   3282.03 
  1703.39   1444.85   1003.84    967.47    448.60    967.06   1372.64   1287.71   1447.71   1974.89   3061.73   1442.13    835.20   4351.38    714.27   1444.93   1364.06    902.82   4307.45 
  6063.16   2202.29   1631.30   1790.49   1456.31   1570.86   2182.23   2400.08    824.82  11956.78  10215.18   2441.76   2387.67   3336.68   1730.34   3257.51   4526.65    536.28   1965.96   9111.27 
   A     R     N     D     C     Q     E     G     H     I     L     K     M     F     P     S     T     W     Y     V  

Target Probabilities=qij in blosum50.qij
sumqij = 1.000000

Marginal Probabilities by AA = p(i,*):
   A     R     N     D     C     Q     E     G     H     I     L     K     M     F     P     S     T     W     Y     V  
0.077 0.053 0.044 0.051 0.022 0.035 0.056 0.074 0.025 0.064 0.096 0.058 0.024 0.048 0.041 0.059 0.053 0.014 0.033 0.072 
sumpi=1.000
AA Frequencies = ai:
   72060    47671    38063    48555    22533    31697    54594    77275    22870    57132    84849    51457    22248    40562    39717    54328    50667    12772    31580    66446 
AA Probabilities = fi:
   A     R     N     D     C     Q     E     G     H     I     L     K     M     F     P     S     T     W     Y     V  
0.078 0.051 0.041 0.052 0.024 0.034 0.059 0.083 0.025 0.062 0.092 0.056 0.024 0.044 0.043 0.059 0.055 0.014 0.034 0.072 
sumpi=1.000

totpairs=557053.176, FTotPairs=557053.176
 totdiag=151118.482, totoffd=405934.693 totaas=927076, TotAas=927076

Entropy=0.4808 bits, expected=-0.3573 bits

Scoring matrix in bit units=sij in blosum50.sij

Integer scoring matrix in 1/3 bit units in blosum50.iij

Maximum=15, minimum=-5, sum=-156

Positive matrix (+5):
 A   R   N   D   C   Q   E   G   H   I   L   K   M   F   P   S   T   W   Y   V  
 10 
  3  12 
  4   4  12 
  3   3   7  13 
  4   1   3   1  18 
  4   6   5   5   2  12 
  4   5   5   7   2   7  11 
  5   2   5   4   2   3   2  13 
  3   5   6   4   2   6   5   3  15 
  4   1   2   1   3   2   1   1   1  10 
  3   2   1   1   3   3   2   1   2   7  10 
  4   8   5   4   2   7   6   3   5   2   2  11 
  4   3   3   1   3   5   3   2   4   7   8   3  12 
  2   2   1   0   3   1   2   1   4   5   6   1   5  13 
  4   2   3   4   1   4   4   3   3   2   1   4   2   1  15 
  6   4   6   5   4   5   4   5   4   2   2   5   3   2   4  10 
  5   4   5   4   4   4   4   3   3   4   4   4   4   3   4   7  10 
  2   2   1   0   0   4   2   2   2   2   3   2   4   6   1   1   2  20 
  3   4   3   2   2   4   3   2   7   4   4   3   5   9   2   3   3   7  13 
  5   2   2   1   4   2   2   1   1   9   6   2   6   4   2   3   5   2   4  10 
 A   R   N   D   C   Q   E   G   H   I   L   K   M   F   P   S   T   W   Y   V  

10 times log base 10 matrix:
 A   R   N   D   C   Q   E   G   H   I   L   K   M   F   P   S   T   W   Y   V  
  5 
 -2   7 
 -1  -1   7 
 -2  -2   2   8 
 -1  -4  -2  -4  13 
 -1   1   0   0  -3   7 
 -1   0   0   2  -3   2   6 
  0  -3   0  -1  -3  -2  -3   8 
 -2   0   1  -1  -3   1   0  -2  10 
 -1  -4  -3  -4  -2  -3  -4  -4  -4   5 
 -2  -3  -4  -4  -2  -2  -3  -4  -3   2   5 
 -1   3   0  -1  -3   2   1  -2   0  -3  -3   6 
 -1  -2  -2  -4  -2   0  -2  -3  -1   2   3  -2   7 
 -3  -3  -4  -5  -2  -4  -3  -4  -1   0   1  -4   0   8 
 -1  -3  -2  -1  -4  -1  -1  -2  -2  -3  -4  -1  -3  -4  10 
  1  -1   1   0  -1   0  -1   0  -1  -3  -3   0  -2  -3  -1   5 
  0  -1   0  -1  -1  -1  -1  -2  -2  -1  -1  -1  -1  -2  -1   2   6 
 -3  -3  -4  -5  -5  -1  -3  -3  -3  -3  -2  -3  -1   1  -4  -4  -3  15 
 -2  -1  -2  -3  -3  -1  -2  -3   2  -1  -1  -2   0   4  -3  -2  -2   2   8 
  0  -3  -3  -4  -1  -3  -3  -4  -4   4   1  -3   1  -1  -3  -2   0  -3  -1   5 
 A   R   N   D   C   Q   E   G   H   I   L   K   M   F   P   S   T   W   Y   V  
