0.0 0.95 4.4 0.95101
0.0 0.95 4.3 0.95511
0.0 0.95 4.2 0.96009
0.0 0.95 4.1 0.96240
0.0 0.95 4.0 0.96569
0.0 0.95 3.9 0.97683
0.0 0.95 3.8 0.98203
0.0 0.95 3.7 0.98346
0.0 0.95 3.6 0.98445
0.0 0.95 3.5 0.98558
0.0 0.95 3.4 0.98714
0.0 0.95 3.3 0.98823
0.0 0.95 3.2 0.98897
0.0 0.95 3.1 0.98966
0.0 0.95 3.0 0.99025
0.0 0.95 2.9 0.99086
0.0 0.95 2.8 0.99149
0.0 0.95 2.7 0.99198
0.0 0.95 2.6 0.99236
0.0 0.95 2.5 0.99278
0.0 0.95 2.4 0.99332
0.0 0.95 2.3 0.99391
0.0 0.95 2.2 0.99427
0.0 0.95 2.1 0.99461
0.0 0.95 2.0 0.99490
0.0 0.95 1.9 0.99522
0.0 0.95 1.8 0.99554
0.0 0.95 1.7 0.99587
0.0 0.95 1.6 0.99609
0.0 0.95 1.5 0.99629
0.0 0.95 1.4 0.99645
0.0 0.95 1.3 0.99667
0.0 0.95 1.2 0.99759
0.0 0.95 1.1 0.99889
0.0 0.95 1.0 0.99903
0.0 0.95 0.9 0.99915
0.0 0.95 0.8 0.99934
0.0 0.95 0.7 0.99947
0.0 0.95 0.6 0.99957
0.0 0.95 0.5 0.99976
0.0 0.95 0.4 0.99991
0.0 0.95 0.3 0.99995
0.0 0.95 0.2 0.99999
0.0 0.95 0.1 1.00000
0.0 0.90 4.0 0.95329
0.0 0.90 3.9 0.96122
0.0 0.90 3.8 0.96715
0.0 0.90 3.7 0.97296
0.0 0.90 3.6 0.97487
0.0 0.90 3.5 0.97649
0.0 0.90 3.4 0.97832
0.0 0.90 3.3 0.97997
0.0 0.90 3.2 0.98136
0.0 0.90 3.1 0.98251
0.0 0.90 3.0 0.98343
0.0 0.90 2.9 0.98432
0.0 0.90 2.8 0.98536
0.0 0.90 2.7 0.98620
0.0 0.90 2.6 0.98695
0.0 0.90 2.5 0.98772
0.0 0.90 2.4 0.98868
0.0 0.90 2.3 0.98984
0.0 0.90 2.2 0.99079
0.0 0.90 2.1 0.99146
0.0 0.90 2.0 0.99214
0.0 0.90 1.9 0.99271
0.0 0.90 1.8 0.99330
0.0 0.90 1.7 0.99441
0.0 0.90 1.6 0.99488
0.0 0.90 1.5 0.99523
0.0 0.90 1.4 0.99550
0.0 0.90 1.3 0.99586
0.0 0.90 1.2 0.99677
0.0 0.90 1.1 0.99814
0.0 0.90 1.0 0.99841
0.0 0.90 0.9 0.99865
0.0 0.90 0.8 0.99892
0.0 0.90 0.7 0.99932
0.0 0.90 0.6 0.99950
0.0 0.90 0.5 0.99970
0.0 0.90 0.4 0.99987
0.0 0.90 0.3 0.99994
0.0 0.90 0.2 0.99998
0.0 0.90 0.1 1.00000
0.0 0.85 3.8 0.95521
0.0 0.85 3.7 0.96110
0.0 0.85 3.6 0.96401
0.0 0.85 3.5 0.96647
0.0 0.85 3.4 0.96898
0.0 0.85 3.3 0.97139
0.0 0.85 3.2 0.97344
0.0 0.85 3.1 0.97531
0.0 0.85 3.0 0.97692
0.0 0.85 2.9 0.97834
0.0 0.85 2.8 0.97985
0.0 0.85 2.7 0.98113
0.0 0.85 2.6 0.98229
0.0 0.85 2.5 0.98344
0.0 0.85 2.4 0.98484
0.0 0.85 2.3 0.98655
0.0 0.85 2.2 0.98786
0.0 0.85 2.1 0.98889
0.0 0.85 2.0 0.98987
0.0 0.85 1.9 0.99077
0.0 0.85 1.8 0.99172
0.0 0.85 1.7 0.99307
0.0 0.85 1.6 0.99387
0.0 0.85 1.5 0.99446
0.0 0.85 1.4 0.99492
0.0 0.85 1.3 0.99542
0.0 0.85 1.2 0.99634
0.0 0.85 1.1 0.99761
0.0 0.85 1.0 0.99804
0.0 0.85 0.9 0.99839
0.0 0.85 0.8 0.99874
0.0 0.85 0.7 0.99916
0.0 0.85 0.6 0.99940
0.0 0.85 0.5 0.99963
0.0 0.85 0.4 0.99983
0.0 0.85 0.3 0.99992
0.0 0.85 0.2 0.99997
0.0 0.85 0.1 1.00000
0.0 0.80 3.5 0.95174
0.0 0.80 3.4 0.95546
0.0 0.80 3.3 0.95894
0.0 0.80 3.2 0.96199
0.0 0.80 3.1 0.96481
0.0 0.80 3.0 0.96743
0.0 0.80 2.9 0.96984
0.0 0.80 2.8 0.97224
0.0 0.80 2.7 0.97429
0.0 0.80 2.6 0.97601
0.0 0.80 2.5 0.97762
0.0 0.80 2.4 0.97934
0.0 0.80 2.3 0.98129
0.0 0.80 2.2 0.98290
0.0 0.80 2.1 0.98426
0.0 0.80 2.0 0.98561
0.0 0.80 1.9 0.98686
0.0 0.80 1.8 0.98808
0.0 0.80 1.7 0.98961
0.0 0.80 1.6 0.99108
0.0 0.80 1.5 0.99243
0.0 0.80 1.4 0.99316
0.0 0.80 1.3 0.99393
0.0 0.80 1.2 0.99498
0.0 0.80 1.1 0.99642
0.0 0.80 1.0 0.99719
0.0 0.80 0.9 0.99772
0.0 0.80 0.8 0.99827
0.0 0.80 0.7 0.99888
0.0 0.80 0.6 0.99922
0.0 0.80 0.5 0.99953
0.0 0.80 0.4 0.99977
0.0 0.80 0.3 0.99990
0.0 0.80 0.2 0.99997
0.0 0.80 0.1 1.00000
0.0 0.75 3.0 0.95220
0.0 0.75 2.9 0.95582
0.0 0.75 2.8 0.95945
0.0 0.75 2.7 0.96272
0.0 0.75 2.6 0.96556
0.0 0.75 2.5 0.96810
0.0 0.75 2.4 0.97062
0.0 0.75 2.3 0.97352
0.0 0.75 2.2 0.97578
0.0 0.75 2.1 0.97774
0.0 0.75 2.0 0.97975
0.0 0.75 1.9 0.98166
0.0 0.75 1.8 0.98348
0.0 0.75 1.7 0.98549
0.0 0.75 1.6 0.98735
0.0 0.75 1.5 0.98939
0.0 0.75 1.4 0.99068
0.0 0.75 1.3 0.99187
0.0 0.75 1.2 0.99327
0.0 0.75 1.1 0.99489
0.0 0.75 1.0 0.99591
0.0 0.75 0.9 0.99676
0.0 0.75 0.8 0.99756
0.0 0.75 0.7 0.99841
0.0 0.75 0.6 0.99895
0.0 0.75 0.5 0.99940
0.0 0.75 0.4 0.99970
0.0 0.75 0.3 0.99988
0.0 0.75 0.2 0.99996
0.0 0.75 0.1 1.00000
0.0 0.70 2.4 0.95268
0.0 0.70 2.3 0.95714
0.0 0.70 2.2 0.96094
0.0 0.70 2.1 0.96463
0.0 0.70 2.0 0.96836
0.0 0.70 1.9 0.97169
0.0 0.70 1.8 0.97481
0.0 0.70 1.7 0.97821
0.0 0.70 1.6 0.98116
0.0 0.70 1.5 0.98395
0.0 0.70 1.4 0.98601
0.0 0.70 1.3 0.98795
0.0 0.70 1.2 0.99000
0.0 0.70 1.1 0.99230
0.0 0.70 1.0 0.99389
0.0 0.70 0.9 0.99524
0.0 0.70 0.8 0.99646
0.0 0.70 0.7 0.99761
0.0 0.70 0.6 0.99847
0.0 0.70 0.5 0.99915
0.0 0.70 0.4 0.99959
0.0 0.70 0.3 0.99984
0.0 0.70 0.2 0.99996
0.0 0.70 0.1 1.00000
0.0 0.65 2.0 0.95052
0.0 0.65 1.9 0.95559
0.0 0.65 1.8 0.96032
0.0 0.65 1.7 0.96536
0.0 0.65 1.6 0.96987
0.0 0.65 1.5 0.97407
0.0 0.65 1.4 0.97759
0.0 0.65 1.3 0.98088
0.0 0.65 1.2 0.98414
0.0 0.65 1.1 0.98743
0.0 0.65 1.0 0.99022
0.0 0.65 0.9 0.99249
0.0 0.65 0.8 0.99452
0.0 0.65 0.7 0.99630
0.0 0.65 0.6 0.99763
0.0 0.65 0.5 0.99863
0.0 0.65 0.4 0.99938
0.0 0.65 0.3 0.99976
0.0 0.65 0.2 0.99995
0.0 0.65 0.1 1.00000
0.0 0.60 1.5 0.95631
0.0 0.60 1.4 0.96234
0.0 0.60 1.3 0.96789
0.0 0.60 1.2 0.97323
0.0 0.60 1.1 0.97837
0.0 0.60 1.0 0.98302
0.0 0.60 0.9 0.98698
0.0 0.60 0.8 0.99043
0.0 0.60 0.7 0.99337
0.0 0.60 0.6 0.99571
0.0 0.60 0.5 0.99747
0.0 0.60 0.4 0.99892
0.0 0.60 0.3 0.99960
0.0 0.60 0.2 0.99992
0.0 0.60 0.1 0.99999
0.0 0.55 1.2 0.95329
0.0 0.55 1.1 0.96176
0.0 0.55 1.0 0.96955
0.0 0.55 0.9 0.97658
0.0 0.55 0.8 0.98281
0.0 0.55 0.7 0.98779
0.0 0.55 0.6 0.99188
0.0 0.55 0.5 0.99532
0.0 0.55 0.4 0.99809
0.0 0.55 0.3 0.99933
0.0 0.55 0.2 0.99986
0.0 0.55 0.1 0.99999
0.0 0.50 0.9 0.95765
0.0 0.50 0.8 0.96866
0.0 0.50 0.7 0.97750
0.0 0.50 0.6 0.98491
0.0 0.50 0.5 0.99116
0.0 0.50 0.4 0.99623
0.0 0.50 0.3 0.99864
0.0 0.50 0.2 0.99971
0.0 0.50 0.1 0.99997
0.0 0.45 0.7 0.95713
0.0 0.45 0.6 0.97058
0.0 0.45 0.5 0.98208
0.0 0.45 0.4 0.99156
0.0 0.45 0.3 0.99674
0.0 0.45 0.2 0.99928
0.0 0.45 0.1 0.99994
0.0 0.40 0.5 0.96442
0.0 0.40 0.4 0.98145
0.0 0.40 0.3 0.99237
0.0 0.40 0.2 0.99812
0.0 0.40 0.1 0.99985
0.0 0.35 0.4 0.96428
0.0 0.35 0.3 0.98377
0.0 0.35 0.2 0.99553
0.0 0.35 0.1 0.99964
0.0 0.30 0.3 0.97167
0.0 0.30 0.2 0.99113
0.0 0.30 0.1 0.99915
0.1 0.95 4.4 0.95121
0.1 0.95 4.3 0.95531
0.1 0.95 4.2 0.96029
0.1 0.95 4.1 0.96259
0.1 0.95 4.0 0.96589
0.1 0.95 3.9 0.97710
0.1 0.95 3.8 0.98230
0.1 0.95 3.7 0.98373
0.1 0.95 3.6 0.98472
0.1 0.95 3.5 0.98583
0.1 0.95 3.4 0.98740
0.1 0.95 3.3 0.98849
0.1 0.95 3.2 0.98923
0.1 0.95 3.1 0.98991
0.1 0.95 3.0 0.99049
0.1 0.95 2.9 0.99109
0.1 0.95 2.8 0.99170
0.1 0.95 2.7 0.99218
0.1 0.95 2.6 0.99256
0.1 0.95 2.5 0.99296
0.1 0.95 2.4 0.99349
0.1 0.95 2.3 0.99406
0.1 0.95 2.2 0.99441
0.1 0.95 2.1 0.99475
0.1 0.95 2.0 0.99502
0.1 0.95 1.9 0.99534
0.1 0.95 1.8 0.99565
0.1 0.95 1.7 0.99597
0.1 0.95 1.6 0.99619
0.1 0.95 1.5 0.99637
0.1 0.95 1.4 0.99653
0.1 0.95 1.3 0.99675
0.1 0.95 1.2 0.99766
0.1 0.95 1.1 0.99897
0.1 0.95 1.0 0.99909
0.1 0.95 0.9 0.99920
0.1 0.95 0.8 0.99938
0.1 0.95 0.7 0.99951
0.1 0.95 0.6 0.99959
0.1 0.95 0.5 0.99978
0.1 0.95 0.4 0.99992
0.1 0.95 0.3 0.99995
0.1 0.95 0.2 0.99999
0.1 0.95 0.1 1.00000
0.1 0.90 4.0 0.95347
0.1 0.90 3.9 0.96146
0.1 0.90 3.8 0.96741
0.1 0.90 3.7 0.97323
0.1 0.90 3.6 0.97514
0.1 0.90 3.5 0.97676
0.1 0.90 3.4 0.97859
0.1 0.90 3.3 0.98025
0.1 0.90 3.2 0.98163
0.1 0.90 3.1 0.98278
0.1 0.90 3.0 0.98370
0.1 0.90 2.9 0.98458
0.1 0.90 2.8 0.98561
0.1 0.90 2.7 0.98644
0.1 0.90 2.6 0.98718
0.1 0.90 2.5 0.98794
0.1 0.90 2.4 0.98889
0.1 0.90 2.3 0.99004
0.1 0.90 2.2 0.99098
0.1 0.90 2.1 0.99165
0.1 0.90 2.0 0.99233
0.1 0.90 1.9 0.99289
0.1 0.90 1.8 0.99347
0.1 0.90 1.7 0.99458
0.1 0.90 1.6 0.99504
0.1 0.90 1.5 0.99538
0.1 0.90 1.4 0.99564
0.1 0.90 1.3 0.99599
0.1 0.90 1.2 0.99690
0.1 0.90 1.1 0.99827
0.1 0.90 1.0 0.99852
0.1 0.90 0.9 0.99875
0.1 0.90 0.8 0.99900
0.1 0.90 0.7 0.99938
0.1 0.90 0.6 0.99954
0.1 0.90 0.5 0.99973
0.1 0.90 0.4 0.99989
0.1 0.90 0.3 0.99994
0.1 0.90 0.2 0.99998
0.1 0.90 0.1 1.00000
0.1 0.85 3.8 0.95546
0.1 0.85 3.7 0.96136
0.1 0.85 3.6 0.96427
0.1 0.85 3.5 0.96674
0.1 0.85 3.4 0.96925
0.1 0.85 3.3 0.97166
0.1 0.85 3.2 0.97371
0.1 0.85 3.1 0.97558
0.1 0.85 3.0 0.97719
0.1 0.85 2.9 0.97861
0.1 0.85 2.8 0.98011
0.1 0.85 2.7 0.98139
0.1 0.85 2.6 0.98254
0.1 0.85 2.5 0.98369
0.1 0.85 2.4 0.98508
0.1 0.85 2.3 0.98678
0.1 0.85 2.2 0.98808
0.1 0.85 2.1 0.98911
0.1 0.85 2.0 0.99009
0.1 0.85 1.9 0.99099
0.1 0.85 1.8 0.99193
0.1 0.85 1.7 0.99328
0.1 0.85 1.6 0.99407
0.1 0.85 1.5 0.99465
0.1 0.85 1.4 0.99511
0.1 0.85 1.3 0.99560
0.1 0.85 1.2 0.99650
0.1 0.85 1.1 0.99778
0.1 0.85 1.0 0.99818
0.1 0.85 0.9 0.99850
0.1 0.85 0.8 0.99884
0.1 0.85 0.7 0.99923
0.1 0.85 0.6 0.99945
0.1 0.85 0.5 0.99966
0.1 0.85 0.4 0.99984
0.1 0.85 0.3 0.99992
0.1 0.85 0.2 0.99997
0.1 0.85 0.1 1.00000
0.1 0.80 3.5 0.95197
0.1 0.80 3.4 0.95569
0.1 0.80 3.3 0.95918
0.1 0.80 3.2 0.96223
0.1 0.80 3.1 0.96505
0.1 0.80 3.0 0.96768
0.1 0.80 2.9 0.97009
0.1 0.80 2.8 0.97249
0.1 0.80 2.7 0.97454
0.1 0.80 2.6 0.97626
0.1 0.80 2.5 0.97787
0.1 0.80 2.4 0.97958
0.1 0.80 2.3 0.98152
0.1 0.80 2.2 0.98313
0.1 0.80 2.1 0.98448
0.1 0.80 2.0 0.98582
0.1 0.80 1.9 0.98707
0.1 0.80 1.8 0.98828
0.1 0.80 1.7 0.98981
0.1 0.80 1.6 0.99128
0.1 0.80 1.5 0.99264
0.1 0.80 1.4 0.99336
0.1 0.80 1.3 0.99411
0.1 0.80 1.2 0.99516
0.1 0.80 1.1 0.99660
0.1 0.80 1.0 0.99734
0.1 0.80 0.9 0.99785
0.1 0.80 0.8 0.99838
0.1 0.80 0.7 0.99895
0.1 0.80 0.6 0.99928
0.1 0.80 0.5 0.99957
0.1 0.80 0.4 0.99978
0.1 0.80 0.3 0.99990
0.1 0.80 0.2 0.99997
0.1 0.80 0.1 1.00000
0.1 0.75 3.0 0.95240
0.1 0.75 2.9 0.95604
0.1 0.75 2.8 0.95967
0.1 0.75 2.7 0.96296
0.1 0.75 2.6 0.96580
0.1 0.75 2.5 0.96835
0.1 0.75 2.4 0.97086
0.1 0.75 2.3 0.97376
0.1 0.75 2.2 0.97602
0.1 0.75 2.1 0.97798
0.1 0.75 2.0 0.97997
0.1 0.75 1.9 0.98188
0.1 0.75 1.8 0.98369
0.1 0.75 1.7 0.98570
0.1 0.75 1.6 0.98756
0.1 0.75 1.5 0.98960
0.1 0.75 1.4 0.99088
0.1 0.75 1.3 0.99207
0.1 0.75 1.2 0.99346
0.1 0.75 1.1 0.99508
0.1 0.75 1.0 0.99608
0.1 0.75 0.9 0.99691
0.1 0.75 0.8 0.99769
0.1 0.75 0.7 0.99851
0.1 0.75 0.6 0.99902
0.1 0.75 0.5 0.99945
0.1 0.75 0.4 0.99972
0.1 0.75 0.3 0.99989
0.1 0.75 0.2 0.99997
0.1 0.75 0.1 1.00000
0.1 0.70 2.4 0.95284
0.1 0.70 2.3 0.95731
0.1 0.70 2.2 0.96113
0.1 0.70 2.1 0.96483
0.1 0.70 2.0 0.96855
0.1 0.70 1.9 0.97189
0.1 0.70 1.8 0.97502
0.1 0.70 1.7 0.97844
0.1 0.70 1.6 0.98138
0.1 0.70 1.5 0.98418
0.1 0.70 1.4 0.98623
0.1 0.70 1.3 0.98817
0.1 0.70 1.2 0.99022
0.1 0.70 1.1 0.99252
0.1 0.70 1.0 0.99409
0.1 0.70 0.9 0.99542
0.1 0.70 0.8 0.99662
0.1 0.70 0.7 0.99773
0.1 0.70 0.6 0.99857
0.1 0.70 0.5 0.99921
0.1 0.70 0.4 0.99962
0.1 0.70 0.3 0.99986
0.1 0.70 0.2 0.99996
0.1 0.70 0.1 1.00000
0.1 0.65 2.0 0.95067
0.1 0.65 1.9 0.95576
0.1 0.65 1.8 0.96051
0.1 0.65 1.7 0.96557
0.1 0.65 1.6 0.97009
0.1 0.65 1.5 0.97431
0.1 0.65 1.4 0.97783
0.1 0.65 1.3 0.98113
0.1 0.65 1.2 0.98439
0.1 0.65 1.1 0.98769
0.1 0.65 1.0 0.99047
0.1 0.65 0.9 0.99272
0.1 0.65 0.8 0.99473
0.1 0.65 0.7 0.99647
0.1 0.65 0.6 0.99777
0.1 0.65 0.5 0.99873
0.1 0.65 0.4 0.99944
0.1 0.65 0.3 0.99978
0.1 0.65 0.2 0.99995
0.1 0.65 0.1 1.00000
0.1 0.60 1.5 0.95652
0.1 0.60 1.4 0.96258
0.1 0.60 1.3 0.96815
0.1 0.60 1.2 0.97350
0.1 0.60 1.1 0.97867
0.1 0.60 1.0 0.98332
0.1 0.60 0.9 0.98727
0.1 0.60 0.8 0.99072
0.1 0.60 0.7 0.99362
0.1 0.60 0.6 0.99592
0.1 0.60 0.5 0.99763
0.1 0.60 0.4 0.99902
0.1 0.60 0.3 0.99965
0.1 0.60 0.2 0.99994
0.1 0.60 0.1 0.99999
0.1 0.55 1.2 0.95365
0.1 0.55 1.1 0.96215
0.1 0.55 1.0 0.96996
0.1 0.55 0.9 0.97701
0.1 0.55 0.8 0.98324
0.1 0.55 0.7 0.98818
0.1 0.55 0.6 0.99222
0.1 0.55 0.5 0.99560
0.1 0.55 0.4 0.99830
0.1 0.55 0.3 0.99945
0.1 0.55 0.2 0.99991
0.1 0.55 0.1 0.99999
0.1 0.50 0.9 0.95828
0.1 0.50 0.8 0.96931
0.1 0.50 0.7 0.97813
0.1 0.50 0.6 0.98548
0.1 0.50 0.5 0.99166
0.1 0.50 0.4 0.99661
0.1 0.50 0.3 0.99889
0.1 0.50 0.2 0.99982
0.1 0.50 0.1 0.99999
0.1 0.45 0.7 0.95815
0.1 0.45 0.6 0.97156
0.1 0.45 0.5 0.98296
0.1 0.45 0.4 0.99227
0.1 0.45 0.3 0.99724
0.1 0.45 0.2 0.99952
0.1 0.45 0.1 0.99998
0.1 0.40 0.5 0.96557
0.1 0.40 0.4 0.98243
0.1 0.40 0.3 0.99309
0.1 0.40 0.2 0.99850
0.1 0.40 0.1 0.99991
0.1 0.35 0.4 0.96541
0.1 0.35 0.3 0.98466
0.1 0.35 0.2 0.99605
0.1 0.35 0.1 0.99974
0.1 0.30 0.3 0.97261
0.1 0.30 0.2 0.99172
0.1 0.30 0.1 0.99930
0.2 0.95 4.4 0.95214
0.2 0.95 4.3 0.95621
0.2 0.95 4.2 0.96119
0.2 0.95 4.1 0.96347
0.2 0.95 4.0 0.96675
0.2 0.95 3.9 0.97814
0.2 0.95 3.8 0.98337
0.2 0.95 3.7 0.98477
0.2 0.95 3.6 0.98573
0.2 0.95 3.5 0.98679
0.2 0.95 3.4 0.98828
0.2 0.95 3.3 0.98933
0.2 0.95 3.2 0.99003
0.2 0.95 3.1 0.99067
0.2 0.95 3.0 0.99120
0.2 0.95 2.9 0.99173
0.2 0.95 2.8 0.99225
0.2 0.95 2.7 0.99269
0.2 0.95 2.6 0.99304
0.2 0.95 2.5 0.99341
0.2 0.95 2.4 0.99384
0.2 0.95 2.3 0.99432
0.2 0.95 2.2 0.99466
0.2 0.95 2.1 0.99496
0.2 0.95 2.0 0.99522
0.2 0.95 1.9 0.99552
0.2 0.95 1.8 0.99579
0.2 0.95 1.7 0.99605
0.2 0.95 1.6 0.99624
0.2 0.95 1.5 0.99638
0.2 0.95 1.4 0.99650
0.2 0.95 1.3 0.99672
0.2 0.95 1.2 0.99764
0.2 0.95 1.1 0.99897
0.2 0.95 1.0 0.99909
0.2 0.95 0.9 0.99919
0.2 0.95 0.8 0.99937
0.2 0.95 0.7 0.99950
0.2 0.95 0.6 0.99959
0.2 0.95 0.5 0.99977
0.2 0.95 0.4 0.99992
0.2 0.95 0.3 0.99995
0.2 0.95 0.2 0.99999
0.2 0.95 0.1 1.00000
0.2 0.90 4.1 0.95017
0.2 0.90 4.0 0.95423
0.2 0.90 3.9 0.96234
0.2 0.90 3.8 0.96833
0.2 0.90 3.7 0.97425
0.2 0.90 3.6 0.97612
0.2 0.90 3.5 0.97769
0.2 0.90 3.4 0.97945
0.2 0.90 3.3 0.98106
0.2 0.90 3.2 0.98237
0.2 0.90 3.1 0.98343
0.2 0.90 3.0 0.98428
0.2 0.90 2.9 0.98511
0.2 0.90 2.8 0.98603
0.2 0.90 2.7 0.98680
0.2 0.90 2.6 0.98752
0.2 0.90 2.5 0.98826
0.2 0.90 2.4 0.98915
0.2 0.90 2.3 0.99025
0.2 0.90 2.2 0.99119
0.2 0.90 2.1 0.99183
0.2 0.90 2.0 0.99247
0.2 0.90 1.9 0.99300
0.2 0.90 1.8 0.99355
0.2 0.90 1.7 0.99463
0.2 0.90 1.6 0.99506
0.2 0.90 1.5 0.99537
0.2 0.90 1.4 0.99560
0.2 0.90 1.3 0.99594
0.2 0.90 1.2 0.99686
0.2 0.90 1.1 0.99827
0.2 0.90 1.0 0.99851
0.2 0.90 0.9 0.99873
0.2 0.90 0.8 0.99899
0.2 0.90 0.7 0.99936
0.2 0.90 0.6 0.99953
0.2 0.90 0.5 0.99972
0.2 0.90 0.4 0.99988
0.2 0.90 0.3 0.99994
0.2 0.90 0.2 0.99998
0.2 0.90 0.1 1.00000
0.2 0.85 3.9 0.95015
0.2 0.85 3.8 0.95626
0.2 0.85 3.7 0.96226
0.2 0.85 3.6 0.96515
0.2 0.85 3.5 0.96756
0.2 0.85 3.4 0.97001
0.2 0.85 3.3 0.97239
0.2 0.85 3.2 0.97438
0.2 0.85 3.1 0.97617
0.2 0.85 3.0 0.97772
0.2 0.85 2.9 0.97908
0.2 0.85 2.8 0.98050
0.2 0.85 2.7 0.98174
0.2 0.85 2.6 0.98287
0.2 0.85 2.5 0.98401
0.2 0.85 2.4 0.98536
0.2 0.85 2.3 0.98704
0.2 0.85 2.2 0.98834
0.2 0.85 2.1 0.98934
0.2 0.85 2.0 0.99027
0.2 0.85 1.9 0.99113
0.2 0.85 1.8 0.99204
0.2 0.85 1.7 0.99336
0.2 0.85 1.6 0.99413
0.2 0.85 1.5 0.99468
0.2 0.85 1.4 0.99511
0.2 0.85 1.3 0.99559
0.2 0.85 1.2 0.99650
0.2 0.85 1.1 0.99779
0.2 0.85 1.0 0.99818
0.2 0.85 0.9 0.99849
0.2 0.85 0.8 0.99882
0.2 0.85 0.7 0.99921
0.2 0.85 0.6 0.99943
0.2 0.85 0.5 0.99965
0.2 0.85 0.4 0.99983
0.2 0.85 0.3 0.99992
0.2 0.85 0.2 0.99997
0.2 0.85 0.1 1.00000
0.2 0.80 3.5 0.95274
0.2 0.80 3.4 0.95642
0.2 0.80 3.3 0.95987
0.2 0.80 3.2 0.96288
0.2 0.80 3.1 0.96564
0.2 0.80 3.0 0.96821
0.2 0.80 2.9 0.97059
0.2 0.80 2.8 0.97292
0.2 0.80 2.7 0.97494
0.2 0.80 2.6 0.97664
0.2 0.80 2.5 0.97822
0.2 0.80 2.4 0.97989
0.2 0.80 2.3 0.98181
0.2 0.80 2.2 0.98341
0.2 0.80 2.1 0.98472
0.2 0.80 2.0 0.98602
0.2 0.80 1.9 0.98722
0.2 0.80 1.8 0.98839
0.2 0.80 1.7 0.98989
0.2 0.80 1.6 0.99135
0.2 0.80 1.5 0.99270
0.2 0.80 1.4 0.99340
0.2 0.80 1.3 0.99414
0.2 0.80 1.2 0.99517
0.2 0.80 1.1 0.99662
0.2 0.80 1.0 0.99735
0.2 0.80 0.9 0.99784
0.2 0.80 0.8 0.99837
0.2 0.80 0.7 0.99893
0.2 0.80 0.6 0.99925
0.2 0.80 0.5 0.99955
0.2 0.80 0.4 0.99978
0.2 0.80 0.3 0.99990
0.2 0.80 0.2 0.99997
0.2 0.80 0.1 1.00000
0.2 0.75 3.0 0.95287
0.2 0.75 2.9 0.95650
0.2 0.75 2.8 0.96009
0.2 0.75 2.7 0.96336
0.2 0.75 2.6 0.96619
0.2 0.75 2.5 0.96871
0.2 0.75 2.4 0.97119
0.2 0.75 2.3 0.97406
0.2 0.75 2.2 0.97631
0.2 0.75 2.1 0.97823
0.2 0.75 2.0 0.98019
0.2 0.75 1.9 0.98205
0.2 0.75 1.8 0.98383
0.2 0.75 1.7 0.98583
0.2 0.75 1.6 0.98769
0.2 0.75 1.5 0.98973
0.2 0.75 1.4 0.99099
0.2 0.75 1.3 0.99217
0.2 0.75 1.2 0.99353
0.2 0.75 1.1 0.99515
0.2 0.75 1.0 0.99612
0.2 0.75 0.9 0.99692
0.2 0.75 0.8 0.99768
0.2 0.75 0.7 0.99848
0.2 0.75 0.6 0.99900
0.2 0.75 0.5 0.99943
0.2 0.75 0.4 0.99972
0.2 0.75 0.3 0.99989
0.2 0.75 0.2 0.99996
0.2 0.75 0.1 1.00000
0.2 0.70 2.4 0.95304
0.2 0.70 2.3 0.95749
0.2 0.70 2.2 0.96131
0.2 0.70 2.1 0.96500
0.2 0.70 2.0 0.96872
0.2 0.70 1.9 0.97205
0.2 0.70 1.8 0.97518
0.2 0.70 1.7 0.97861
0.2 0.70 1.6 0.98158
0.2 0.70 1.5 0.98438
0.2 0.70 1.4 0.98643
0.2 0.70 1.3 0.98837
0.2 0.70 1.2 0.99039
0.2 0.70 1.1 0.99269
0.2 0.70 1.0 0.99421
0.2 0.70 0.9 0.99550
0.2 0.70 0.8 0.99667
0.2 0.70 0.7 0.99774
0.2 0.70 0.6 0.99856
0.2 0.70 0.5 0.99921
0.2 0.70 0.4 0.99962
0.2 0.70 0.3 0.99985
0.2 0.70 0.2 0.99996
0.2 0.70 0.1 1.00000
0.2 0.65 2.0 0.95078
0.2 0.65 1.9 0.95588
0.2 0.65 1.8 0.96066
0.2 0.65 1.7 0.96577
0.2 0.65 1.6 0.97034
0.2 0.65 1.5 0.97459
0.2 0.65 1.4 0.97813
0.2 0.65 1.3 0.98144
0.2 0.65 1.2 0.98469
0.2 0.65 1.1 0.98798
0.2 0.65 1.0 0.99072
0.2 0.65 0.9 0.99292
0.2 0.65 0.8 0.99486
0.2 0.65 0.7 0.99653
0.2 0.65 0.6 0.99778
0.2 0.65 0.5 0.99874
0.2 0.65 0.4 0.99944
0.2 0.65 0.3 0.99978
0.2 0.65 0.2 0.99995
0.2 0.65 0.1 1.00000
0.2 0.60 1.5 0.95678
0.2 0.60 1.4 0.96289
0.2 0.60 1.3 0.96852
0.2 0.60 1.2 0.97389
0.2 0.60 1.1 0.97907
0.2 0.60 1.0 0.98370
0.2 0.60 0.9 0.98759
0.2 0.60 0.8 0.99093
0.2 0.60 0.7 0.99373
0.2 0.60 0.6 0.99596
0.2 0.60 0.5 0.99764
0.2 0.60 0.4 0.99903
0.2 0.60 0.3 0.99965
0.2 0.60 0.2 0.99994
0.2 0.60 0.1 0.99999
0.2 0.55 1.2 0.95404
0.2 0.55 1.1 0.96260
0.2 0.55 1.0 0.97044
0.2 0.55 0.9 0.97746
0.2 0.55 0.8 0.98361
0.2 0.55 0.7 0.98842
0.2 0.55 0.6 0.99235
0.2 0.55 0.5 0.99567
0.2 0.55 0.4 0.99834
0.2 0.55 0.3 0.99946
0.2 0.55 0.2 0.99991
0.2 0.55 0.1 0.99999
0.2 0.50 0.9 0.95885
0.2 0.50 0.8 0.96983
0.2 0.50 0.7 0.97854
0.2 0.50 0.6 0.98576
0.2 0.50 0.5 0.99184
0.2 0.50 0.4 0.99673
0.2 0.50 0.3 0.99892
0.2 0.50 0.2 0.99983
0.2 0.50 0.1 0.99999
0.2 0.45 0.7 0.95889
0.2 0.45 0.6 0.97216
0.2 0.45 0.5 0.98339
0.2 0.45 0.4 0.99256
0.2 0.45 0.3 0.99736
0.2 0.45 0.2 0.99956
0.2 0.45 0.1 0.99998
0.2 0.40 0.5 0.96642
0.2 0.40 0.4 0.98308
0.2 0.40 0.3 0.99345
0.2 0.40 0.2 0.99863
0.2 0.40 0.1 0.99993
0.2 0.35 0.4 0.96653
0.2 0.35 0.3 0.98540
0.2 0.35 0.2 0.99638
0.2 0.35 0.1 0.99980
0.2 0.30 0.3 0.97364
0.2 0.30 0.2 0.99227
0.2 0.30 0.1 0.99940
0.3 0.95 4.8 0.95227
0.3 0.95 4.7 0.96741
0.3 0.95 4.6 0.97265
0.3 0.95 4.5 0.97548
0.3 0.95 4.4 0.97773
0.3 0.95 4.3 0.97969
0.3 0.95 4.2 0.98136
0.3 0.95 4.1 0.98275
0.3 0.95 4.0 0.98395
0.3 0.95 3.9 0.98496
0.3 0.95 3.8 0.98597
0.3 0.95 3.7 0.98690
0.3 0.95 3.6 0.98764
0.3 0.95 3.5 0.98846
0.3 0.95 3.4 0.98990
0.3 0.95 3.3 0.99084
0.3 0.95 3.2 0.99145
0.3 0.95 3.1 0.99202
0.3 0.95 3.0 0.99245
0.3 0.95 2.9 0.99286
0.3 0.95 2.8 0.99330
0.3 0.95 2.7 0.99359
0.3 0.95 2.6 0.99384
0.3 0.95 2.5 0.99411
0.3 0.95 2.4 0.99437
0.3 0.95 2.3 0.99461
0.3 0.95 2.2 0.99478
0.3 0.95 2.1 0.99497
0.3 0.95 2.0 0.99513
0.3 0.95 1.9 0.99536
0.3 0.95 1.8 0.99559
0.3 0.95 1.7 0.99584
0.3 0.95 1.6 0.99602
0.3 0.95 1.5 0.99616
0.3 0.95 1.4 0.99628
0.3 0.95 1.3 0.99651
0.3 0.95 1.2 0.99750
0.3 0.95 1.1 0.99891
0.3 0.95 1.0 0.99903
0.3 0.95 0.9 0.99914
0.3 0.95 0.8 0.99934
0.3 0.95 0.7 0.99947
0.3 0.95 0.6 0.99956
0.3 0.95 0.5 0.99976
0.3 0.95 0.4 0.99991
0.3 0.95 0.3 0.99995
0.3 0.95 0.2 0.99998
0.3 0.95 0.1 1.00000
0.3 0.90 4.5 0.95410
0.3 0.90 4.4 0.96050
0.3 0.90 4.3 0.96429
0.3 0.90 4.2 0.96744
0.3 0.90 4.1 0.96996
0.3 0.90 4.0 0.97212
0.3 0.90 3.9 0.97382
0.3 0.90 3.8 0.97551
0.3 0.90 3.7 0.97706
0.3 0.90 3.6 0.97838
0.3 0.90 3.5 0.97965
0.3 0.90 3.4 0.98129
0.3 0.90 3.3 0.98273
0.3 0.90 3.2 0.98392
0.3 0.90 3.1 0.98490
0.3 0.90 3.0 0.98565
0.3 0.90 2.9 0.98637
0.3 0.90 2.8 0.98718
0.3 0.90 2.7 0.98782
0.3 0.90 2.6 0.98839
0.3 0.90 2.5 0.98897
0.3 0.90 2.4 0.98961
0.3 0.90 2.3 0.99044
0.3 0.90 2.2 0.99120
0.3 0.90 2.1 0.99170
0.3 0.90 2.0 0.99216
0.3 0.90 1.9 0.99260
0.3 0.90 1.8 0.99312
0.3 0.90 1.7 0.99423
0.3 0.90 1.6 0.99467
0.3 0.90 1.5 0.99499
0.3 0.90 1.4 0.99524
0.3 0.90 1.3 0.99560
0.3 0.90 1.2 0.99660
0.3 0.90 1.1 0.99813
0.3 0.90 1.0 0.99839
0.3 0.90 0.9 0.99862
0.3 0.90 0.8 0.99890
0.3 0.90 0.7 0.99931
0.3 0.90 0.6 0.99949
0.3 0.90 0.5 0.99969
0.3 0.90 0.4 0.99987
0.3 0.90 0.3 0.99993
0.3 0.90 0.2 0.99998
0.3 0.90 0.1 1.00000
0.3 0.85 4.1 0.95271
0.3 0.85 4.0 0.95662
0.3 0.85 3.9 0.95959
0.3 0.85 3.8 0.96236
0.3 0.85 3.7 0.96498
0.3 0.85 3.6 0.96734
0.3 0.85 3.5 0.96945
0.3 0.85 3.4 0.97174
0.3 0.85 3.3 0.97395
0.3 0.85 3.2 0.97580
0.3 0.85 3.1 0.97749
0.3 0.85 3.0 0.97892
0.3 0.85 2.9 0.98020
0.3 0.85 2.8 0.98152
0.3 0.85 2.7 0.98264
0.3 0.85 2.6 0.98366
0.3 0.85 2.5 0.98464
0.3 0.85 2.4 0.98575
0.3 0.85 2.3 0.98720
0.3 0.85 2.2 0.98832
0.3 0.85 2.1 0.98914
0.3 0.85 2.0 0.98987
0.3 0.85 1.9 0.99061
0.3 0.85 1.8 0.99147
0.3 0.85 1.7 0.99285
0.3 0.85 1.6 0.99366
0.3 0.85 1.5 0.99423
0.3 0.85 1.4 0.99468
0.3 0.85 1.3 0.99520
0.3 0.85 1.2 0.99618
0.3 0.85 1.1 0.99760
0.3 0.85 1.0 0.99802
0.3 0.85 0.9 0.99835
0.3 0.85 0.8 0.99871
0.3 0.85 0.7 0.99914
0.3 0.85 0.6 0.99938
0.3 0.85 0.5 0.99962
0.3 0.85 0.4 0.99982
0.3 0.85 0.3 0.99991
0.3 0.85 0.2 0.99997
0.3 0.85 0.1 1.00000
0.3 0.80 3.6 0.95072
0.3 0.80 3.5 0.95427
0.3 0.80 3.4 0.95775
0.3 0.80 3.3 0.96103
0.3 0.80 3.2 0.96393
0.3 0.80 3.1 0.96661
0.3 0.80 3.0 0.96908
0.3 0.80 2.9 0.97141
0.3 0.80 2.8 0.97368
0.3 0.80 2.7 0.97557
0.3 0.80 2.6 0.97715
0.3 0.80 2.5 0.97859
0.3 0.80 2.4 0.98003
0.3 0.80 2.3 0.98173
0.3 0.80 2.2 0.98316
0.3 0.80 2.1 0.98430
0.3 0.80 2.0 0.98541
0.3 0.80 1.9 0.98648
0.3 0.80 1.8 0.98761
0.3 0.80 1.7 0.98916
0.3 0.80 1.6 0.99071
0.3 0.80 1.5 0.99213
0.3 0.80 1.4 0.99287
0.3 0.80 1.3 0.99365
0.3 0.80 1.2 0.99477
0.3 0.80 1.1 0.99634
0.3 0.80 1.0 0.99712
0.3 0.80 0.9 0.99766
0.3 0.80 0.8 0.99822
0.3 0.80 0.7 0.99883
0.3 0.80 0.6 0.99919
0.3 0.80 0.5 0.99951
0.3 0.80 0.4 0.99976
0.3 0.80 0.3 0.99989
0.3 0.80 0.2 0.99997
0.3 0.80 0.1 1.00000
0.3 0.75 3.0 0.95331
0.3 0.75 2.9 0.95686
0.3 0.75 2.8 0.96039
0.3 0.75 2.7 0.96356
0.3 0.75 2.6 0.96627
0.3 0.75 2.5 0.96867
0.3 0.75 2.4 0.97097
0.3 0.75 2.3 0.97368
0.3 0.75 2.2 0.97579
0.3 0.75 2.1 0.97757
0.3 0.75 2.0 0.97936
0.3 0.75 1.9 0.98112
0.3 0.75 1.8 0.98290
0.3 0.75 1.7 0.98496
0.3 0.75 1.6 0.98689
0.3 0.75 1.5 0.98904
0.3 0.75 1.4 0.99036
0.3 0.75 1.3 0.99160
0.3 0.75 1.2 0.99305
0.3 0.75 1.1 0.99478
0.3 0.75 1.0 0.99581
0.3 0.75 0.9 0.99667
0.3 0.75 0.8 0.99749
0.3 0.75 0.7 0.99836
0.3 0.75 0.6 0.99892
0.3 0.75 0.5 0.99939
0.3 0.75 0.4 0.99969
0.3 0.75 0.3 0.99988
0.3 0.75 0.2 0.99996
0.3 0.75 0.1 1.00000
0.3 0.70 2.4 0.95198
0.3 0.70 2.3 0.95637
0.3 0.70 2.2 0.96013
0.3 0.70 2.1 0.96379
0.3 0.70 2.0 0.96745
0.3 0.70 1.9 0.97078
0.3 0.70 1.8 0.97396
0.3 0.70 1.7 0.97753
0.3 0.70 1.6 0.98062
0.3 0.70 1.5 0.98355
0.3 0.70 1.4 0.98568
0.3 0.70 1.3 0.98770
0.3 0.70 1.2 0.98982
0.3 0.70 1.1 0.99224
0.3 0.70 1.0 0.99383
0.3 0.70 0.9 0.99519
0.3 0.70 0.8 0.99644
0.3 0.70 0.7 0.99758
0.3 0.70 0.6 0.99846
0.3 0.70 0.5 0.99915
0.3 0.70 0.4 0.99959
0.3 0.70 0.3 0.99984
0.3 0.70 0.2 0.99996
0.3 0.70 0.1 1.00000
0.3 0.65 1.9 0.95404
0.3 0.65 1.8 0.95894
0.3 0.65 1.7 0.96424
0.3 0.65 1.6 0.96899
0.3 0.65 1.5 0.97344
0.3 0.65 1.4 0.97712
0.3 0.65 1.3 0.98056
0.3 0.65 1.2 0.98394
0.3 0.65 1.1 0.98737
0.3 0.65 1.0 0.99022
0.3 0.65 0.9 0.99251
0.3 0.65 0.8 0.99456
0.3 0.65 0.7 0.99632
0.3 0.65 0.6 0.99765
0.3 0.65 0.5 0.99865
0.3 0.65 0.4 0.99940
0.3 0.65 0.3 0.99976
0.3 0.65 0.2 0.99995
0.3 0.65 0.1 1.00000
0.3 0.60 1.5 0.95502
0.3 0.60 1.4 0.96138
0.3 0.60 1.3 0.96722
0.3 0.60 1.2 0.97279
0.3 0.60 1.1 0.97817
0.3 0.60 1.0 0.98294
0.3 0.60 0.9 0.98697
0.3 0.60 0.8 0.99046
0.3 0.60 0.7 0.99338
0.3 0.60 0.6 0.99573
0.3 0.60 0.5 0.99750
0.3 0.60 0.4 0.99897
0.3 0.60 0.3 0.99963
0.3 0.60 0.2 0.99994
0.3 0.60 0.1 0.99999
0.3 0.55 1.2 0.95231
0.3 0.55 1.1 0.96118
0.3 0.55 1.0 0.96925
0.3 0.55 0.9 0.97652
0.3 0.55 0.8 0.98289
0.3 0.55 0.7 0.98788
0.3 0.55 0.6 0.99198
0.3 0.55 0.5 0.99545
0.3 0.55 0.4 0.99826
0.3 0.55 0.3 0.99943
0.3 0.55 0.2 0.99990
0.3 0.55 0.1 0.99999
0.3 0.50 0.9 0.95742
0.3 0.50 0.8 0.96877
0.3 0.50 0.7 0.97775
0.3 0.50 0.6 0.98523
0.3 0.50 0.5 0.99152
0.3 0.50 0.4 0.99663
0.3 0.50 0.3 0.99889
0.3 0.50 0.2 0.99983
0.3 0.50 0.1 0.99999
0.3 0.45 0.7 0.95791
0.3 0.45 0.6 0.97151
0.3 0.45 0.5 0.98303
0.3 0.45 0.4 0.99247
0.3 0.45 0.3 0.99734
0.3 0.45 0.2 0.99957
0.3 0.45 0.1 0.99998
0.3 0.40 0.5 0.96625
0.3 0.40 0.4 0.98318
0.3 0.40 0.3 0.99355
0.3 0.40 0.2 0.99870
0.3 0.40 0.1 0.99995
0.3 0.35 0.4 0.96713
0.3 0.35 0.3 0.98584
0.3 0.35 0.2 0.99661
0.3 0.35 0.1 0.99983
0.3 0.30 0.3 0.97448
0.3 0.30 0.2 0.99273
0.3 0.30 0.1 0.99947
0.4 0.95 4.8 0.95779
0.4 0.95 4.7 0.97247
0.4 0.95 4.6 0.97730
0.4 0.95 4.5 0.97983
0.4 0.95 4.4 0.98180
0.4 0.95 4.3 0.98351
0.4 0.95 4.2 0.98495
0.4 0.95 4.1 0.98610
0.4 0.95 4.0 0.98713
0.4 0.95 3.9 0.98799
0.4 0.95 3.8 0.98883
0.4 0.95 3.7 0.98956
0.4 0.95 3.6 0.99014
0.4 0.95 3.5 0.99079
0.4 0.95 3.4 0.99141
0.4 0.95 3.3 0.99190
0.4 0.95 3.2 0.99226
0.4 0.95 3.1 0.99261
0.4 0.95 3.0 0.99287
0.4 0.95 2.9 0.99314
0.4 0.95 2.8 0.99342
0.4 0.95 2.7 0.99362
0.4 0.95 2.6 0.99381
0.4 0.95 2.5 0.99404
0.4 0.95 2.4 0.99425
0.4 0.95 2.3 0.99443
0.4 0.95 2.2 0.99458
0.4 0.95 2.1 0.99476
0.4 0.95 2.0 0.99492
0.4 0.95 1.9 0.99515
0.4 0.95 1.8 0.99539
0.4 0.95 1.7 0.99565
0.4 0.95 1.6 0.99583
0.4 0.95 1.5 0.99598
0.4 0.95 1.4 0.99611
0.4 0.95 1.3 0.99635
0.4 0.95 1.2 0.99740
0.4 0.95 1.1 0.99889
0.4 0.95 1.0 0.99901
0.4 0.95 0.9 0.99913
0.4 0.95 0.8 0.99934
0.4 0.95 0.7 0.99948
0.4 0.95 0.6 0.99957
0.4 0.95 0.5 0.99978
0.4 0.95 0.4 0.99991
0.4 0.95 0.3 0.99995
0.4 0.95 0.2 0.99998
0.4 0.95 0.1 1.00000
0.4 0.90 4.5 0.95948
0.4 0.90 4.4 0.96542
0.4 0.90 4.3 0.96879
0.4 0.90 4.2 0.97163
0.4 0.90 4.1 0.97387
0.4 0.90 4.0 0.97576
0.4 0.90 3.9 0.97726
0.4 0.90 3.8 0.97874
0.4 0.90 3.7 0.98007
0.4 0.90 3.6 0.98118
0.4 0.90 3.5 0.98223
0.4 0.90 3.4 0.98320
0.4 0.90 3.3 0.98405
0.4 0.90 3.2 0.98481
0.4 0.90 3.1 0.98551
0.4 0.90 3.0 0.98607
0.4 0.90 2.9 0.98661
0.4 0.90 2.8 0.98720
0.4 0.90 2.7 0.98765
0.4 0.90 2.6 0.98811
0.4 0.90 2.5 0.98860
0.4 0.90 2.4 0.98919
0.4 0.90 2.3 0.99000
0.4 0.90 2.2 0.99076
0.4 0.90 2.1 0.99127
0.4 0.90 2.0 0.99171
0.4 0.90 1.9 0.99214
0.4 0.90 1.8 0.99266
0.4 0.90 1.7 0.99384
0.4 0.90 1.6 0.99429
0.4 0.90 1.5 0.99462
0.4 0.90 1.4 0.99488
0.4 0.90 1.3 0.99527
0.4 0.90 1.2 0.99636
0.4 0.90 1.1 0.99800
0.4 0.90 1.0 0.99828
0.4 0.90 0.9 0.99854
0.4 0.90 0.8 0.99884
0.4 0.90 0.7 0.99928
0.4 0.90 0.6 0.99947
0.4 0.90 0.5 0.99969
0.4 0.90 0.4 0.99986
0.4 0.90 0.3 0.99993
0.4 0.90 0.2 0.99998
0.4 0.90 0.1 1.00000
0.4 0.85 4.2 0.95237
0.4 0.85 4.1 0.95684
0.4 0.85 4.0 0.96040
0.4 0.85 3.9 0.96308
0.4 0.85 3.8 0.96557
0.4 0.85 3.7 0.96791
0.4 0.85 3.6 0.97002
0.4 0.85 3.5 0.97189
0.4 0.85 3.4 0.97356
0.4 0.85 3.3 0.97521
0.4 0.85 3.2 0.97665
0.4 0.85 3.1 0.97801
0.4 0.85 3.0 0.97923
0.4 0.85 2.9 0.98029
0.4 0.85 2.8 0.98138
0.4 0.85 2.7 0.98231
0.4 0.85 2.6 0.98318
0.4 0.85 2.5 0.98406
0.4 0.85 2.4 0.98511
0.4 0.85 2.3 0.98654
0.4 0.85 2.2 0.98768
0.4 0.85 2.1 0.98850
0.4 0.85 2.0 0.98924
0.4 0.85 1.9 0.98998
0.4 0.85 1.8 0.99086
0.4 0.85 1.7 0.99231
0.4 0.85 1.6 0.99316
0.4 0.85 1.5 0.99376
0.4 0.85 1.4 0.99424
0.4 0.85 1.3 0.99480
0.4 0.85 1.2 0.99587
0.4 0.85 1.1 0.99741
0.4 0.85 1.0 0.99786
0.4 0.85 0.9 0.99823
0.4 0.85 0.8 0.99862
0.4 0.85 0.7 0.99908
0.4 0.85 0.6 0.99934
0.4 0.85 0.5 0.99960
0.4 0.85 0.4 0.99980
0.4 0.85 0.3 0.99990
0.4 0.85 0.2 0.99997
0.4 0.85 0.1 1.00000
0.4 0.80 3.6 0.95289
0.4 0.80 3.5 0.95620
0.4 0.80 3.4 0.95917
0.4 0.80 3.3 0.96196
0.4 0.80 3.2 0.96448
0.4 0.80 3.1 0.96685
0.4 0.80 3.0 0.96911
0.4 0.80 2.9 0.97126
0.4 0.80 2.8 0.97334
0.4 0.80 2.7 0.97504
0.4 0.80 2.6 0.97647
0.4 0.80 2.5 0.97777
0.4 0.80 2.4 0.97911
0.4 0.80 2.3 0.98077
0.4 0.80 2.2 0.98219
0.4 0.80 2.1 0.98333
0.4 0.80 2.0 0.98444
0.4 0.80 1.9 0.98554
0.4 0.80 1.8 0.98669
0.4 0.80 1.7 0.98832
0.4 0.80 1.6 0.98997
0.4 0.80 1.5 0.99149
0.4 0.80 1.4 0.99227
0.4 0.80 1.3 0.99312
0.4 0.80 1.2 0.99433
0.4 0.80 1.1 0.99604
0.4 0.80 1.0 0.99689
0.4 0.80 0.9 0.99747
0.4 0.80 0.8 0.99808
0.4 0.80 0.7 0.99874
0.4 0.80 0.6 0.99913
0.4 0.80 0.5 0.99948
0.4 0.80 0.4 0.99973
0.4 0.80 0.3 0.99988
0.4 0.80 0.2 0.99996
0.4 0.80 0.1 1.00000
0.4 0.75 3.0 0.95285
0.4 0.75 2.9 0.95624
0.4 0.75 2.8 0.95963
0.4 0.75 2.7 0.96262
0.4 0.75 2.6 0.96517
0.4 0.75 2.5 0.96743
0.4 0.75 2.4 0.96961
0.4 0.75 2.3 0.97229
0.4 0.75 2.2 0.97439
0.4 0.75 2.1 0.97617
0.4 0.75 2.0 0.97799
0.4 0.75 1.9 0.97981
0.4 0.75 1.8 0.98164
0.4 0.75 1.7 0.98381
0.4 0.75 1.6 0.98586
0.4 0.75 1.5 0.98815
0.4 0.75 1.4 0.98956
0.4 0.75 1.3 0.99089
0.4 0.75 1.2 0.99246
0.4 0.75 1.1 0.99433
0.4 0.75 1.0 0.99546
0.4 0.75 0.9 0.99638
0.4 0.75 0.8 0.99728
0.4 0.75 0.7 0.99822
0.4 0.75 0.6 0.99883
0.4 0.75 0.5 0.99934
0.4 0.75 0.4 0.99966
0.4 0.75 0.3 0.99986
0.4 0.75 0.2 0.99996
0.4 0.75 0.1 1.00000
0.4 0.70 2.3 0.95413
0.4 0.70 2.2 0.95789
0.4 0.70 2.1 0.96163
0.4 0.70 2.0 0.96542
0.4 0.70 1.9 0.96883
0.4 0.70 1.8 0.97215
0.4 0.70 1.7 0.97593
0.4 0.70 1.6 0.97920
0.4 0.70 1.5 0.98231
0.4 0.70 1.4 0.98457
0.4 0.70 1.3 0.98672
0.4 0.70 1.2 0.98899
0.4 0.70 1.1 0.99160
0.4 0.70 1.0 0.99332
0.4 0.70 0.9 0.99479
0.4 0.70 0.8 0.99613
0.4 0.70 0.7 0.99737
0.4 0.70 0.6 0.99833
0.4 0.70 0.5 0.99908
0.4 0.70 0.4 0.99955
0.4 0.70 0.3 0.99983
0.4 0.70 0.2 0.99995
0.4 0.70 0.1 1.00000
0.4 0.65 1.9 0.95132
0.4 0.65 1.8 0.95640
0.4 0.65 1.7 0.96194
0.4 0.65 1.6 0.96694
0.4 0.65 1.5 0.97162
0.4 0.65 1.4 0.97551
0.4 0.65 1.3 0.97916
0.4 0.65 1.2 0.98275
0.4 0.65 1.1 0.98641
0.4 0.65 1.0 0.98945
0.4 0.65 0.9 0.99190
0.4 0.65 0.8 0.99411
0.4 0.65 0.7 0.99602
0.4 0.65 0.6 0.99746
0.4 0.65 0.5 0.99855
0.4 0.65 0.4 0.99935
0.4 0.65 0.3 0.99974
0.4 0.65 0.2 0.99994
0.4 0.65 0.1 1.00000
0.4 0.60 1.5 0.95221
0.4 0.60 1.4 0.95890
0.4 0.60 1.3 0.96506
0.4 0.60 1.2 0.97095
0.4 0.60 1.1 0.97664
0.4 0.60 1.0 0.98168
0.4 0.60 0.9 0.98599
0.4 0.60 0.8 0.98972
0.4 0.60 0.7 0.99286
0.4 0.60 0.6 0.99539
0.4 0.60 0.5 0.99730
0.4 0.60 0.4 0.99888
0.4 0.60 0.3 0.99959
0.4 0.60 0.2 0.99993
0.4 0.60 0.1 0.99999
0.4 0.55 1.1 0.95870
0.4 0.55 1.0 0.96721
0.4 0.55 0.9 0.97491
0.4 0.55 0.8 0.98170
0.4 0.55 0.7 0.98702
0.4 0.55 0.6 0.99140
0.4 0.55 0.5 0.99512
0.4 0.55 0.4 0.99813
0.4 0.55 0.3 0.99939
0.4 0.55 0.2 0.99990
0.4 0.55 0.1 0.99999
0.4 0.50 0.9 0.95497
0.4 0.50 0.8 0.96697
0.4 0.50 0.7 0.97645
0.4 0.50 0.6 0.98435
0.4 0.50 0.5 0.99101
0.4 0.50 0.4 0.99643
0.4 0.50 0.3 0.99883
0.4 0.50 0.2 0.99982
0.4 0.50 0.1 0.99999
0.4 0.45 0.7 0.95616
0.4 0.45 0.6 0.97032
0.4 0.45 0.5 0.98232
0.4 0.45 0.4 0.99220
0.4 0.45 0.3 0.99727
0.4 0.45 0.2 0.99958
0.4 0.45 0.1 0.99999
0.4 0.40 0.5 0.96545
0.4 0.40 0.4 0.98290
0.4 0.40 0.3 0.99352
0.4 0.40 0.2 0.99875
0.4 0.40 0.1 0.99995
0.4 0.35 0.4 0.96724
0.4 0.35 0.3 0.98608
0.4 0.35 0.2 0.99681
0.4 0.35 0.1 0.99984
0.4 0.30 0.3 0.97517
0.4 0.30 0.2 0.99319
0.4 0.30 0.1 0.99952
0.5 0.95 4.8 0.96177
0.5 0.95 4.7 0.97605
0.5 0.95 4.6 0.98056
0.5 0.95 4.5 0.98275
0.5 0.95 4.4 0.98442
0.5 0.95 4.3 0.98587
0.5 0.95 4.2 0.98705
0.5 0.95 4.1 0.98799
0.5 0.95 4.0 0.98886
0.5 0.95 3.9 0.98954
0.5 0.95 3.8 0.99019
0.5 0.95 3.7 0.99073
0.5 0.95 3.6 0.99114
0.5 0.95 3.5 0.99161
0.5 0.95 3.4 0.99197
0.5 0.95 3.3 0.99226
0.5 0.95 3.2 0.99246
0.5 0.95 3.1 0.99270
0.5 0.95 3.0 0.99291
0.5 0.95 2.9 0.99309
0.5 0.95 2.8 0.99328
0.5 0.95 2.7 0.99346
0.5 0.95 2.6 0.99363
0.5 0.95 2.5 0.99386
0.5 0.95 2.4 0.99404
0.5 0.95 2.3 0.99421
0.5 0.95 2.2 0.99436
0.5 0.95 2.1 0.99455
0.5 0.95 2.0 0.99472
0.5 0.95 1.9 0.99495
0.5 0.95 1.8 0.99520
0.5 0.95 1.7 0.99546
0.5 0.95 1.6 0.99566
0.5 0.95 1.5 0.99581
0.5 0.95 1.4 0.99594
0.5 0.95 1.3 0.99619
0.5 0.95 1.2 0.99728
0.5 0.95 1.1 0.99885
0.5 0.95 1.0 0.99898
0.5 0.95 0.9 0.99910
0.5 0.95 0.8 0.99931
0.5 0.95 0.7 0.99945
0.5 0.95 0.6 0.99956
0.5 0.95 0.5 0.99977
0.5 0.95 0.4 0.99990
0.5 0.95 0.3 0.99994
0.5 0.95 0.2 0.99998
0.5 0.95 0.1 1.00000
0.5 0.90 4.5 0.96310
0.5 0.90 4.4 0.96869
0.5 0.90 4.3 0.97170
0.5 0.90 4.2 0.97422
0.5 0.90 4.1 0.97621
0.5 0.90 4.0 0.97788
0.5 0.90 3.9 0.97916
0.5 0.90 3.8 0.98040
0.5 0.90 3.7 0.98145
0.5 0.90 3.6 0.98236
0.5 0.90 3.5 0.98318
0.5 0.90 3.4 0.98386
0.5 0.90 3.3 0.98443
0.5 0.90 3.2 0.98495
0.5 0.90 3.1 0.98550
0.5 0.90 3.0 0.98596
0.5 0.90 2.9 0.98641
0.5 0.90 2.8 0.98686
0.5 0.90 2.7 0.98727
0.5 0.90 2.6 0.98770
0.5 0.90 2.5 0.98819
0.5 0.90 2.4 0.98877
0.5 0.90 2.3 0.98959
0.5 0.90 2.2 0.99037
0.5 0.90 2.1 0.99090
0.5 0.90 2.0 0.99135
0.5 0.90 1.9 0.99179
0.5 0.90 1.8 0.99227
0.5 0.90 1.7 0.99351
0.5 0.90 1.6 0.99397
0.5 0.90 1.5 0.99430
0.5 0.90 1.4 0.99457
0.5 0.90 1.3 0.99498
0.5 0.90 1.2 0.99613
0.5 0.90 1.1 0.99789
0.5 0.90 1.0 0.99818
0.5 0.90 0.9 0.99845
0.5 0.90 0.8 0.99876
0.5 0.90 0.7 0.99923
0.5 0.90 0.6 0.99944
0.5 0.90 0.5 0.99967
0.5 0.90 0.4 0.99985
0.5 0.90 0.3 0.99992
0.5 0.90 0.2 0.99997
0.5 0.90 0.1 1.00000
0.5 0.85 4.2 0.95580
0.5 0.85 4.1 0.95985
0.5 0.85 4.0 0.96313
0.5 0.85 3.9 0.96554
0.5 0.85 3.8 0.96772
0.5 0.85 3.7 0.96974
0.5 0.85 3.6 0.97158
0.5 0.85 3.5 0.97316
0.5 0.85 3.4 0.97447
0.5 0.85 3.3 0.97579
0.5 0.85 3.2 0.97695
0.5 0.85 3.1 0.97811
0.5 0.85 3.0 0.97914
0.5 0.85 2.9 0.98005
0.5 0.85 2.8 0.98095
0.5 0.85 2.7 0.98179
0.5 0.85 2.6 0.98264
0.5 0.85 2.5 0.98346
0.5 0.85 2.4 0.98451
0.5 0.85 2.3 0.98600
0.5 0.85 2.2 0.98719
0.5 0.85 2.1 0.98803
0.5 0.85 2.0 0.98878
0.5 0.85 1.9 0.98953
0.5 0.85 1.8 0.99033
0.5 0.85 1.7 0.99188
0.5 0.85 1.6 0.99275
0.5 0.85 1.5 0.99337
0.5 0.85 1.4 0.99386
0.5 0.85 1.3 0.99445
0.5 0.85 1.2 0.99559
0.5 0.85 1.1 0.99726
0.5 0.85 1.0 0.99773
0.5 0.85 0.9 0.99812
0.5 0.85 0.8 0.99852
0.5 0.85 0.7 0.99902
0.5 0.85 0.6 0.99930
0.5 0.85 0.5 0.99957
0.5 0.85 0.4 0.99979
0.5 0.85 0.3 0.99990
0.5 0.85 0.2 0.99997
0.5 0.85 0.1 1.00000
0.5 0.80 3.7 0.95128
0.5 0.80 3.6 0.95454
0.5 0.80 3.5 0.95754
0.5 0.80 3.4 0.96013
0.5 0.80 3.3 0.96256
0.5 0.80 3.2 0.96472
0.5 0.80 3.1 0.96682
0.5 0.80 3.0 0.96887
0.5 0.80 2.9 0.97080
0.5 0.80 2.8 0.97265
0.5 0.80 2.7 0.97422
0.5 0.80 2.6 0.97561
0.5 0.80 2.5 0.97686
0.5 0.80 2.4 0.97819
0.5 0.80 2.3 0.97990
0.5 0.80 2.2 0.98133
0.5 0.80 2.1 0.98249
0.5 0.80 2.0 0.98364
0.5 0.80 1.9 0.98476
0.5 0.80 1.8 0.98586
0.5 0.80 1.7 0.98758
0.5 0.80 1.6 0.98931
0.5 0.80 1.5 0.99092
0.5 0.80 1.4 0.99174
0.5 0.80 1.3 0.99263
0.5 0.80 1.2 0.99393
0.5 0.80 1.1 0.99578
0.5 0.80 1.0 0.99668
0.5 0.80 0.9 0.99729
0.5 0.80 0.8 0.99793
0.5 0.80 0.7 0.99865
0.5 0.80 0.6 0.99906
0.5 0.80 0.5 0.99944
0.5 0.80 0.4 0.99971
0.5 0.80 0.3 0.99987
0.5 0.80 0.2 0.99996
0.5 0.80 0.1 1.00000
0.5 0.75 3.0 0.95230
0.5 0.75 2.9 0.95544
0.5 0.75 2.8 0.95858
0.5 0.75 2.7 0.96145
0.5 0.75 2.6 0.96393
0.5 0.75 2.5 0.96611
0.5 0.75 2.4 0.96826
0.5 0.75 2.3 0.97097
0.5 0.75 2.2 0.97308
0.5 0.75 2.1 0.97490
0.5 0.75 2.0 0.97675
0.5 0.75 1.9 0.97862
0.5 0.75 1.8 0.98043
0.5 0.75 1.7 0.98268
0.5 0.75 1.6 0.98484
0.5 0.75 1.5 0.98730
0.5 0.75 1.4 0.98879
0.5 0.75 1.3 0.99020
0.5 0.75 1.2 0.99188
0.5 0.75 1.1 0.99392
0.5 0.75 1.0 0.99512
0.5 0.75 0.9 0.99611
0.5 0.75 0.8 0.99706
0.5 0.75 0.7 0.99807
0.5 0.75 0.6 0.99873
0.5 0.75 0.5 0.99928
0.5 0.75 0.4 0.99963
0.5 0.75 0.3 0.99985
0.5 0.75 0.2 0.99995
0.5 0.75 0.1 0.99999
0.5 0.70 2.3 0.95202
0.5 0.70 2.2 0.95580
0.5 0.70 2.1 0.95960
0.5 0.70 2.0 0.96348
0.5 0.70 1.9 0.96692
0.5 0.70 1.8 0.97030
0.5 0.70 1.7 0.97425
0.5 0.70 1.6 0.97769
0.5 0.70 1.5 0.98099
0.5 0.70 1.4 0.98338
0.5 0.70 1.3 0.98566
0.5 0.70 1.2 0.98809
0.5 0.70 1.1 0.99092
0.5 0.70 1.0 0.99278
0.5 0.70 0.9 0.99435
0.5 0.70 0.8 0.99580
0.5 0.70 0.7 0.99714
0.5 0.70 0.6 0.99818
0.5 0.70 0.5 0.99900
0.5 0.70 0.4 0.99951
0.5 0.70 0.3 0.99981
0.5 0.70 0.2 0.99995
0.5 0.70 0.1 0.99999
0.5 0.65 1.8 0.95361
0.5 0.65 1.7 0.95938
0.5 0.65 1.6 0.96462
0.5 0.65 1.5 0.96954
0.5 0.65 1.4 0.97365
0.5 0.65 1.3 0.97751
0.5 0.65 1.2 0.98137
0.5 0.65 1.1 0.98531
0.5 0.65 1.0 0.98858
0.5 0.65 0.9 0.99122
0.5 0.65 0.8 0.99360
0.5 0.65 0.7 0.99567
0.5 0.65 0.6 0.99723
0.5 0.65 0.5 0.99842
0.5 0.65 0.4 0.99930
0.5 0.65 0.3 0.99972
0.5 0.65 0.2 0.99994
0.5 0.65 0.1 0.99999
0.5 0.60 1.4 0.95593
0.5 0.60 1.3 0.96244
0.5 0.60 1.2 0.96872
0.5 0.60 1.1 0.97483
0.5 0.60 1.0 0.98026
0.5 0.60 0.9 0.98488
0.5 0.60 0.8 0.98890
0.5 0.60 0.7 0.99228
0.5 0.60 0.6 0.99502
0.5 0.60 0.5 0.99709
0.5 0.60 0.4 0.99880
0.5 0.60 0.3 0.99956
0.5 0.60 0.2 0.99992
0.5 0.60 0.1 0.99999
0.5 0.55 1.1 0.95583
0.5 0.55 1.0 0.96491
0.5 0.55 0.9 0.97313
0.5 0.55 0.8 0.98039
0.5 0.55 0.7 0.98607
0.5 0.55 0.6 0.99076
0.5 0.55 0.5 0.99476
0.5 0.55 0.4 0.99800
0.5 0.55 0.3 0.99934
0.5 0.55 0.2 0.99989
0.5 0.55 0.1 0.99999
0.5 0.50 0.9 0.95225
0.5 0.50 0.8 0.96496
0.5 0.50 0.7 0.97499
0.5 0.50 0.6 0.98335
0.5 0.50 0.5 0.99044
0.5 0.50 0.4 0.99621
0.5 0.50 0.3 0.99876
0.5 0.50 0.2 0.99981
0.5 0.50 0.1 0.99999
0.5 0.45 0.7 0.95405
0.5 0.45 0.6 0.96884
0.5 0.45 0.5 0.98141
0.5 0.45 0.4 0.99182
0.5 0.45 0.3 0.99715
0.5 0.45 0.2 0.99956
0.5 0.45 0.1 0.99999
0.5 0.40 0.5 0.96425
0.5 0.40 0.4 0.98238
0.5 0.40 0.3 0.99339
0.5 0.40 0.2 0.99874
0.5 0.40 0.1 0.99995
0.5 0.35 0.4 0.96700
0.5 0.35 0.3 0.98617
0.5 0.35 0.2 0.99690
0.5 0.35 0.1 0.99985
0.5 0.30 0.3 0.97565
0.5 0.30 0.2 0.99347
0.5 0.30 0.1 0.99955
0.6 0.95 4.8 0.96617
0.6 0.95 4.7 0.98033
0.6 0.95 4.6 0.98467
0.6 0.95 4.5 0.98668
0.6 0.95 4.4 0.98807
0.6 0.95 4.3 0.98932
0.6 0.95 4.2 0.99023
0.6 0.95 4.1 0.99091
0.6 0.95 4.0 0.99152
0.6 0.95 3.9 0.99198
0.6 0.95 3.8 0.99234
0.6 0.95 3.7 0.99269
0.6 0.95 3.6 0.99299
0.6 0.95 3.5 0.99331
0.6 0.95 3.4 0.99363
0.6 0.95 3.3 0.99387
0.6 0.95 3.2 0.99405
0.6 0.95 3.1 0.99428
0.6 0.95 3.0 0.99448
0.6 0.95 2.9 0.99465
0.6 0.95 2.8 0.99482
0.6 0.95 2.7 0.99499
0.6 0.95 2.6 0.99517
0.6 0.95 2.5 0.99539
0.6 0.95 2.4 0.99557
0.6 0.95 2.3 0.99574
0.6 0.95 2.2 0.99589
0.6 0.95 2.1 0.99608
0.6 0.95 2.0 0.99625
0.6 0.95 1.9 0.99650
0.6 0.95 1.8 0.99675
0.6 0.95 1.7 0.99702
0.6 0.95 1.6 0.99722
0.6 0.95 1.5 0.99737
0.6 0.95 1.4 0.99750
0.6 0.95 1.3 0.99765
0.6 0.95 1.2 0.99819
0.6 0.95 1.1 0.99884
0.6 0.95 1.0 0.99897
0.6 0.95 0.9 0.99909
0.6 0.95 0.8 0.99931
0.6 0.95 0.7 0.99944
0.6 0.95 0.6 0.99954
0.6 0.95 0.5 0.99976
0.6 0.95 0.4 0.99990
0.6 0.95 0.3 0.99994
0.6 0.95 0.2 0.99998
0.6 0.95 0.1 1.00000
0.6 0.90 4.6 0.95439
0.6 0.90 4.5 0.96873
0.6 0.90 4.4 0.97411
0.6 0.90 4.3 0.97683
0.6 0.90 4.2 0.97899
0.6 0.90 4.1 0.98060
0.6 0.90 4.0 0.98190
0.6 0.90 3.9 0.98282
0.6 0.90 3.8 0.98364
0.6 0.90 3.7 0.98438
0.6 0.90 3.6 0.98506
0.6 0.90 3.5 0.98568
0.6 0.90 3.4 0.98625
0.6 0.90 3.3 0.98676
0.6 0.90 3.2 0.98724
0.6 0.90 3.1 0.98776
0.6 0.90 3.0 0.98820
0.6 0.90 2.9 0.98862
0.6 0.90 2.8 0.98903
0.6 0.90 2.7 0.98941
0.6 0.90 2.6 0.98984
0.6 0.90 2.5 0.99028
0.6 0.90 2.4 0.99073
0.6 0.90 2.3 0.99129
0.6 0.90 2.2 0.99190
0.6 0.90 2.1 0.99243
0.6 0.90 2.0 0.99289
0.6 0.90 1.9 0.99331
0.6 0.90 1.8 0.99378
0.6 0.90 1.7 0.99510
0.6 0.90 1.6 0.99555
0.6 0.90 1.5 0.99587
0.6 0.90 1.4 0.99614
0.6 0.90 1.3 0.99647
0.6 0.90 1.2 0.99716
0.6 0.90 1.1 0.99805
0.6 0.90 1.0 0.99834
0.6 0.90 0.9 0.99862
0.6 0.90 0.8 0.99894
0.6 0.90 0.7 0.99923
0.6 0.90 0.6 0.99940
0.6 0.90 0.5 0.99965
0.6 0.90 0.4 0.99985
0.6 0.90 0.3 0.99992
0.6 0.90 0.2 0.99997
0.6 0.90 0.1 1.00000
0.6 0.85 4.3 0.95478
0.6 0.85 4.2 0.96139
0.6 0.85 4.1 0.96502
0.6 0.85 4.0 0.96791
0.6 0.85 3.9 0.96989
0.6 0.85 3.8 0.97159
0.6 0.85 3.7 0.97319
0.6 0.85 3.6 0.97468
0.6 0.85 3.5 0.97599
0.6 0.85 3.4 0.97713
0.6 0.85 3.3 0.97835
0.6 0.85 3.2 0.97943
0.6 0.85 3.1 0.98054
0.6 0.85 3.0 0.98153
0.6 0.85 2.9 0.98241
0.6 0.85 2.8 0.98326
0.6 0.85 2.7 0.98407
0.6 0.85 2.6 0.98486
0.6 0.85 2.5 0.98562
0.6 0.85 2.4 0.98641
0.6 0.85 2.3 0.98743
0.6 0.85 2.2 0.98833
0.6 0.85 2.1 0.98914
0.6 0.85 2.0 0.98990
0.6 0.85 1.9 0.99062
0.6 0.85 1.8 0.99137
0.6 0.85 1.7 0.99301
0.6 0.85 1.6 0.99390
0.6 0.85 1.5 0.99453
0.6 0.85 1.4 0.99504
0.6 0.85 1.3 0.99557
0.6 0.85 1.2 0.99635
0.6 0.85 1.1 0.99730
0.6 0.85 1.0 0.99779
0.6 0.85 0.9 0.99820
0.6 0.85 0.8 0.99862
0.6 0.85 0.7 0.99899
0.6 0.85 0.6 0.99925
0.6 0.85 0.5 0.99954
0.6 0.85 0.4 0.99977
0.6 0.85 0.3 0.99989
0.6 0.85 0.2 0.99996
0.6 0.85 0.1 1.00000
0.6 0.80 3.8 0.95224
0.6 0.80 3.7 0.95515
0.6 0.80 3.6 0.95796
0.6 0.80 3.5 0.96058
0.6 0.80 3.4 0.96290
0.6 0.80 3.3 0.96511
0.6 0.80 3.2 0.96708
0.6 0.80 3.1 0.96907
0.6 0.80 3.0 0.97103
0.6 0.80 2.9 0.97290
0.6 0.80 2.8 0.97467
0.6 0.80 2.7 0.97619
0.6 0.80 2.6 0.97752
0.6 0.80 2.5 0.97870
0.6 0.80 2.4 0.97980
0.6 0.80 2.3 0.98111
0.6 0.80 2.2 0.98231
0.6 0.80 2.1 0.98342
0.6 0.80 2.0 0.98457
0.6 0.80 1.9 0.98569
0.6 0.80 1.8 0.98676
0.6 0.80 1.7 0.98856
0.6 0.80 1.6 0.99037
0.6 0.80 1.5 0.99204
0.6 0.80 1.4 0.99289
0.6 0.80 1.3 0.99376
0.6 0.80 1.2 0.99476
0.6 0.80 1.1 0.99589
0.6 0.80 1.0 0.99664
0.6 0.80 0.9 0.99729
0.6 0.80 0.8 0.99797
0.6 0.80 0.7 0.99858
0.6 0.80 0.6 0.99899
0.6 0.80 0.5 0.99940
0.6 0.80 0.4 0.99969
0.6 0.80 0.3 0.99986
0.6 0.80 0.2 0.99996
0.6 0.80 0.1 1.00000
0.6 0.75 3.1 0.95090
0.6 0.75 3.0 0.95394
0.6 0.75 2.9 0.95692
0.6 0.75 2.8 0.95995
0.6 0.75 2.7 0.96275
0.6 0.75 2.6 0.96515
0.6 0.75 2.5 0.96723
0.6 0.75 2.4 0.96912
0.6 0.75 2.3 0.97147
0.6 0.75 2.2 0.97338
0.6 0.75 2.1 0.97515
0.6 0.75 2.0 0.97702
0.6 0.75 1.9 0.97893
0.6 0.75 1.8 0.98074
0.6 0.75 1.7 0.98308
0.6 0.75 1.6 0.98533
0.6 0.75 1.5 0.98791
0.6 0.75 1.4 0.98948
0.6 0.75 1.3 0.99090
0.6 0.75 1.2 0.99237
0.6 0.75 1.1 0.99384
0.6 0.75 1.0 0.99495
0.6 0.75 0.9 0.99600
0.6 0.75 0.8 0.99700
0.6 0.75 0.7 0.99796
0.6 0.75 0.6 0.99864
0.6 0.75 0.5 0.99922
0.6 0.75 0.4 0.99961
0.6 0.75 0.3 0.99984
0.6 0.75 0.2 0.99995
0.6 0.75 0.1 0.99999
0.6 0.70 2.3 0.95258
0.6 0.70 2.2 0.95609
0.6 0.70 2.1 0.95963
0.6 0.70 2.0 0.96335
0.6 0.70 1.9 0.96678
0.6 0.70 1.8 0.97013
0.6 0.70 1.7 0.97404
0.6 0.70 1.6 0.97753
0.6 0.70 1.5 0.98095
0.6 0.70 1.4 0.98345
0.6 0.70 1.3 0.98580
0.6 0.70 1.2 0.98813
0.6 0.70 1.1 0.99056
0.6 0.70 1.0 0.99237
0.6 0.70 0.9 0.99404
0.6 0.70 0.8 0.99558
0.6 0.70 0.7 0.99693
0.6 0.70 0.6 0.99803
0.6 0.70 0.5 0.99892
0.6 0.70 0.4 0.99948
0.6 0.70 0.3 0.99980
0.6 0.70 0.2 0.99994
0.6 0.70 0.1 0.99999
0.6 0.65 1.8 0.95236
0.6 0.65 1.7 0.95816
0.6 0.65 1.6 0.96354
0.6 0.65 1.5 0.96864
0.6 0.65 1.4 0.97294
0.6 0.65 1.3 0.97694
0.6 0.65 1.2 0.98080
0.6 0.65 1.1 0.98449
0.6 0.65 1.0 0.98783
0.6 0.65 0.9 0.99063
0.6 0.65 0.8 0.99318
0.6 0.65 0.7 0.99533
0.6 0.65 0.6 0.99700
0.6 0.65 0.5 0.99829
0.6 0.65 0.4 0.99925
0.6 0.65 0.3 0.99969
0.6 0.65 0.2 0.99993
0.6 0.65 0.1 0.99999
0.6 0.60 1.4 0.95389
0.6 0.60 1.3 0.96070
0.6 0.60 1.2 0.96717
0.6 0.60 1.1 0.97324
0.6 0.60 1.0 0.97891
0.6 0.60 0.9 0.98384
0.6 0.60 0.8 0.98815
0.6 0.60 0.7 0.99171
0.6 0.60 0.6 0.99465
0.6 0.60 0.5 0.99689
0.6 0.60 0.4 0.99875
0.6 0.60 0.3 0.99953
0.6 0.60 0.2 0.99992
0.6 0.60 0.1 0.99999
0.6 0.55 1.1 0.95311
0.6 0.55 1.0 0.96264
0.6 0.55 0.9 0.97138
0.6 0.55 0.8 0.97912
0.6 0.55 0.7 0.98511
0.6 0.55 0.6 0.99012
0.6 0.55 0.5 0.99442
0.6 0.55 0.4 0.99792
0.6 0.55 0.3 0.99930
0.6 0.55 0.2 0.99988
0.6 0.55 0.1 0.99999
0.6 0.50 0.8 0.96300
0.6 0.50 0.7 0.97351
0.6 0.50 0.6 0.98233
0.6 0.50 0.5 0.98986
0.6 0.50 0.4 0.99602
0.6 0.50 0.3 0.99869
0.6 0.50 0.2 0.99979
0.6 0.50 0.1 0.99999
0.6 0.45 0.7 0.95211
0.6 0.45 0.6 0.96743
0.6 0.45 0.5 0.98052
0.6 0.45 0.4 0.99145
0.6 0.45 0.3 0.99702
0.6 0.45 0.2 0.99954
0.6 0.45 0.1 0.99998
0.6 0.40 0.5 0.96310
0.6 0.40 0.4 0.98186
0.6 0.40 0.3 0.99321
0.6 0.40 0.2 0.99871
0.6 0.40 0.1 0.99995
0.6 0.35 0.4 0.96672
0.6 0.35 0.3 0.98612
0.6 0.35 0.2 0.99690
0.6 0.35 0.1 0.99985
0.6 0.30 0.3 0.97588
0.6 0.30 0.2 0.99359
0.6 0.30 0.1 0.99956
0.7 0.95 4.8 0.96889
0.7 0.95 4.7 0.98299
0.7 0.95 4.6 0.98700
0.7 0.95 4.5 0.98859
0.7 0.95 4.4 0.98964
0.7 0.95 4.3 0.99041
0.7 0.95 4.2 0.99102
0.7 0.95 4.1 0.99141
0.7 0.95 4.0 0.99182
0.7 0.95 3.9 0.99215
0.7 0.95 3.8 0.99245
0.7 0.95 3.7 0.99272
0.7 0.95 3.6 0.99299
0.7 0.95 3.5 0.99328
0.7 0.95 3.4 0.99354
0.7 0.95 3.3 0.99376
0.7 0.95 3.2 0.99394
0.7 0.95 3.1 0.99416
0.7 0.95 3.0 0.99436
0.7 0.95 2.9 0.99453
0.7 0.95 2.8 0.99470
0.7 0.95 2.7 0.99487
0.7 0.95 2.6 0.99504
0.7 0.95 2.5 0.99527
0.7 0.95 2.4 0.99545
0.7 0.95 2.3 0.99562
0.7 0.95 2.2 0.99577
0.7 0.95 2.1 0.99596
0.7 0.95 2.0 0.99614
0.7 0.95 1.9 0.99639
0.7 0.95 1.8 0.99664
0.7 0.95 1.7 0.99692
0.7 0.95 1.6 0.99712
0.7 0.95 1.5 0.99727
0.7 0.95 1.4 0.99740
0.7 0.95 1.3 0.99755
0.7 0.95 1.2 0.99811
0.7 0.95 1.1 0.99880
0.7 0.95 1.0 0.99893
0.7 0.95 0.9 0.99906
0.7 0.95 0.8 0.99929
0.7 0.95 0.7 0.99942
0.7 0.95 0.6 0.99952
0.7 0.95 0.5 0.99975
0.7 0.95 0.4 0.99990
0.7 0.95 0.3 0.99994
0.7 0.95 0.2 0.99998
0.7 0.95 0.1 1.00000
0.7 0.90 4.6 0.95777
0.7 0.90 4.5 0.97213
0.7 0.90 4.4 0.97715
0.7 0.90 4.3 0.97921
0.7 0.90 4.2 0.98070
0.7 0.90 4.1 0.98170
0.7 0.90 4.0 0.98254
0.7 0.90 3.9 0.98317
0.7 0.90 3.8 0.98383
0.7 0.90 3.7 0.98447
0.7 0.90 3.6 0.98512
0.7 0.90 3.5 0.98572
0.7 0.90 3.4 0.98624
0.7 0.90 3.3 0.98672
0.7 0.90 3.2 0.98717
0.7 0.90 3.1 0.98769
0.7 0.90 3.0 0.98813
0.7 0.90 2.9 0.98855
0.7 0.90 2.8 0.98896
0.7 0.90 2.7 0.98935
0.7 0.90 2.6 0.98978
0.7 0.90 2.5 0.99023
0.7 0.90 2.4 0.99070
0.7 0.90 2.3 0.99125
0.7 0.90 2.2 0.99177
0.7 0.90 2.1 0.99221
0.7 0.90 2.0 0.99260
0.7 0.90 1.9 0.99300
0.7 0.90 1.8 0.99348
0.7 0.90 1.7 0.99488
0.7 0.90 1.6 0.99534
0.7 0.90 1.5 0.99566
0.7 0.90 1.4 0.99594
0.7 0.90 1.3 0.99628
0.7 0.90 1.2 0.99699
0.7 0.90 1.1 0.99794
0.7 0.90 1.0 0.99826
0.7 0.90 0.9 0.99854
0.7 0.90 0.8 0.99888
0.7 0.90 0.7 0.99919
0.7 0.90 0.6 0.99937
0.7 0.90 0.5 0.99963
0.7 0.90 0.4 0.99984
0.7 0.90 0.3 0.99991
0.7 0.90 0.2 0.99997
0.7 0.90 0.1 1.00000
0.7 0.85 4.3 0.95728
0.7 0.85 4.2 0.96347
0.7 0.85 4.1 0.96647
0.7 0.85 4.0 0.96880
0.7 0.85 3.9 0.97038
0.7 0.85 3.8 0.97179
0.7 0.85 3.7 0.97320
0.7 0.85 3.6 0.97465
0.7 0.85 3.5 0.97592
0.7 0.85 3.4 0.97698
0.7 0.85 3.3 0.97814
0.7 0.85 3.2 0.97916
0.7 0.85 3.1 0.98025
0.7 0.85 3.0 0.98121
0.7 0.85 2.9 0.98208
0.7 0.85 2.8 0.98293
0.7 0.85 2.7 0.98375
0.7 0.85 2.6 0.98454
0.7 0.85 2.5 0.98532
0.7 0.85 2.4 0.98615
0.7 0.85 2.3 0.98717
0.7 0.85 2.2 0.98800
0.7 0.85 2.1 0.98875
0.7 0.85 2.0 0.98945
0.7 0.85 1.9 0.99016
0.7 0.85 1.8 0.99090
0.7 0.85 1.7 0.99265
0.7 0.85 1.6 0.99359
0.7 0.85 1.5 0.99422
0.7 0.85 1.4 0.99474
0.7 0.85 1.3 0.99529
0.7 0.85 1.2 0.99611
0.7 0.85 1.1 0.99713
0.7 0.85 1.0 0.99765
0.7 0.85 0.9 0.99808
0.7 0.85 0.8 0.99853
0.7 0.85 0.7 0.99892
0.7 0.85 0.6 0.99919
0.7 0.85 0.5 0.99951
0.7 0.85 0.4 0.99976
0.7 0.85 0.3 0.99988
0.7 0.85 0.2 0.99996
0.7 0.85 0.1 1.00000
0.7 0.80 3.8 0.95220
0.7 0.80 3.7 0.95482
0.7 0.80 3.6 0.95751
0.7 0.80 3.5 0.96007
0.7 0.80 3.4 0.96232
0.7 0.80 3.3 0.96446
0.7 0.80 3.2 0.96637
0.7 0.80 3.1 0.96835
0.7 0.80 3.0 0.97029
0.7 0.80 2.9 0.97215
0.7 0.80 2.8 0.97388
0.7 0.80 2.7 0.97538
0.7 0.80 2.6 0.97669
0.7 0.80 2.5 0.97785
0.7 0.80 2.4 0.97897
0.7 0.80 2.3 0.98030
0.7 0.80 2.2 0.98146
0.7 0.80 2.1 0.98255
0.7 0.80 2.0 0.98368
0.7 0.80 1.9 0.98477
0.7 0.80 1.8 0.98587
0.7 0.80 1.7 0.98779
0.7 0.80 1.6 0.98973
0.7 0.80 1.5 0.99152
0.7 0.80 1.4 0.99240
0.7 0.80 1.3 0.99331
0.7 0.80 1.2 0.99436
0.7 0.80 1.1 0.99559
0.7 0.80 1.0 0.99639
0.7 0.80 0.9 0.99708
0.7 0.80 0.8 0.99781
0.7 0.80 0.7 0.99847
0.7 0.80 0.6 0.99891
0.7 0.80 0.5 0.99935
0.7 0.80 0.4 0.99967
0.7 0.80 0.3 0.99985
0.7 0.80 0.2 0.99995
0.7 0.80 0.1 1.00000
0.7 0.75 3.1 0.95010
0.7 0.75 3.0 0.95309
0.7 0.75 2.9 0.95595
0.7 0.75 2.8 0.95875
0.7 0.75 2.7 0.96137
0.7 0.75 2.6 0.96368
0.7 0.75 2.5 0.96569
0.7 0.75 2.4 0.96758
0.7 0.75 2.3 0.96998
0.7 0.75 2.2 0.97185
0.7 0.75 2.1 0.97364
0.7 0.75 2.0 0.97552
0.7 0.75 1.9 0.97746
0.7 0.75 1.8 0.97931
0.7 0.75 1.7 0.98177
0.7 0.75 1.6 0.98417
0.7 0.75 1.5 0.98697
0.7 0.75 1.4 0.98862
0.7 0.75 1.3 0.99014
0.7 0.75 1.2 0.99171
0.7 0.75 1.1 0.99331
0.7 0.75 1.0 0.99450
0.7 0.75 0.9 0.99563
0.7 0.75 0.8 0.99673
0.7 0.75 0.7 0.99778
0.7 0.75 0.6 0.99851
0.7 0.75 0.5 0.99915
0.7 0.75 0.4 0.99957
0.7 0.75 0.3 0.99982
0.7 0.75 0.2 0.99994
0.7 0.75 0.1 0.99999
0.7 0.70 2.3 0.95058
0.7 0.70 2.2 0.95407
0.7 0.70 2.1 0.95768
0.7 0.70 2.0 0.96151
0.7 0.70 1.9 0.96506
0.7 0.70 1.8 0.96849
0.7 0.70 1.7 0.97226
0.7 0.70 1.6 0.97576
0.7 0.70 1.5 0.97943
0.7 0.70 1.4 0.98208
0.7 0.70 1.3 0.98457
0.7 0.70 1.2 0.98707
0.7 0.70 1.1 0.98972
0.7 0.70 1.0 0.99167
0.7 0.70 0.9 0.99348
0.7 0.70 0.8 0.99515
0.7 0.70 0.7 0.99662
0.7 0.70 0.6 0.99783
0.7 0.70 0.5 0.99881
0.7 0.70 0.4 0.99943
0.7 0.70 0.3 0.99978
0.7 0.70 0.2 0.99994
0.7 0.70 0.1 0.99999
0.7 0.65 1.7 0.95527
0.7 0.65 1.6 0.96081
0.7 0.65 1.5 0.96621
0.7 0.65 1.4 0.97074
0.7 0.65 1.3 0.97500
0.7 0.65 1.2 0.97912
0.7 0.65 1.1 0.98310
0.7 0.65 1.0 0.98671
0.7 0.65 0.9 0.98974
0.7 0.65 0.8 0.99251
0.7 0.65 0.7 0.99486
0.7 0.65 0.6 0.99670
0.7 0.65 0.5 0.99812
0.7 0.65 0.4 0.99917
0.7 0.65 0.3 0.99966
0.7 0.65 0.2 0.99993
0.7 0.65 0.1 0.99999
0.7 0.60 1.4 0.95037
0.7 0.60 1.3 0.95758
0.7 0.60 1.2 0.96442
0.7 0.60 1.1 0.97094
0.7 0.60 1.0 0.97705
0.7 0.60 0.9 0.98238
0.7 0.60 0.8 0.98704
0.7 0.60 0.7 0.99092
0.7 0.60 0.6 0.99413
0.7 0.60 0.5 0.99659
0.7 0.60 0.4 0.99863
0.7 0.60 0.3 0.99948
0.7 0.60 0.2 0.99991
0.7 0.60 0.1 0.99999
0.7 0.55 1.0 0.95969
0.7 0.55 0.9 0.96907
0.7 0.55 0.8 0.97738
0.7 0.55 0.7 0.98383
0.7 0.55 0.6 0.98924
0.7 0.55 0.5 0.99392
0.7 0.55 0.4 0.99774
0.7 0.55 0.3 0.99925
0.7 0.55 0.2 0.99987
0.7 0.55 0.1 0.99999
0.7 0.50 0.8 0.96064
0.7 0.50 0.7 0.97172
0.7 0.50 0.6 0.98107
0.7 0.50 0.5 0.98915
0.7 0.50 0.4 0.99575
0.7 0.50 0.3 0.99861
0.7 0.50 0.2 0.99978
0.7 0.50 0.1 0.99999
0.7 0.45 0.6 0.96581
0.7 0.45 0.5 0.97957
0.7 0.45 0.4 0.99107
0.7 0.45 0.3 0.99689
0.7 0.45 0.2 0.99952
0.7 0.45 0.1 0.99999
0.7 0.40 0.5 0.96187
0.7 0.40 0.4 0.98129
0.7 0.40 0.3 0.99302
0.7 0.40 0.2 0.99867
0.7 0.40 0.1 0.99995
0.7 0.35 0.4 0.96637
0.7 0.35 0.3 0.98598
0.7 0.35 0.2 0.99687
0.7 0.35 0.1 0.99986
0.7 0.30 0.3 0.97604
0.7 0.30 0.2 0.99368
0.7 0.30 0.1 0.99958
0.8 0.95 4.8 0.97138
0.8 0.95 4.7 0.98502
0.8 0.95 4.6 0.98852
0.8 0.95 4.5 0.98965
0.8 0.95 4.4 0.99034
0.8 0.95 4.3 0.99084
0.8 0.95 4.2 0.99131
0.8 0.95 4.1 0.99162
0.8 0.95 4.0 0.99198
0.8 0.95 3.9 0.99227
0.8 0.95 3.8 0.99253
0.8 0.95 3.7 0.99278
0.8 0.95 3.6 0.99301
0.8 0.95 3.5 0.99329
0.8 0.95 3.4 0.99354
0.8 0.95 3.3 0.99375
0.8 0.95 3.2 0.99392
0.8 0.95 3.1 0.99413
0.8 0.95 3.0 0.99434
0.8 0.95 2.9 0.99450
0.8 0.95 2.8 0.99467
0.8 0.95 2.7 0.99484
0.8 0.95 2.6 0.99501
0.8 0.95 2.5 0.99523
0.8 0.95 2.4 0.99540
0.8 0.95 2.3 0.99558
0.8 0.95 2.2 0.99572
0.8 0.95 2.1 0.99591
0.8 0.95 2.0 0.99608
0.8 0.95 1.9 0.99633
0.8 0.95 1.8 0.99658
0.8 0.95 1.7 0.99686
0.8 0.95 1.6 0.99705
0.8 0.95 1.5 0.99720
0.8 0.95 1.4 0.99733
0.8 0.95 1.3 0.99748
0.8 0.95 1.2 0.99807
0.8 0.95 1.1 0.99878
0.8 0.95 1.0 0.99892
0.8 0.95 0.9 0.99905
0.8 0.95 0.8 0.99928
0.8 0.95 0.7 0.99941
0.8 0.95 0.6 0.99951
0.8 0.95 0.5 0.99975
0.8 0.95 0.4 0.99990
0.8 0.95 0.3 0.99994
0.8 0.95 0.2 0.99998
0.8 0.95 0.1 1.00000
0.8 0.90 4.6 0.95994
0.8 0.90 4.5 0.97396
0.8 0.90 4.4 0.97845
0.8 0.90 4.3 0.98006
0.8 0.90 4.2 0.98123
0.8 0.90 4.1 0.98205
0.8 0.90 4.0 0.98277
0.8 0.90 3.9 0.98331
0.8 0.90 3.8 0.98389
0.8 0.90 3.7 0.98442
0.8 0.90 3.6 0.98501
0.8 0.90 3.5 0.98560
0.8 0.90 3.4 0.98609
0.8 0.90 3.3 0.98654
0.8 0.90 3.2 0.98698
0.8 0.90 3.1 0.98745
0.8 0.90 3.0 0.98789
0.8 0.90 2.9 0.98830
0.8 0.90 2.8 0.98871
0.8 0.90 2.7 0.98910
0.8 0.90 2.6 0.98953
0.8 0.90 2.5 0.98999
0.8 0.90 2.4 0.99046
0.8 0.90 2.3 0.99103
0.8 0.90 2.2 0.99157
0.8 0.90 2.1 0.99201
0.8 0.90 2.0 0.99239
0.8 0.90 1.9 0.99279
0.8 0.90 1.8 0.99325
0.8 0.90 1.7 0.99473
0.8 0.90 1.6 0.99519
0.8 0.90 1.5 0.99551
0.8 0.90 1.4 0.99579
0.8 0.90 1.3 0.99612
0.8 0.90 1.2 0.99685
0.8 0.90 1.1 0.99786
0.8 0.90 1.0 0.99819
0.8 0.90 0.9 0.99849
0.8 0.90 0.8 0.99884
0.8 0.90 0.7 0.99916
0.8 0.90 0.6 0.99934
0.8 0.90 0.5 0.99962
0.8 0.90 0.4 0.99983
0.8 0.90 0.3 0.99991
0.8 0.90 0.2 0.99997
0.8 0.90 0.1 1.00000
0.8 0.85 4.3 0.95904
0.8 0.85 4.2 0.96484
0.8 0.85 4.1 0.96750
0.8 0.85 4.0 0.96957
0.8 0.85 3.9 0.97097
0.8 0.85 3.8 0.97224
0.8 0.85 3.7 0.97350
0.8 0.85 3.6 0.97482
0.8 0.85 3.5 0.97603
0.8 0.85 3.4 0.97704
0.8 0.85 3.3 0.97807
0.8 0.85 3.2 0.97902
0.8 0.85 3.1 0.98002
0.8 0.85 3.0 0.98093
0.8 0.85 2.9 0.98175
0.8 0.85 2.8 0.98257
0.8 0.85 2.7 0.98337
0.8 0.85 2.6 0.98416
0.8 0.85 2.5 0.98493
0.8 0.85 2.4 0.98575
0.8 0.85 2.3 0.98681
0.8 0.85 2.2 0.98765
0.8 0.85 2.1 0.98841
0.8 0.85 2.0 0.98910
0.8 0.85 1.9 0.98981
0.8 0.85 1.8 0.99053
0.8 0.85 1.7 0.99239
0.8 0.85 1.6 0.99336
0.8 0.85 1.5 0.99400
0.8 0.85 1.4 0.99451
0.8 0.85 1.3 0.99506
0.8 0.85 1.2 0.99589
0.8 0.85 1.1 0.99699
0.8 0.85 1.0 0.99753
0.8 0.85 0.9 0.99798
0.8 0.85 0.8 0.99846
0.8 0.85 0.7 0.99886
0.8 0.85 0.6 0.99915
0.8 0.85 0.5 0.99948
0.8 0.85 0.4 0.99975
0.8 0.85 0.3 0.99987
0.8 0.85 0.2 0.99996
0.8 0.85 0.1 1.00000
0.8 0.80 3.8 0.95264
0.8 0.80 3.7 0.95495
0.8 0.80 3.6 0.95742
0.8 0.80 3.5 0.95987
0.8 0.80 3.4 0.96202
0.8 0.80 3.3 0.96397
0.8 0.80 3.2 0.96575
0.8 0.80 3.1 0.96763
0.8 0.80 3.0 0.96948
0.8 0.80 2.9 0.97126
0.8 0.80 2.8 0.97293
0.8 0.80 2.7 0.97441
0.8 0.80 2.6 0.97574
0.8 0.80 2.5 0.97689
0.8 0.80 2.4 0.97799
0.8 0.80 2.3 0.97935
0.8 0.80 2.2 0.98052
0.8 0.80 2.1 0.98163
0.8 0.80 2.0 0.98279
0.8 0.80 1.9 0.98390
0.8 0.80 1.8 0.98499
0.8 0.80 1.7 0.98704
0.8 0.80 1.6 0.98913
0.8 0.80 1.5 0.99106
0.8 0.80 1.4 0.99196
0.8 0.80 1.3 0.99290
0.8 0.80 1.2 0.99399
0.8 0.80 1.1 0.99529
0.8 0.80 1.0 0.99614
0.8 0.80 0.9 0.99687
0.8 0.80 0.8 0.99765
0.8 0.80 0.7 0.99837
0.8 0.80 0.6 0.99883
0.8 0.80 0.5 0.99930
0.8 0.80 0.4 0.99964
0.8 0.80 0.3 0.99984
0.8 0.80 0.2 0.99995
0.8 0.80 0.1 0.99999
0.8 0.75 3.0 0.95182
0.8 0.75 2.9 0.95458
0.8 0.75 2.8 0.95727
0.8 0.75 2.7 0.95985
0.8 0.75 2.6 0.96217
0.8 0.75 2.5 0.96420
0.8 0.75 2.4 0.96604
0.8 0.75 2.3 0.96824
0.8 0.75 2.2 0.97012
0.8 0.75 2.1 0.97193
0.8 0.75 2.0 0.97389
0.8 0.75 1.9 0.97589
0.8 0.75 1.8 0.97778
0.8 0.75 1.7 0.98041
0.8 0.75 1.6 0.98300
0.8 0.75 1.5 0.98605
0.8 0.75 1.4 0.98780
0.8 0.75 1.3 0.98938
0.8 0.75 1.2 0.99105
0.8 0.75 1.1 0.99277
0.8 0.75 1.0 0.99404
0.8 0.75 0.9 0.99527
0.8 0.75 0.8 0.99646
0.8 0.75 0.7 0.99760
0.8 0.75 0.6 0.99839
0.8 0.75 0.5 0.99908
0.8 0.75 0.4 0.99953
0.8 0.75 0.3 0.99981
0.8 0.75 0.2 0.99994
0.8 0.75 0.1 0.99999
0.8 0.70 2.2 0.95128
0.8 0.70 2.1 0.95494
0.8 0.70 2.0 0.95889
0.8 0.70 1.9 0.96255
0.8 0.70 1.8 0.96607
0.8 0.70 1.7 0.97007
0.8 0.70 1.6 0.97382
0.8 0.70 1.5 0.97781
0.8 0.70 1.4 0.98062
0.8 0.70 1.3 0.98326
0.8 0.70 1.2 0.98594
0.8 0.70 1.1 0.98882
0.8 0.70 1.0 0.99092
0.8 0.70 0.9 0.99289
0.8 0.70 0.8 0.99471
0.8 0.70 0.7 0.99633
0.8 0.70 0.6 0.99764
0.8 0.70 0.5 0.99870
0.8 0.70 0.4 0.99937
0.8 0.70 0.3 0.99975
0.8 0.70 0.2 0.99993
0.8 0.70 0.1 0.99999
0.8 0.65 1.7 0.95170
0.8 0.65 1.6 0.95760
0.8 0.65 1.5 0.96341
0.8 0.65 1.4 0.96823
0.8 0.65 1.3 0.97279
0.8 0.65 1.2 0.97721
0.8 0.65 1.1 0.98151
0.8 0.65 1.0 0.98544
0.8 0.65 0.9 0.98876
0.8 0.65 0.8 0.99179
0.8 0.65 0.7 0.99438
0.8 0.65 0.6 0.99638
0.8 0.65 0.5 0.99793
0.8 0.65 0.4 0.99910
0.8 0.65 0.3 0.99963
0.8 0.65 0.2 0.99992
0.8 0.65 0.1 0.99999
0.8 0.60 1.3 0.95398
0.8 0.60 1.2 0.96131
0.8 0.60 1.1 0.96828
0.8 0.60 1.0 0.97488
0.8 0.60 0.9 0.98071
0.8 0.60 0.8 0.98581
0.8 0.60 0.7 0.99004
0.8 0.60 0.6 0.99354
0.8 0.60 0.5 0.99624
0.8 0.60 0.4 0.99850
0.8 0.60 0.3 0.99943
0.8 0.60 0.2 0.99990
0.8 0.60 0.1 0.99999
0.8 0.55 1.0 0.95621
0.8 0.55 0.9 0.96639
0.8 0.55 0.8 0.97541
0.8 0.55 0.7 0.98238
0.8 0.55 0.6 0.98824
0.8 0.55 0.5 0.99334
0.8 0.55 0.4 0.99755
0.8 0.55 0.3 0.99918
0.8 0.55 0.2 0.99986
0.8 0.55 0.1 0.99999
0.8 0.50 0.8 0.95798
0.8 0.50 0.7 0.96972
0.8 0.50 0.6 0.97967
0.8 0.50 0.5 0.98835
0.8 0.50 0.4 0.99549
0.8 0.50 0.3 0.99854
0.8 0.50 0.2 0.99977
0.8 0.50 0.1 0.99999
0.8 0.45 0.6 0.96406
0.8 0.45 0.5 0.97855
0.8 0.45 0.4 0.99068
0.8 0.45 0.3 0.99676
0.8 0.45 0.2 0.99951
0.8 0.45 0.1 0.99998
0.8 0.40 0.5 0.96090
0.8 0.40 0.4 0.98087
0.8 0.40 0.3 0.99286
0.8 0.40 0.2 0.99865
0.8 0.40 0.1 0.99995
0.8 0.35 0.4 0.96654
0.8 0.35 0.3 0.98611
0.8 0.35 0.2 0.99690
0.8 0.35 0.1 0.99986
0.8 0.30 0.4 0.95133
0.8 0.30 0.3 0.97721
0.8 0.30 0.2 0.99405
0.8 0.30 0.1 0.99959
0.9 0.95 4.8 0.97410
0.9 0.95 4.7 0.98695
0.9 0.95 4.6 0.98967
0.9 0.95 4.5 0.99046
0.9 0.95 4.4 0.99097
0.9 0.95 4.3 0.99135
0.9 0.95 4.2 0.99169
0.9 0.95 4.1 0.99197
0.9 0.95 4.0 0.99231
0.9 0.95 3.9 0.99260
0.9 0.95 3.8 0.99286
0.9 0.95 3.7 0.99309
0.9 0.95 3.6 0.99331
0.9 0.95 3.5 0.99358
0.9 0.95 3.4 0.99382
0.9 0.95 3.3 0.99402
0.9 0.95 3.2 0.99419
0.9 0.95 3.1 0.99439
0.9 0.95 3.0 0.99458
0.9 0.95 2.9 0.99474
0.9 0.95 2.8 0.99489
0.9 0.95 2.7 0.99505
0.9 0.95 2.6 0.99522
0.9 0.95 2.5 0.99541
0.9 0.95 2.4 0.99559
0.9 0.95 2.3 0.99576
0.9 0.95 2.2 0.99591
0.9 0.95 2.1 0.99610
0.9 0.95 2.0 0.99624
0.9 0.95 1.9 0.99644
0.9 0.95 1.8 0.99666
0.9 0.95 1.7 0.99692
0.9 0.95 1.6 0.99712
0.9 0.95 1.5 0.99726
0.9 0.95 1.4 0.99738
0.9 0.95 1.3 0.99753
0.9 0.95 1.2 0.99812
0.9 0.95 1.1 0.99887
0.9 0.95 1.0 0.99900
0.9 0.95 0.9 0.99913
0.9 0.95 0.8 0.99936
0.9 0.95 0.7 0.99950
0.9 0.95 0.6 0.99959
0.9 0.95 0.5 0.99982
0.9 0.95 0.4 0.99990
0.9 0.95 0.3 0.99995
0.9 0.95 0.2 0.99999
0.9 0.95 0.1 1.00000
0.9 0.90 4.6 0.96212
0.9 0.90 4.5 0.97563
0.9 0.90 4.4 0.97969
0.9 0.90 4.3 0.98102
0.9 0.90 4.2 0.98198
0.9 0.90 4.1 0.98269
0.9 0.90 4.0 0.98335
0.9 0.90 3.9 0.98385
0.9 0.90 3.8 0.98441
0.9 0.90 3.7 0.98492
0.9 0.90 3.6 0.98546
0.9 0.90 3.5 0.98602
0.9 0.90 3.4 0.98650
0.9 0.90 3.3 0.98693
0.9 0.90 3.2 0.98734
0.9 0.90 3.1 0.98778
0.9 0.90 3.0 0.98819
0.9 0.90 2.9 0.98857
0.9 0.90 2.8 0.98896
0.9 0.90 2.7 0.98934
0.9 0.90 2.6 0.98976
0.9 0.90 2.5 0.99015
0.9 0.90 2.4 0.99061
0.9 0.90 2.3 0.99116
0.9 0.90 2.2 0.99170
0.9 0.90 2.1 0.99214
0.9 0.90 2.0 0.99249
0.9 0.90 1.9 0.99283
0.9 0.90 1.8 0.99324
0.9 0.90 1.7 0.99480
0.9 0.90 1.6 0.99526
0.9 0.90 1.5 0.99557
0.9 0.90 1.4 0.99584
0.9 0.90 1.3 0.99615
0.9 0.90 1.2 0.99688
0.9 0.90 1.1 0.99792
0.9 0.90 1.0 0.99826
0.9 0.90 0.9 0.99856
0.9 0.90 0.8 0.99893
0.9 0.90 0.7 0.99925
0.9 0.90 0.6 0.99943
0.9 0.90 0.5 0.99970
0.9 0.90 0.4 0.99983
0.9 0.90 0.3 0.99991
0.9 0.90 0.2 0.99997
0.9 0.90 0.1 1.00000
0.9 0.85 4.3 0.96176
0.9 0.85 4.2 0.96722
0.9 0.85 4.1 0.96946
0.9 0.85 4.0 0.97122
0.9 0.85 3.9 0.97243
0.9 0.85 3.8 0.97354
0.9 0.85 3.7 0.97464
0.9 0.85 3.6 0.97582
0.9 0.85 3.5 0.97694
0.9 0.85 3.4 0.97785
0.9 0.85 3.3 0.97875
0.9 0.85 3.2 0.97963
0.9 0.85 3.1 0.98057
0.9 0.85 3.0 0.98137
0.9 0.85 2.9 0.98213
0.9 0.85 2.8 0.98292
0.9 0.85 2.7 0.98368
0.9 0.85 2.6 0.98444
0.9 0.85 2.5 0.98511
0.9 0.85 2.4 0.98586
0.9 0.85 2.3 0.98690
0.9 0.85 2.2 0.98773
0.9 0.85 2.1 0.98846
0.9 0.85 2.0 0.98909
0.9 0.85 1.9 0.98973
0.9 0.85 1.8 0.99038
0.9 0.85 1.7 0.99236
0.9 0.85 1.6 0.99336
0.9 0.85 1.5 0.99400
0.9 0.85 1.4 0.99450
0.9 0.85 1.3 0.99502
0.9 0.85 1.2 0.99587
0.9 0.85 1.1 0.99699
0.9 0.85 1.0 0.99757
0.9 0.85 0.9 0.99803
0.9 0.85 0.8 0.99851
0.9 0.85 0.7 0.99892
0.9 0.85 0.6 0.99921
0.9 0.85 0.5 0.99954
0.9 0.85 0.4 0.99974
0.9 0.85 0.3 0.99987
0.9 0.85 0.2 0.99996
0.9 0.85 0.1 1.00000
0.9 0.80 3.9 0.95229
0.9 0.80 3.8 0.95459
0.9 0.80 3.7 0.95656
0.9 0.80 3.6 0.95871
0.9 0.80 3.5 0.96095
0.9 0.80 3.4 0.96291
0.9 0.80 3.3 0.96467
0.9 0.80 3.2 0.96632
0.9 0.80 3.1 0.96802
0.9 0.80 3.0 0.96962
0.9 0.80 2.9 0.97123
0.9 0.80 2.8 0.97282
0.9 0.80 2.7 0.97423
0.9 0.80 2.6 0.97550
0.9 0.80 2.5 0.97656
0.9 0.80 2.4 0.97758
0.9 0.80 2.3 0.97894
0.9 0.80 2.2 0.98011
0.9 0.80 2.1 0.98121
0.9 0.80 2.0 0.98233
0.9 0.80 1.9 0.98338
0.9 0.80 1.8 0.98439
0.9 0.80 1.7 0.98653
0.9 0.80 1.6 0.98880
0.9 0.80 1.5 0.99088
0.9 0.80 1.4 0.99179
0.9 0.80 1.3 0.99274
0.9 0.80 1.2 0.99387
0.9 0.80 1.1 0.99518
0.9 0.80 1.0 0.99607
0.9 0.80 0.9 0.99684
0.9 0.80 0.8 0.99764
0.9 0.80 0.7 0.99837
0.9 0.80 0.6 0.99884
0.9 0.80 0.5 0.99933
0.9 0.80 0.4 0.99963
0.9 0.80 0.3 0.99984
0.9 0.80 0.2 0.99995
0.9 0.80 0.1 1.00000
0.9 0.75 3.0 0.95192
0.9 0.75 2.9 0.95445
0.9 0.75 2.8 0.95696
0.9 0.75 2.7 0.95940
0.9 0.75 2.6 0.96161
0.9 0.75 2.5 0.96351
0.9 0.75 2.4 0.96520
0.9 0.75 2.3 0.96727
0.9 0.75 2.2 0.96915
0.9 0.75 2.1 0.97093
0.9 0.75 2.0 0.97281
0.9 0.75 1.9 0.97469
0.9 0.75 1.8 0.97650
0.9 0.75 1.7 0.97920
0.9 0.75 1.6 0.98200
0.9 0.75 1.5 0.98538
0.9 0.75 1.4 0.98723
0.9 0.75 1.3 0.98886
0.9 0.75 1.2 0.99063
0.9 0.75 1.1 0.99241
0.9 0.75 1.0 0.99377
0.9 0.75 0.9 0.99509
0.9 0.75 0.8 0.99635
0.9 0.75 0.7 0.99754
0.9 0.75 0.6 0.99833
0.9 0.75 0.5 0.99906
0.9 0.75 0.4 0.99950
0.9 0.75 0.3 0.99980
0.9 0.75 0.2 0.99993
0.9 0.75 0.1 0.99999
0.9 0.70 2.2 0.95026
0.9 0.70 2.1 0.95354
0.9 0.70 2.0 0.95702
0.9 0.70 1.9 0.96046
0.9 0.70 1.8 0.96381
0.9 0.70 1.7 0.96784
0.9 0.70 1.6 0.97185
0.9 0.70 1.5 0.97619
0.9 0.70 1.4 0.97917
0.9 0.70 1.3 0.98194
0.9 0.70 1.2 0.98482
0.9 0.70 1.1 0.98793
0.9 0.70 1.0 0.99021
0.9 0.70 0.9 0.99234
0.9 0.70 0.8 0.99431
0.9 0.70 0.7 0.99605
0.9 0.70 0.6 0.99745
0.9 0.70 0.5 0.99861
0.9 0.70 0.4 0.99931
0.9 0.70 0.3 0.99973
0.9 0.70 0.2 0.99992
0.9 0.70 0.1 0.99999
0.9 0.65 1.6 0.95432
0.9 0.65 1.5 0.96053
0.9 0.65 1.4 0.96559
0.9 0.65 1.3 0.97037
0.9 0.65 1.2 0.97512
0.9 0.65 1.1 0.97977
0.9 0.65 1.0 0.98407
0.9 0.65 0.9 0.98769
0.9 0.65 0.8 0.99102
0.9 0.65 0.7 0.99385
0.9 0.65 0.6 0.99603
0.9 0.65 0.5 0.99773
0.9 0.65 0.4 0.99900
0.9 0.65 0.3 0.99959
0.9 0.65 0.2 0.99991
0.9 0.65 0.1 0.99999
0.9 0.60 1.3 0.95000
0.9 0.60 1.2 0.95783
0.9 0.60 1.1 0.96527
0.9 0.60 1.0 0.97237
0.9 0.60 0.9 0.97872
0.9 0.60 0.8 0.98430
0.9 0.60 0.7 0.98897
0.9 0.60 0.6 0.99281
0.9 0.60 0.5 0.99578
0.9 0.60 0.4 0.99832
0.9 0.60 0.3 0.99936
0.9 0.60 0.2 0.99989
0.9 0.60 0.1 0.99999
0.9 0.55 1.0 0.95230
0.9 0.55 0.9 0.96330
0.9 0.55 0.8 0.97311
0.9 0.55 0.7 0.98070
0.9 0.55 0.6 0.98707
0.9 0.55 0.5 0.99266
0.9 0.55 0.4 0.99729
0.9 0.55 0.3 0.99910
0.9 0.55 0.2 0.99985
0.9 0.55 0.1 0.99999
0.9 0.50 0.8 0.95554
0.9 0.50 0.7 0.96787
0.9 0.50 0.6 0.97837
0.9 0.50 0.5 0.98760
0.9 0.50 0.4 0.99514
0.9 0.50 0.3 0.99842
0.9 0.50 0.2 0.99975
0.9 0.50 0.1 0.99999
0.9 0.45 0.6 0.96307
0.9 0.45 0.5 0.97789
0.9 0.45 0.4 0.99036
0.9 0.45 0.3 0.99662
0.9 0.45 0.2 0.99948
0.9 0.45 0.1 0.99998
0.9 0.40 0.5 0.96122
0.9 0.40 0.4 0.98101
0.9 0.40 0.3 0.99284
0.9 0.40 0.2 0.99863
0.9 0.40 0.1 0.99996
0.9 0.35 0.4 0.96932
0.9 0.35 0.3 0.98739
0.9 0.35 0.2 0.99713
0.9 0.35 0.1 0.99986
0.9 0.30 0.4 0.95861
0.9 0.30 0.3 0.98111
0.9 0.30 0.2 0.99501
0.9 0.30 0.1 0.99962
