# PAM190
	A	C	D	E	F	G	H	I	K	L	M	N	P	Q	R	S	T	V	W	Y	X
A	3	-3	0	0	-5	1	-2	-1	-2	-3	-2	0	1	-1	-2	1	2	0	-7	-4	0
C	-3	13	-7	-7	-6	-4	-4	-3	-7	-8	-7	-5	-4	-7	-5	0	-3	-3	-9	0	-4
D	0	-7	5	4	-7	0	0	-3	0	-5	-4	3	-2	2	-2	0	-1	-3	-8	-5	-1
E	0	-7	4	5	-7	0	0	-3	-1	-4	-3	2	-1	3	-2	0	-1	-3	-9	-5	-1
F	-5	-6	-7	-7	10	-6	-2	1	-7	2	0	-4	-6	-6	-6	-4	-4	-2	0	7	-3
G	1	-4	0	0	-6	6	-3	-4	-3	-5	-4	0	-1	-2	-4	1	-1	-2	-9	-7	-1
H	-2	-4	0	0	-2	-3	8	-3	-1	-3	-3	2	-1	3	2	-1	-2	-3	-3	0	-1
I	-1	-3	-3	-3	1	-4	-3	6	-3	2	2	-2	-3	-3	-3	-2	0	4	-7	-2	-1
K	-2	-7	0	-1	-7	-3	-1	-3	6	-4	1	1	-2	1	4	0	0	-3	-5	-6	-1
L	-3	-8	-5	-4	2	-5	-3	2	-4	7	4	-4	-3	-2	-4	-4	-2	2	-3	-2	-2
M	-2	-7	-4	-3	0	-4	-3	2	1	4	9	-3	-3	-1	-1	-2	-1	2	-6	-4	-1
N	0	-5	3	2	-4	0	2	-2	1	-4	-3	3	-1	1	-1	1	0	-3	-5	-2	-1
P	1	-4	-2	-1	-6	-1	-1	-3	-2	-3	-3	-1	7	0	0	1	0	-2	-7	-6	-1
Q	-1	-7	2	3	-6	-2	3	-3	1	-2	-1	1	0	6	1	-1	-1	-3	-6	-5	-1
R	-2	-5	-2	-2	-6	-4	2	-3	4	-4	-1	-1	0	1	8	-1	-2	-3	2	-5	-1
S	1	0	0	0	-4	1	-1	-2	0	-4	-2	1	1	-1	-1	3	2	-2	-3	-4	0
T	2	-3	-1	-1	-4	-1	-2	0	0	-2	-1	0	0	-1	-2	2	4	0	-6	-3	0
V	0	-3	-3	-3	-2	-2	-3	4	-3	2	2	-3	-2	-3	-3	-2	0	6	-8	-3	-1
W	-7	-9	-8	-9	0	-9	-3	-7	-5	-3	-6	-5	-7	-6	2	-3	-6	-8	18	-1	-5
Y	-4	0	-5	-5	7	-7	0	-2	-6	-2	-4	-2	-6	-5	-5	-4	-3	-3	-1	11	-3
X	0	-4	-1	-1	-3	-1	-1	-1	-1	-2	-1	-1	-1	-1	-1	0	0	-1	-5	-3	-1
