# PAM150
	A	C	D	E	F	G	H	I	K	L	M	N	P	Q	R	S	T	V	W	Y	X
A	3	-2	0	0	-4	1	-2	-1	-2	-2	-1	0	1	-1	-2	1	1	0	-6	-3	-1
C	-2	9	-6	-6	-5	-4	-3	-2	-6	-6	-5	-4	-3	-6	-4	0	-3	-2	-7	0	-3
D	0	-6	4	3	-6	0	0	-3	-1	-5	-3	2	-2	1	-2	0	-1	-3	-7	-4	-1
E	0	-6	3	4	-6	-1	0	-2	-1	-4	-2	1	-1	2	-2	-1	-1	-2	-7	-4	-1
F	-4	-5	-6	-6	7	-5	-2	0	-6	1	-1	-4	-5	-5	-4	-3	-3	-2	-1	5	-3
G	1	-4	0	-1	-5	4	-3	-3	-2	-4	-3	0	-1	-2	-3	1	-1	-2	-7	-5	-1
H	-2	-3	0	0	-2	-3	6	-3	-1	-2	-3	2	-1	3	1	-1	-2	-3	-3	0	-1
I	-1	-2	-3	-2	0	-3	-3	5	-2	1	2	-2	-3	-3	-2	-2	0	3	-5	-2	-1
K	-2	-6	-1	-1	-6	-2	-1	-2	4	-3	0	1	-2	0	3	-1	0	-3	-4	-4	-1
L	-2	-6	-5	-4	1	-4	-2	1	-3	5	3	-3	-3	-2	-3	-3	-2	1	-2	-2	-2
M	-1	-5	-3	-2	-1	-3	-3	2	0	3	7	-2	-3	-1	-1	-2	-1	1	-5	-3	-1
N	0	-4	2	1	-4	0	2	-2	1	-3	-2	3	-1	0	-1	1	0	-2	-4	-2	-1
P	1	-3	-2	-1	-5	-1	-1	-3	-2	-3	-3	-1	6	0	-1	1	0	-2	-6	-5	-1
Q	-1	-6	1	2	-5	-2	3	-3	0	-2	-1	0	0	5	1	-1	-1	-2	-5	-4	-1
R	-2	-4	-2	-2	-4	-3	1	-2	3	-3	-1	-1	-1	1	6	-1	-2	-3	1	-4	-1
S	1	0	0	-1	-3	1	-1	-2	-1	-3	-2	1	1	-1	-1	2	1	-1	-2	-3	0
T	1	-3	-1	-1	-3	-1	-2	0	0	-2	-1	0	0	-1	-2	1	4	0	-5	-3	-1
V	0	-2	-3	-2	-2	-2	-3	3	-3	1	1	-2	-2	-2	-3	-1	0	4	-6	-3	-1
W	-6	-7	-7	-7	-1	-7	-3	-5	-4	-2	-5	-4	-6	-5	1	-2	-5	-6	12	-1	-4
Y	-3	0	-4	-4	5	-5	0	-2	-4	-2	-3	-2	-5	-4	-4	-3	-3	-3	-1	8	-3
X	-1	-3	-1	-1	-3	-1	-1	-1	-1	-2	-1	-1	-1	-1	-1	0	-1	-1	-4	-3	-1
